{"/Users/rejoelm/Desktop/AI Projects/degen247/src/config.ts": {"path":"/Users/rejoelm/Desktop/AI Projects/degen247/src/config.ts","statementMap":{"0":{"start":{"line":88,"column":0},"end":{"line":88,"column":16}},"1":{"start":{"line":1,"column":0},"end":{"line":1,"column":20}},"2":{"start":{"line":2,"column":0},"end":{"line":2,"column":24}},"3":{"start":{"line":3,"column":0},"end":{"line":3,"column":23}},"4":{"start":{"line":4,"column":0},"end":{"line":4,"column":24}},"5":{"start":{"line":8,"column":18},"end":{"line":22,"column":2}},"6":{"start":{"line":20,"column":39},"end":{"line":20,"column":51}},"7":{"start":{"line":24,"column":25},"end":{"line":51,"column":2}},"8":{"start":{"line":59,"column":25},"end":{"line":59,"column":69}},"9":{"start":{"line":62,"column":0},"end":{"line":67,"column":1}},"10":{"start":{"line":63,"column":2},"end":{"line":63,"column":43}},"11":{"start":{"line":65,"column":2},"end":{"line":65,"column":67}},"12":{"start":{"line":66,"column":2},"end":{"line":66,"column":18}},"13":{"start":{"line":70,"column":2},"end":{"line":75,"column":3}},"14":{"start":{"line":72,"column":21},"end":{"line":72,"column":47}},"15":{"start":{"line":73,"column":4},"end":{"line":73,"column":74}},"16":{"start":{"line":74,"column":4},"end":{"line":74,"column":20}},"17":{"start":{"line":76,"column":2},"end":{"line":82,"column":3}},"18":{"start":{"line":77,"column":16},"end":{"line":77,"column":69}},"19":{"start":{"line":78,"column":4},"end":{"line":78,"column":39}},"20":{"start":{"line":80,"column":4},"end":{"line":80,"column":86}},"21":{"start":{"line":81,"column":4},"end":{"line":81,"column":38}},"22":{"start":{"line":85,"column":13},"end":{"line":85,"column":68}},"23":{"start":{"line":89,"column":20},"end":{"line":89,"column":36}},"24":{"start":{"line":90,"column":2},"end":{"line":90,"column":35}},"25":{"start":{"line":91,"column":2},"end":{"line":91,"column":16}}},"fnMap":{"0":{"name":"(anonymous_1)","decl":{"start":{"line":20,"column":32},"end":{"line":20,"column":33}},"loc":{"start":{"line":20,"column":39},"end":{"line":20,"column":51}}},"1":{"name":"loadUserConfig","decl":{"start":{"line":69,"column":9},"end":{"line":69,"column":23}},"loc":{"start":{"line":69,"column":23},"end":{"line":83,"column":1}}},"2":{"name":"reloadConfig","decl":{"start":{"line":88,"column":16},"end":{"line":88,"column":28}},"loc":{"start":{"line":88,"column":28},"end":{"line":92,"column":1}}}},"branchMap":{"0":{"loc":{"start":{"line":70,"column":2},"end":{"line":75,"column":3}},"type":"if","locations":[{"start":{"line":70,"column":2},"end":{"line":75,"column":3}},{"start":{},"end":{}}]}},"s":{"0":18,"1":18,"2":18,"3":18,"4":18,"5":18,"6":18,"7":18,"8":18,"9":18,"10":18,"11":0,"12":0,"13":18,"14":0,"15":0,"16":0,"17":18,"18":18,"19":18,"20":0,"21":0,"22":18,"23":0,"24":0,"25":0},"f":{"0":18,"1":18,"2":0},"b":{"0":[0,18]}}
,"/Users/rejoelm/Desktop/AI Projects/degen247/src/index.ts": {"path":"/Users/rejoelm/Desktop/AI Projects/degen247/src/index.ts","statementMap":{"0":{"start":{"line":18,"column":0},"end":{"line":18,"column":7}},"1":{"start":{"line":1,"column":0},"end":{"line":1,"column":29}},"2":{"start":{"line":2,"column":0},"end":{"line":2,"column":45}},"3":{"start":{"line":3,"column":0},"end":{"line":3,"column":48}},"4":{"start":{"line":4,"column":0},"end":{"line":4,"column":34}},"5":{"start":{"line":5,"column":0},"end":{"line":5,"column":34}},"6":{"start":{"line":6,"column":0},"end":{"line":6,"column":32}},"7":{"start":{"line":7,"column":0},"end":{"line":7,"column":38}},"8":{"start":{"line":8,"column":0},"end":{"line":8,"column":58}},"9":{"start":{"line":11,"column":0},"end":{"line":11,"column":55}},"10":{"start":{"line":12,"column":0},"end":{"line":12,"column":55}},"11":{"start":{"line":13,"column":0},"end":{"line":13,"column":51}},"12":{"start":{"line":14,"column":0},"end":{"line":14,"column":60}},"13":{"start":{"line":15,"column":0},"end":{"line":15,"column":65}},"14":{"start":{"line":16,"column":0},"end":{"line":16,"column":29}},"15":{"start":{"line":19,"column":2},"end":{"line":19,"column":73}},"16":{"start":{"line":21,"column":2},"end":{"line":23,"column":3}},"17":{"start":{"line":22,"column":4},"end":{"line":22,"column":55}},"18":{"start":{"line":26,"column":13},"end":{"line":26,"column":21}},"19":{"start":{"line":27,"column":2},"end":{"line":27,"column":29}},"20":{"start":{"line":28,"column":2},"end":{"line":28,"column":26}},"21":{"start":{"line":31,"column":21},"end":{"line":31,"column":71}},"22":{"start":{"line":32,"column":17},"end":{"line":32,"column":29}},"23":{"start":{"line":33,"column":24},"end":{"line":33,"column":76}},"24":{"start":{"line":36,"column":2},"end":{"line":36,"column":36}},"25":{"start":{"line":39,"column":2},"end":{"line":39,"column":129}},"26":{"start":{"line":42,"column":2},"end":{"line":46,"column":5}},"27":{"start":{"line":43,"column":4},"end":{"line":43,"column":29}},"28":{"start":{"line":43,"column":22},"end":{"line":43,"column":29}},"29":{"start":{"line":44,"column":4},"end":{"line":45,"column":57}},"30":{"start":{"line":44,"column":10},"end":{"line":44,"column":63}},"31":{"start":{"line":45,"column":21},"end":{"line":45,"column":55}},"32":{"start":{"line":49,"column":2},"end":{"line":53,"column":5}},"33":{"start":{"line":50,"column":4},"end":{"line":50,"column":29}},"34":{"start":{"line":50,"column":22},"end":{"line":50,"column":29}},"35":{"start":{"line":51,"column":4},"end":{"line":52,"column":57}},"36":{"start":{"line":51,"column":10},"end":{"line":51,"column":63}},"37":{"start":{"line":52,"column":21},"end":{"line":52,"column":55}},"38":{"start":{"line":56,"column":2},"end":{"line":59,"column":5}},"39":{"start":{"line":57,"column":4},"end":{"line":58,"column":55}},"40":{"start":{"line":57,"column":10},"end":{"line":57,"column":44}},"41":{"start":{"line":58,"column":21},"end":{"line":58,"column":53}},"42":{"start":{"line":62,"column":2},"end":{"line":65,"column":5}},"43":{"start":{"line":63,"column":4},"end":{"line":64,"column":59}},"44":{"start":{"line":63,"column":10},"end":{"line":63,"column":79}},"45":{"start":{"line":64,"column":21},"end":{"line":64,"column":57}},"46":{"start":{"line":68,"column":2},"end":{"line":75,"column":5}},"47":{"start":{"line":69,"column":4},"end":{"line":74,"column":5}},"48":{"start":{"line":70,"column":16},"end":{"line":70,"column":43}},"49":{"start":{"line":71,"column":6},"end":{"line":71,"column":30}},"50":{"start":{"line":73,"column":6},"end":{"line":73,"column":39}},"51":{"start":{"line":77,"column":2},"end":{"line":77,"column":76}},"52":{"start":{"line":80,"column":2},"end":{"line":84,"column":5}},"53":{"start":{"line":81,"column":4},"end":{"line":81,"column":60}},"54":{"start":{"line":82,"column":4},"end":{"line":82,"column":14}},"55":{"start":{"line":83,"column":4},"end":{"line":83,"column":20}},"56":{"start":{"line":88,"column":0},"end":{"line":93,"column":1}},"57":{"start":{"line":89,"column":2},"end":{"line":92,"column":5}},"58":{"start":{"line":90,"column":4},"end":{"line":90,"column":49}},"59":{"start":{"line":91,"column":4},"end":{"line":91,"column":20}}},"fnMap":{"0":{"name":"bootstrap","decl":{"start":{"line":18,"column":22},"end":{"line":18,"column":31}},"loc":{"start":{"line":18,"column":31},"end":{"line":85,"column":1}}},"1":{"name":"(anonymous_11)","decl":{"start":{"line":42,"column":61},"end":{"line":42,"column":66}},"loc":{"start":{"line":42,"column":72},"end":{"line":46,"column":3}}},"2":{"name":"(anonymous_12)","decl":{"start":{"line":49,"column":60},"end":{"line":49,"column":65}},"loc":{"start":{"line":49,"column":71},"end":{"line":53,"column":3}}},"3":{"name":"(anonymous_13)","decl":{"start":{"line":56,"column":29},"end":{"line":56,"column":34}},"loc":{"start":{"line":56,"column":40},"end":{"line":59,"column":3}}},"4":{"name":"(anonymous_14)","decl":{"start":{"line":62,"column":29},"end":{"line":62,"column":32}},"loc":{"start":{"line":62,"column":34},"end":{"line":65,"column":3}}},"5":{"name":"(anonymous_15)","decl":{"start":{"line":68,"column":50},"end":{"line":68,"column":53}},"loc":{"start":{"line":68,"column":55},"end":{"line":75,"column":3}}},"6":{"name":"(anonymous_16)","decl":{"start":{"line":80,"column":23},"end":{"line":80,"column":26}},"loc":{"start":{"line":80,"column":28},"end":{"line":84,"column":3}}},"7":{"name":"(anonymous_17)","decl":{"start":{"line":89,"column":20},"end":{"line":89,"column":23}},"loc":{"start":{"line":89,"column":26},"end":{"line":92,"column":3}}}},"branchMap":{"0":{"loc":{"start":{"line":21,"column":2},"end":{"line":23,"column":3}},"type":"if","locations":[{"start":{"line":21,"column":2},"end":{"line":23,"column":3}},{"start":{},"end":{}}]},"1":{"loc":{"start":{"line":43,"column":4},"end":{"line":43,"column":29}},"type":"if","locations":[{"start":{"line":43,"column":4},"end":{"line":43,"column":29}},{"start":{},"end":{}}]},"2":{"loc":{"start":{"line":50,"column":4},"end":{"line":50,"column":29}},"type":"if","locations":[{"start":{"line":50,"column":4},"end":{"line":50,"column":29}},{"start":{},"end":{}}]},"3":{"loc":{"start":{"line":88,"column":0},"end":{"line":93,"column":1}},"type":"if","locations":[{"start":{"line":88,"column":0},"end":{"line":93,"column":1}},{"start":{},"end":{}}]}},"s":{"0":1,"1":1,"2":1,"3":1,"4":1,"5":1,"6":1,"7":1,"8":1,"9":1,"10":1,"11":1,"12":1,"13":1,"14":1,"15":1,"16":1,"17":1,"18":1,"19":1,"20":1,"21":1,"22":1,"23":1,"24":1,"25":1,"26":1,"27":0,"28":0,"29":0,"30":0,"31":0,"32":1,"33":0,"34":0,"35":0,"36":0,"37":0,"38":1,"39":0,"40":0,"41":0,"42":1,"43":0,"44":0,"45":0,"46":1,"47":0,"48":0,"49":0,"50":0,"51":1,"52":1,"53":0,"54":0,"55":0,"56":1,"57":0,"58":0,"59":0},"f":{"0":1,"1":0,"2":0,"3":0,"4":0,"5":0,"6":0,"7":0},"b":{"0":[1,0],"1":[0,0],"2":[0,0],"3":[0,1]}}
,"/Users/rejoelm/Desktop/AI Projects/degen247/src/logger.ts": {"path":"/Users/rejoelm/Desktop/AI Projects/degen247/src/logger.ts","statementMap":{"0":{"start":{"line":5,"column":0},"end":{"line":5,"column":16}},"1":{"start":{"line":1,"column":0},"end":{"line":1,"column":34}},"2":{"start":{"line":3,"column":20},"end":{"line":3,"column":24}},"3":{"start":{"line":6,"column":2},"end":{"line":6,"column":16}},"4":{"start":{"line":9,"column":13},"end":{"line":16,"column":2}},"5":{"start":{"line":10,"column":48},"end":{"line":10,"column":79}},"6":{"start":{"line":11,"column":48},"end":{"line":11,"column":79}},"7":{"start":{"line":12,"column":49},"end":{"line":12,"column":81}},"8":{"start":{"line":14,"column":4},"end":{"line":14,"column":89}},"9":{"start":{"line":14,"column":56},"end":{"line":14,"column":89}},"10":{"start":{"line":19,"column":20},"end":{"line":19,"column":79}},"11":{"start":{"line":20,"column":17},"end":{"line":20,"column":70}},"12":{"start":{"line":22,"column":2},"end":{"line":28,"column":3}},"13":{"start":{"line":23,"column":4},"end":{"line":23,"column":26}},"14":{"start":{"line":24,"column":9},"end":{"line":28,"column":3}},"15":{"start":{"line":25,"column":4},"end":{"line":25,"column":25}},"16":{"start":{"line":27,"column":4},"end":{"line":27,"column":24}},"17":{"start":{"line":30,"column":2},"end":{"line":36,"column":3}},"18":{"start":{"line":31,"column":4},"end":{"line":35,"column":5}},"19":{"start":{"line":32,"column":6},"end":{"line":32,"column":52}}},"fnMap":{"0":{"name":"setLogDatabase","decl":{"start":{"line":5,"column":16},"end":{"line":5,"column":30}},"loc":{"start":{"line":5,"column":38},"end":{"line":7,"column":1}}},"1":{"name":"(anonymous_1)","decl":{"start":{"line":10,"column":8},"end":{"line":10,"column":9}},"loc":{"start":{"line":10,"column":48},"end":{"line":10,"column":79}}},"2":{"name":"(anonymous_2)","decl":{"start":{"line":11,"column":8},"end":{"line":11,"column":9}},"loc":{"start":{"line":11,"column":48},"end":{"line":11,"column":79}}},"3":{"name":"(anonymous_3)","decl":{"start":{"line":12,"column":9},"end":{"line":12,"column":10}},"loc":{"start":{"line":12,"column":49},"end":{"line":12,"column":81}}},"4":{"name":"(anonymous_4)","decl":{"start":{"line":13,"column":9},"end":{"line":13,"column":10}},"loc":{"start":{"line":13,"column":48},"end":{"line":15,"column":3}}},"5":{"name":"log","decl":{"start":{"line":18,"column":9},"end":{"line":18,"column":12}},"loc":{"start":{"line":18,"column":62},"end":{"line":37,"column":1}}}},"branchMap":{"0":{"loc":{"start":{"line":14,"column":4},"end":{"line":14,"column":89}},"type":"if","locations":[{"start":{"line":14,"column":4},"end":{"line":14,"column":89}},{"start":{},"end":{}}]},"1":{"loc":{"start":{"line":14,"column":8},"end":{"line":14,"column":54}},"type":"binary-expr","locations":[{"start":{"line":14,"column":8},"end":{"line":14,"column":36}},{"start":{"line":14,"column":40},"end":{"line":14,"column":54}}]},"2":{"loc":{"start":{"line":22,"column":2},"end":{"line":28,"column":3}},"type":"if","locations":[{"start":{"line":22,"column":2},"end":{"line":28,"column":3}},{"start":{"line":24,"column":9},"end":{"line":28,"column":3}}]},"3":{"loc":{"start":{"line":24,"column":9},"end":{"line":28,"column":3}},"type":"if","locations":[{"start":{"line":24,"column":9},"end":{"line":28,"column":3}},{"start":{"line":26,"column":9},"end":{"line":28,"column":3}}]},"4":{"loc":{"start":{"line":30,"column":2},"end":{"line":36,"column":3}},"type":"if","locations":[{"start":{"line":30,"column":2},"end":{"line":36,"column":3}},{"start":{},"end":{}}]},"5":{"loc":{"start":{"line":30,"column":6},"end":{"line":30,"column":36}},"type":"binary-expr","locations":[{"start":{"line":30,"column":6},"end":{"line":30,"column":14}},{"start":{"line":30,"column":18},"end":{"line":30,"column":36}}]}},"s":{"0":16,"1":16,"2":16,"3":0,"4":16,"5":49,"6":10,"7":0,"8":1,"9":0,"10":59,"11":59,"12":59,"13":0,"14":59,"15":10,"16":49,"17":59,"18":0,"19":0},"f":{"0":0,"1":49,"2":10,"3":0,"4":1,"5":59},"b":{"0":[0,1],"1":[1,1],"2":[0,59],"3":[10,49],"4":[0,59],"5":[59,0]}}
,"/Users/rejoelm/Desktop/AI Projects/degen247/src/state.ts": {"path":"/Users/rejoelm/Desktop/AI Projects/degen247/src/state.ts","statementMap":{"0":{"start":{"line":22,"column":13},"end":{"line":35,"column":2}}},"fnMap":{},"branchMap":{},"s":{"0":6},"f":{},"b":{}}
,"/Users/rejoelm/Desktop/AI Projects/degen247/src/wallet.ts": {"path":"/Users/rejoelm/Desktop/AI Projects/degen247/src/wallet.ts","statementMap":{"0":{"start":{"line":8,"column":0},"end":{"line":8,"column":16}},"1":{"start":{"line":24,"column":0},"end":{"line":24,"column":16}},"2":{"start":{"line":28,"column":0},"end":{"line":28,"column":7}},"3":{"start":{"line":34,"column":0},"end":{"line":34,"column":16}},"4":{"start":{"line":1,"column":0},"end":{"line":1,"column":65}},"5":{"start":{"line":2,"column":0},"end":{"line":2,"column":24}},"6":{"start":{"line":3,"column":0},"end":{"line":3,"column":34}},"7":{"start":{"line":4,"column":0},"end":{"line":4,"column":28}},"8":{"start":{"line":6,"column":35},"end":{"line":6,"column":39}},"9":{"start":{"line":9,"column":2},"end":{"line":9,"column":40}},"10":{"start":{"line":9,"column":20},"end":{"line":9,"column":40}},"11":{"start":{"line":11,"column":2},"end":{"line":13,"column":3}},"12":{"start":{"line":12,"column":4},"end":{"line":12,"column":58}},"13":{"start":{"line":15,"column":2},"end":{"line":21,"column":3}},"14":{"start":{"line":16,"column":20},"end":{"line":16,"column":58}},"15":{"start":{"line":17,"column":4},"end":{"line":17,"column":50}},"16":{"start":{"line":18,"column":4},"end":{"line":18,"column":24}},"17":{"start":{"line":20,"column":4},"end":{"line":20,"column":84}},"18":{"start":{"line":25,"column":2},"end":{"line":25,"column":32}},"19":{"start":{"line":29,"column":17},"end":{"line":29,"column":31}},"20":{"start":{"line":30,"column":18},"end":{"line":30,"column":53}},"21":{"start":{"line":31,"column":2},"end":{"line":31,"column":23}},"22":{"start":{"line":35,"column":2},"end":{"line":35,"column":51}},"23":{"start":{"line":35,"column":39},"end":{"line":35,"column":51}},"24":{"start":{"line":37,"column":12},"end":{"line":37,"column":35}},"25":{"start":{"line":38,"column":12},"end":{"line":38,"column":40}},"26":{"start":{"line":40,"column":2},"end":{"line":40,"column":41}},"27":{"start":{"line":40,"column":29},"end":{"line":40,"column":41}},"28":{"start":{"line":42,"column":2},"end":{"line":44,"column":3}},"29":{"start":{"line":43,"column":4},"end":{"line":43,"column":47}},"30":{"start":{"line":45,"column":2},"end":{"line":45,"column":14}}},"fnMap":{"0":{"name":"loadWallet","decl":{"start":{"line":8,"column":16},"end":{"line":8,"column":26}},"loc":{"start":{"line":8,"column":26},"end":{"line":22,"column":1}}},"1":{"name":"getPublicKey","decl":{"start":{"line":24,"column":16},"end":{"line":24,"column":28}},"loc":{"start":{"line":24,"column":28},"end":{"line":26,"column":1}}},"2":{"name":"getBalance","decl":{"start":{"line":28,"column":22},"end":{"line":28,"column":32}},"loc":{"start":{"line":28,"column":55},"end":{"line":32,"column":1}}},"3":{"name":"exportPrivateKey","decl":{"start":{"line":34,"column":16},"end":{"line":34,"column":32}},"loc":{"start":{"line":34,"column":76},"end":{"line":46,"column":1}}}},"branchMap":{"0":{"loc":{"start":{"line":9,"column":2},"end":{"line":9,"column":40}},"type":"if","locations":[{"start":{"line":9,"column":2},"end":{"line":9,"column":40}},{"start":{},"end":{}}]},"1":{"loc":{"start":{"line":11,"column":2},"end":{"line":13,"column":3}},"type":"if","locations":[{"start":{"line":11,"column":2},"end":{"line":13,"column":3}},{"start":{},"end":{}}]},"2":{"loc":{"start":{"line":35,"column":2},"end":{"line":35,"column":51}},"type":"if","locations":[{"start":{"line":35,"column":2},"end":{"line":35,"column":51}},{"start":{},"end":{}}]},"3":{"loc":{"start":{"line":35,"column":6},"end":{"line":35,"column":37}},"type":"binary-expr","locations":[{"start":{"line":35,"column":6},"end":{"line":35,"column":17}},{"start":{"line":35,"column":21},"end":{"line":35,"column":37}}]},"4":{"loc":{"start":{"line":40,"column":2},"end":{"line":40,"column":41}},"type":"if","locations":[{"start":{"line":40,"column":2},"end":{"line":40,"column":41}},{"start":{},"end":{}}]},"5":{"loc":{"start":{"line":42,"column":2},"end":{"line":44,"column":3}},"type":"if","locations":[{"start":{"line":42,"column":2},"end":{"line":44,"column":3}},{"start":{},"end":{}}]}},"s":{"0":1,"1":1,"2":1,"3":1,"4":1,"5":1,"6":1,"7":1,"8":1,"9":1,"10":0,"11":1,"12":0,"13":1,"14":1,"15":1,"16":1,"17":0,"18":0,"19":0,"20":0,"21":0,"22":0,"23":0,"24":0,"25":0,"26":0,"27":0,"28":0,"29":0,"30":0},"f":{"0":1,"1":0,"2":0,"3":0},"b":{"0":[0,1],"1":[0,1],"2":[0,0],"3":[0,0],"4":[0,0],"5":[0,0]}}
,"/Users/rejoelm/Desktop/AI Projects/degen247/src/agents/briefing.ts": {"path":"/Users/rejoelm/Desktop/AI Projects/degen247/src/agents/briefing.ts","statementMap":{"0":{"start":{"line":4,"column":0},"end":{"line":4,"column":16}},"1":{"start":{"line":1,"column":0},"end":{"line":1,"column":33}},"2":{"start":{"line":5,"column":23},"end":{"line":5,"column":43}},"3":{"start":{"line":6,"column":23},"end":{"line":6,"column":45}},"4":{"start":{"line":9,"column":24},"end":{"line":9,"column":126}},"5":{"start":{"line":10,"column":28},"end":{"line":10,"column":117}},"6":{"start":{"line":10,"column":51},"end":{"line":10,"column":72}},"7":{"start":{"line":12,"column":2},"end":{"line":22,"column":2}}},"fnMap":{"0":{"name":"generateMorningBriefing","decl":{"start":{"line":4,"column":16},"end":{"line":4,"column":39}},"loc":{"start":{"line":4,"column":61},"end":{"line":23,"column":1}}},"1":{"name":"(anonymous_1)","decl":{"start":{"line":10,"column":46},"end":{"line":10,"column":47}},"loc":{"start":{"line":10,"column":51},"end":{"line":10,"column":72}}}},"branchMap":{"0":{"loc":{"start":{"line":10,"column":28},"end":{"line":10,"column":117}},"type":"binary-expr","locations":[{"start":{"line":10,"column":28},"end":{"line":10,"column":85}},{"start":{"line":10,"column":89},"end":{"line":10,"column":117}}]}},"s":{"0":3,"1":3,"2":1,"3":1,"4":1,"5":1,"6":1,"7":1},"f":{"0":1,"1":1},"b":{"0":[1,0]}}
,"/Users/rejoelm/Desktop/AI Projects/degen247/src/agents/healerAgent.ts": {"path":"/Users/rejoelm/Desktop/AI Projects/degen247/src/agents/healerAgent.ts","statementMap":{"0":{"start":{"line":14,"column":0},"end":{"line":14,"column":7}},"1":{"start":{"line":1,"column":0},"end":{"line":1,"column":33}},"2":{"start":{"line":3,"column":0},"end":{"line":3,"column":35}},"3":{"start":{"line":4,"column":0},"end":{"line":4,"column":58}},"4":{"start":{"line":5,"column":0},"end":{"line":5,"column":49}},"5":{"start":{"line":6,"column":0},"end":{"line":6,"column":51}},"6":{"start":{"line":7,"column":0},"end":{"line":7,"column":44}},"7":{"start":{"line":9,"column":0},"end":{"line":9,"column":66}},"8":{"start":{"line":10,"column":0},"end":{"line":10,"column":35}},"9":{"start":{"line":19,"column":2},"end":{"line":19,"column":54}},"10":{"start":{"line":21,"column":2},"end":{"line":24,"column":3}},"11":{"start":{"line":22,"column":4},"end":{"line":22,"column":58}},"12":{"start":{"line":23,"column":4},"end":{"line":23,"column":11}},"13":{"start":{"line":26,"column":24},"end":{"line":26,"column":45}},"14":{"start":{"line":27,"column":30},"end":{"line":27,"column":32}},"15":{"start":{"line":29,"column":2},"end":{"line":49,"column":3}},"16":{"start":{"line":30,"column":19},"end":{"line":30,"column":84}},"17":{"start":{"line":31,"column":4},"end":{"line":31,"column":26}},"18":{"start":{"line":31,"column":17},"end":{"line":31,"column":26}},"19":{"start":{"line":34,"column":36},"end":{"line":42,"column":6}},"20":{"start":{"line":43,"column":19},"end":{"line":43,"column":68}},"21":{"start":{"line":44,"column":4},"end":{"line":48,"column":7}},"22":{"start":{"line":51,"column":19},"end":{"line":51,"column":90}},"23":{"start":{"line":53,"column":23},"end":{"line":67,"column":2}},"24":{"start":{"line":69,"column":2},"end":{"line":69,"column":76}},"25":{"start":{"line":70,"column":22},"end":{"line":73,"column":47}},"26":{"start":{"line":75,"column":2},"end":{"line":78,"column":3}},"27":{"start":{"line":76,"column":4},"end":{"line":76,"column":73}},"28":{"start":{"line":77,"column":4},"end":{"line":77,"column":11}},"29":{"start":{"line":80,"column":2},"end":{"line":129,"column":3}},"30":{"start":{"line":81,"column":17},"end":{"line":81,"column":52}},"31":{"start":{"line":82,"column":18},"end":{"line":82,"column":33}},"32":{"start":{"line":83,"column":16},"end":{"line":83,"column":42}},"33":{"start":{"line":85,"column":4},"end":{"line":88,"column":5}},"34":{"start":{"line":86,"column":6},"end":{"line":86,"column":93}},"35":{"start":{"line":87,"column":6},"end":{"line":87,"column":15}},"36":{"start":{"line":90,"column":4},"end":{"line":90,"column":98}},"37":{"start":{"line":92,"column":4},"end":{"line":128,"column":5}},"38":{"start":{"line":93,"column":6},"end":{"line":111,"column":7}},"39":{"start":{"line":94,"column":8},"end":{"line":99,"column":11}},"40":{"start":{"line":102,"column":8},"end":{"line":102,"column":38}},"41":{"start":{"line":103,"column":8},"end":{"line":103,"column":85}},"42":{"start":{"line":105,"column":19},"end":{"line":105,"column":37}},"43":{"start":{"line":107,"column":8},"end":{"line":107,"column":61}},"44":{"start":{"line":108,"column":8},"end":{"line":108,"column":105}},"45":{"start":{"line":110,"column":8},"end":{"line":110,"column":73}},"46":{"start":{"line":112,"column":11},"end":{"line":128,"column":5}},"47":{"start":{"line":114,"column":6},"end":{"line":114,"column":100}},"48":{"start":{"line":115,"column":11},"end":{"line":128,"column":5}},"49":{"start":{"line":117,"column":7},"end":{"line":127,"column":26}},"50":{"start":{"line":118,"column":8},"end":{"line":123,"column":11}},"51":{"start":{"line":124,"column":8},"end":{"line":124,"column":38}},"52":{"start":{"line":125,"column":8},"end":{"line":125,"column":85}}},"fnMap":{"0":{"name":"healerReActLoop","decl":{"start":{"line":14,"column":22},"end":{"line":14,"column":37}},"loc":{"start":{"line":17,"column":30},"end":{"line":130,"column":1}}}},"branchMap":{"0":{"loc":{"start":{"line":21,"column":2},"end":{"line":24,"column":3}},"type":"if","locations":[{"start":{"line":21,"column":2},"end":{"line":24,"column":3}},{"start":{},"end":{}}]},"1":{"loc":{"start":{"line":31,"column":4},"end":{"line":31,"column":26}},"type":"if","locations":[{"start":{"line":31,"column":4},"end":{"line":31,"column":26}},{"start":{},"end":{}}]},"2":{"loc":{"start":{"line":41,"column":15},"end":{"line":41,"column":35}},"type":"binary-expr","locations":[{"start":{"line":41,"column":15},"end":{"line":41,"column":30}},{"start":{"line":41,"column":34},"end":{"line":41,"column":35}}]},"3":{"loc":{"start":{"line":75,"column":2},"end":{"line":78,"column":3}},"type":"if","locations":[{"start":{"line":75,"column":2},"end":{"line":78,"column":3}},{"start":{},"end":{}}]},"4":{"loc":{"start":{"line":75,"column":6},"end":{"line":75,"column":45}},"type":"binary-expr","locations":[{"start":{"line":75,"column":6},"end":{"line":75,"column":18}},{"start":{"line":75,"column":22},"end":{"line":75,"column":45}}]},"5":{"loc":{"start":{"line":85,"column":4},"end":{"line":88,"column":5}},"type":"if","locations":[{"start":{"line":85,"column":4},"end":{"line":88,"column":5}},{"start":{},"end":{}}]},"6":{"loc":{"start":{"line":92,"column":4},"end":{"line":128,"column":5}},"type":"if","locations":[{"start":{"line":92,"column":4},"end":{"line":128,"column":5}},{"start":{"line":112,"column":11},"end":{"line":128,"column":5}}]},"7":{"loc":{"start":{"line":112,"column":11},"end":{"line":128,"column":5}},"type":"if","locations":[{"start":{"line":112,"column":11},"end":{"line":128,"column":5}},{"start":{"line":115,"column":11},"end":{"line":128,"column":5}}]},"8":{"loc":{"start":{"line":115,"column":11},"end":{"line":128,"column":5}},"type":"if","locations":[{"start":{"line":115,"column":11},"end":{"line":128,"column":5}},{"start":{},"end":{}}]}},"s":{"0":2,"1":2,"2":2,"3":2,"4":2,"5":2,"6":2,"7":2,"8":2,"9":3,"10":3,"11":1,"12":1,"13":2,"14":2,"15":2,"16":2,"17":2,"18":2,"19":0,"20":0,"21":0,"22":2,"23":2,"24":2,"25":2,"26":2,"27":0,"28":0,"29":2,"30":2,"31":2,"32":2,"33":2,"34":0,"35":0,"36":2,"37":2,"38":1,"39":1,"40":1,"41":1,"42":1,"43":1,"44":1,"45":0,"46":1,"47":1,"48":0,"49":0,"50":0,"51":0,"52":0},"f":{"0":3},"b":{"0":[1,2],"1":[2,0],"2":[0,0],"3":[0,2],"4":[2,2],"5":[0,2],"6":[1,1],"7":[1,0],"8":[0,0]}}
,"/Users/rejoelm/Desktop/AI Projects/degen247/src/agents/healerTools.ts": {"path":"/Users/rejoelm/Desktop/AI Projects/degen247/src/agents/healerTools.ts","statementMap":{"0":{"start":{"line":1,"column":13},"end":{"line":65,"column":2}}},"fnMap":{},"branchMap":{},"s":{"0":2},"f":{},"b":{}}
,"/Users/rejoelm/Desktop/AI Projects/degen247/src/agents/healthCheck.ts": {"path":"/Users/rejoelm/Desktop/AI Projects/degen247/src/agents/healthCheck.ts","statementMap":{"0":{"start":{"line":7,"column":0},"end":{"line":7,"column":7}},"1":{"start":{"line":1,"column":0},"end":{"line":1,"column":33}},"2":{"start":{"line":3,"column":0},"end":{"line":3,"column":35}},"3":{"start":{"line":8,"column":2},"end":{"line":8,"column":64}},"4":{"start":{"line":10,"column":26},"end":{"line":10,"column":27}},"5":{"start":{"line":11,"column":2},"end":{"line":14,"column":3}},"6":{"start":{"line":12,"column":16},"end":{"line":12,"column":95}},"7":{"start":{"line":13,"column":4},"end":{"line":13,"column":55}},"8":{"start":{"line":16,"column":28},"end":{"line":16,"column":70}},"9":{"start":{"line":18,"column":2},"end":{"line":18,"column":135}},"10":{"start":{"line":20,"column":2},"end":{"line":23,"column":3}},"11":{"start":{"line":21,"column":4},"end":{"line":21,"column":44}},"12":{"start":{"line":22,"column":4},"end":{"line":22,"column":83}},"13":{"start":{"line":25,"column":22},"end":{"line":25,"column":93}},"14":{"start":{"line":27,"column":2},"end":{"line":38,"column":3}},"15":{"start":{"line":28,"column":4},"end":{"line":28,"column":102}},"16":{"start":{"line":29,"column":4},"end":{"line":29,"column":24}},"17":{"start":{"line":31,"column":9},"end":{"line":38,"column":3}},"18":{"start":{"line":32,"column":4},"end":{"line":32,"column":81}},"19":{"start":{"line":35,"column":4},"end":{"line":37,"column":5}},"20":{"start":{"line":36,"column":6},"end":{"line":36,"column":118}},"21":{"start":{"line":41,"column":2},"end":{"line":50,"column":4}}},"fnMap":{"0":{"name":"healthCheck","decl":{"start":{"line":7,"column":22},"end":{"line":7,"column":33}},"loc":{"start":{"line":7,"column":79},"end":{"line":51,"column":1}}}},"branchMap":{"0":{"loc":{"start":{"line":13,"column":26},"end":{"line":13,"column":53}},"type":"cond-expr","locations":[{"start":{"line":13,"column":32},"end":{"line":13,"column":47}},{"start":{"line":13,"column":50},"end":{"line":13,"column":53}}]},"1":{"loc":{"start":{"line":20,"column":2},"end":{"line":23,"column":3}},"type":"if","locations":[{"start":{"line":20,"column":2},"end":{"line":23,"column":3}},{"start":{},"end":{}}]},"2":{"loc":{"start":{"line":27,"column":2},"end":{"line":38,"column":3}},"type":"if","locations":[{"start":{"line":27,"column":2},"end":{"line":38,"column":3}},{"start":{"line":31,"column":9},"end":{"line":38,"column":3}}]},"3":{"loc":{"start":{"line":31,"column":9},"end":{"line":38,"column":3}},"type":"if","locations":[{"start":{"line":31,"column":9},"end":{"line":38,"column":3}},{"start":{"line":33,"column":9},"end":{"line":38,"column":3}}]},"4":{"loc":{"start":{"line":35,"column":4},"end":{"line":37,"column":5}},"type":"if","locations":[{"start":{"line":35,"column":4},"end":{"line":37,"column":5}},{"start":{},"end":{}}]}},"s":{"0":2,"1":2,"2":2,"3":1,"4":1,"5":1,"6":0,"7":0,"8":1,"9":1,"10":1,"11":0,"12":0,"13":1,"14":1,"15":1,"16":1,"17":0,"18":0,"19":0,"20":0,"21":1},"f":{"0":1},"b":{"0":[0,0],"1":[0,1],"2":[1,0],"3":[0,0],"4":[0,0]}}
,"/Users/rejoelm/Desktop/AI Projects/degen247/src/agents/hunterAgent.ts": {"path":"/Users/rejoelm/Desktop/AI Projects/degen247/src/agents/hunterAgent.ts","statementMap":{"0":{"start":{"line":20,"column":0},"end":{"line":20,"column":7}},"1":{"start":{"line":1,"column":0},"end":{"line":1,"column":33}},"2":{"start":{"line":2,"column":0},"end":{"line":2,"column":35}},"3":{"start":{"line":3,"column":0},"end":{"line":3,"column":77}},"4":{"start":{"line":4,"column":0},"end":{"line":4,"column":56}},"5":{"start":{"line":5,"column":0},"end":{"line":5,"column":57}},"6":{"start":{"line":6,"column":0},"end":{"line":6,"column":57}},"7":{"start":{"line":7,"column":0},"end":{"line":7,"column":63}},"8":{"start":{"line":8,"column":0},"end":{"line":8,"column":70}},"9":{"start":{"line":9,"column":0},"end":{"line":9,"column":58}},"10":{"start":{"line":10,"column":0},"end":{"line":10,"column":49}},"11":{"start":{"line":11,"column":0},"end":{"line":11,"column":51}},"12":{"start":{"line":12,"column":0},"end":{"line":12,"column":38}},"13":{"start":{"line":15,"column":0},"end":{"line":15,"column":23}},"14":{"start":{"line":16,"column":0},"end":{"line":16,"column":35}},"15":{"start":{"line":25,"column":2},"end":{"line":25,"column":54}},"16":{"start":{"line":28,"column":16},"end":{"line":28,"column":46}},"17":{"start":{"line":29,"column":2},"end":{"line":32,"column":3}},"18":{"start":{"line":30,"column":4},"end":{"line":30,"column":61}},"19":{"start":{"line":31,"column":4},"end":{"line":31,"column":11}},"20":{"start":{"line":35,"column":21},"end":{"line":35,"column":47}},"21":{"start":{"line":36,"column":2},"end":{"line":39,"column":3}},"22":{"start":{"line":37,"column":4},"end":{"line":37,"column":55}},"23":{"start":{"line":38,"column":4},"end":{"line":38,"column":11}},"24":{"start":{"line":42,"column":20},"end":{"line":42,"column":42}},"25":{"start":{"line":43,"column":22},"end":{"line":43,"column":26}},"26":{"start":{"line":44,"column":18},"end":{"line":44,"column":19}},"27":{"start":{"line":46,"column":2},"end":{"line":52,"column":3}},"28":{"start":{"line":47,"column":18},"end":{"line":47,"column":56}},"29":{"start":{"line":48,"column":4},"end":{"line":51,"column":5}},"30":{"start":{"line":49,"column":6},"end":{"line":49,"column":34}},"31":{"start":{"line":50,"column":6},"end":{"line":50,"column":42}},"32":{"start":{"line":54,"column":2},"end":{"line":57,"column":3}},"33":{"start":{"line":55,"column":4},"end":{"line":55,"column":55}},"34":{"start":{"line":56,"column":4},"end":{"line":56,"column":11}},"35":{"start":{"line":59,"column":2},"end":{"line":59,"column":91}},"36":{"start":{"line":62,"column":16},"end":{"line":62,"column":67}},"37":{"start":{"line":63,"column":21},"end":{"line":63,"column":23}},"38":{"start":{"line":64,"column":2},"end":{"line":67,"column":3}},"39":{"start":{"line":65,"column":18},"end":{"line":65,"column":59}},"40":{"start":{"line":66,"column":4},"end":{"line":66,"column":63}},"41":{"start":{"line":69,"column":24},"end":{"line":69,"column":45}},"42":{"start":{"line":70,"column":19},"end":{"line":70,"column":106}},"43":{"start":{"line":73,"column":20},"end":{"line":73,"column":73}},"44":{"start":{"line":74,"column":25},"end":{"line":74,"column":52}},"45":{"start":{"line":77,"column":23},"end":{"line":97,"column":2}},"46":{"start":{"line":100,"column":2},"end":{"line":100,"column":65}},"47":{"start":{"line":101,"column":22},"end":{"line":104,"column":46}},"48":{"start":{"line":107,"column":2},"end":{"line":110,"column":3}},"49":{"start":{"line":108,"column":4},"end":{"line":108,"column":73}},"50":{"start":{"line":109,"column":4},"end":{"line":109,"column":11}},"51":{"start":{"line":112,"column":2},"end":{"line":151,"column":3}},"52":{"start":{"line":113,"column":4},"end":{"line":150,"column":5}},"53":{"start":{"line":114,"column":19},"end":{"line":114,"column":54}},"54":{"start":{"line":115,"column":6},"end":{"line":115,"column":113}},"55":{"start":{"line":117,"column":25},"end":{"line":117,"column":43}},"56":{"start":{"line":118,"column":6},"end":{"line":118,"column":68}},"57":{"start":{"line":120,"column":6},"end":{"line":144,"column":7}},"58":{"start":{"line":123,"column":20},"end":{"line":130,"column":10}},"59":{"start":{"line":133,"column":8},"end":{"line":136,"column":95}},"60":{"start":{"line":139,"column":8},"end":{"line":139,"column":107}},"61":{"start":{"line":140,"column":8},"end":{"line":140,"column":43}},"62":{"start":{"line":141,"column":8},"end":{"line":141,"column":85}},"63":{"start":{"line":143,"column":8},"end":{"line":143,"column":72}},"64":{"start":{"line":145,"column":11},"end":{"line":150,"column":5}},"65":{"start":{"line":146,"column":19},"end":{"line":146,"column":54}},"66":{"start":{"line":147,"column":6},"end":{"line":147,"column":88}},"67":{"start":{"line":148,"column":28},"end":{"line":148,"column":49}},"68":{"start":{"line":149,"column":6},"end":{"line":149,"column":118}}},"fnMap":{"0":{"name":"hunterReActLoop","decl":{"start":{"line":20,"column":22},"end":{"line":20,"column":37}},"loc":{"start":{"line":23,"column":30},"end":{"line":152,"column":1}}}},"branchMap":{"0":{"loc":{"start":{"line":29,"column":2},"end":{"line":32,"column":3}},"type":"if","locations":[{"start":{"line":29,"column":2},"end":{"line":32,"column":3}},{"start":{},"end":{}}]},"1":{"loc":{"start":{"line":36,"column":2},"end":{"line":39,"column":3}},"type":"if","locations":[{"start":{"line":36,"column":2},"end":{"line":39,"column":3}},{"start":{},"end":{}}]},"2":{"loc":{"start":{"line":48,"column":4},"end":{"line":51,"column":5}},"type":"if","locations":[{"start":{"line":48,"column":4},"end":{"line":51,"column":5}},{"start":{},"end":{}}]},"3":{"loc":{"start":{"line":48,"column":8},"end":{"line":48,"column":59}},"type":"binary-expr","locations":[{"start":{"line":48,"column":8},"end":{"line":48,"column":28}},{"start":{"line":48,"column":32},"end":{"line":48,"column":59}}]},"4":{"loc":{"start":{"line":54,"column":2},"end":{"line":57,"column":3}},"type":"if","locations":[{"start":{"line":54,"column":2},"end":{"line":57,"column":3}},{"start":{},"end":{}}]},"5":{"loc":{"start":{"line":107,"column":2},"end":{"line":110,"column":3}},"type":"if","locations":[{"start":{"line":107,"column":2},"end":{"line":110,"column":3}},{"start":{},"end":{}}]},"6":{"loc":{"start":{"line":107,"column":6},"end":{"line":107,"column":45}},"type":"binary-expr","locations":[{"start":{"line":107,"column":6},"end":{"line":107,"column":18}},{"start":{"line":107,"column":22},"end":{"line":107,"column":45}}]},"7":{"loc":{"start":{"line":113,"column":4},"end":{"line":150,"column":5}},"type":"if","locations":[{"start":{"line":113,"column":4},"end":{"line":150,"column":5}},{"start":{"line":145,"column":11},"end":{"line":150,"column":5}}]},"8":{"loc":{"start":{"line":145,"column":11},"end":{"line":150,"column":5}},"type":"if","locations":[{"start":{"line":145,"column":11},"end":{"line":150,"column":5}},{"start":{},"end":{}}]}},"s":{"0":2,"1":2,"2":2,"3":2,"4":2,"5":2,"6":2,"7":2,"8":2,"9":2,"10":2,"11":2,"12":2,"13":2,"14":2,"15":3,"16":3,"17":3,"18":1,"19":1,"20":2,"21":2,"22":0,"23":0,"24":2,"25":2,"26":2,"27":2,"28":2,"29":2,"30":2,"31":2,"32":2,"33":0,"34":0,"35":2,"36":2,"37":2,"38":2,"39":0,"40":0,"41":2,"42":2,"43":2,"44":2,"45":2,"46":2,"47":2,"48":2,"49":0,"50":0,"51":2,"52":2,"53":1,"54":1,"55":1,"56":1,"57":1,"58":1,"59":1,"60":1,"61":1,"62":1,"63":0,"64":1,"65":1,"66":1,"67":1,"68":1},"f":{"0":3},"b":{"0":[1,2],"1":[0,2],"2":[2,0],"3":[2,2],"4":[0,2],"5":[0,2],"6":[2,2],"7":[1,1],"8":[1,0]}}
,"/Users/rejoelm/Desktop/AI Projects/degen247/src/agents/tools.ts": {"path":"/Users/rejoelm/Desktop/AI Projects/degen247/src/agents/tools.ts","statementMap":{"0":{"start":{"line":1,"column":13},"end":{"line":52,"column":2}}},"fnMap":{},"branchMap":{},"s":{"0":2},"f":{},"b":{}}
,"/Users/rejoelm/Desktop/AI Projects/degen247/src/api/lpagent.ts": {"path":"/Users/rejoelm/Desktop/AI Projects/degen247/src/api/lpagent.ts","statementMap":{"0":{"start":{"line":1,"column":0},"end":{"line":1,"column":45}},"1":{"start":{"line":2,"column":0},"end":{"line":2,"column":35}},"2":{"start":{"line":3,"column":0},"end":{"line":3,"column":35}},"3":{"start":{"line":27,"column":4},"end":{"line":34,"column":7}},"4":{"start":{"line":38,"column":4},"end":{"line":40,"column":5}},"5":{"start":{"line":39,"column":6},"end":{"line":39,"column":85}},"6":{"start":{"line":42,"column":4},"end":{"line":48,"column":5}},"7":{"start":{"line":43,"column":19},"end":{"line":43,"column":70}},"8":{"start":{"line":44,"column":6},"end":{"line":44,"column":44}},"9":{"start":{"line":46,"column":6},"end":{"line":46,"column":92}},"10":{"start":{"line":47,"column":6},"end":{"line":47,"column":18}},"11":{"start":{"line":52,"column":4},"end":{"line":54,"column":5}},"12":{"start":{"line":53,"column":6},"end":{"line":53,"column":55}},"13":{"start":{"line":56,"column":4},"end":{"line":62,"column":5}},"14":{"start":{"line":57,"column":19},"end":{"line":57,"column":74}},"15":{"start":{"line":58,"column":6},"end":{"line":58,"column":46}},"16":{"start":{"line":60,"column":6},"end":{"line":60,"column":96}},"17":{"start":{"line":61,"column":6},"end":{"line":61,"column":18}},"18":{"start":{"line":23,"column":0},"end":{"line":23,"column":13}}},"fnMap":{"0":{"name":"(anonymous_1)","decl":{"start":{"line":26,"column":2},"end":{"line":26,"column":null}},"loc":{"start":{"line":26,"column":2},"end":{"line":35,"column":3}}},"1":{"name":"(anonymous_2)","decl":{"start":{"line":37,"column":2},"end":{"line":37,"column":7}},"loc":{"start":{"line":37,"column":40},"end":{"line":49,"column":3}}},"2":{"name":"(anonymous_3)","decl":{"start":{"line":51,"column":2},"end":{"line":51,"column":7}},"loc":{"start":{"line":51,"column":44},"end":{"line":63,"column":3}}}},"branchMap":{"0":{"loc":{"start":{"line":28,"column":15},"end":{"line":28,"column":70}},"type":"binary-expr","locations":[{"start":{"line":28,"column":15},"end":{"line":28,"column":38}},{"start":{"line":28,"column":42},"end":{"line":28,"column":70}}]},"1":{"loc":{"start":{"line":30,"column":35},"end":{"line":30,"column":63}},"type":"binary-expr","locations":[{"start":{"line":30,"column":35},"end":{"line":30,"column":57}},{"start":{"line":30,"column":61},"end":{"line":30,"column":63}}]},"2":{"loc":{"start":{"line":38,"column":4},"end":{"line":40,"column":5}},"type":"if","locations":[{"start":{"line":38,"column":4},"end":{"line":40,"column":5}},{"start":{},"end":{}}]},"3":{"loc":{"start":{"line":38,"column":8},"end":{"line":38,"column":48}},"type":"binary-expr","locations":[{"start":{"line":38,"column":8},"end":{"line":38,"column":21}},{"start":{"line":38,"column":25},"end":{"line":38,"column":48}}]},"4":{"loc":{"start":{"line":52,"column":4},"end":{"line":54,"column":5}},"type":"if","locations":[{"start":{"line":52,"column":4},"end":{"line":54,"column":5}},{"start":{},"end":{}}]},"5":{"loc":{"start":{"line":52,"column":8},"end":{"line":52,"column":48}},"type":"binary-expr","locations":[{"start":{"line":52,"column":8},"end":{"line":52,"column":21}},{"start":{"line":52,"column":25},"end":{"line":52,"column":48}}]}},"s":{"0":2,"1":2,"2":2,"3":2,"4":1,"5":0,"6":1,"7":1,"8":1,"9":0,"10":0,"11":1,"12":0,"13":1,"14":1,"15":1,"16":0,"17":0,"18":2},"f":{"0":2,"1":1,"2":1},"b":{"0":[2,2],"1":[2,0],"2":[0,1],"3":[1,1],"4":[0,1],"5":[1,1]}}
,"/Users/rejoelm/Desktop/AI Projects/degen247/src/api/meteoraApi.ts": {"path":"/Users/rejoelm/Desktop/AI Projects/degen247/src/api/meteoraApi.ts","statementMap":{"0":{"start":{"line":1,"column":0},"end":{"line":1,"column":45}},"1":{"start":{"line":2,"column":0},"end":{"line":2,"column":35}},"2":{"start":{"line":19,"column":4},"end":{"line":22,"column":7}},"3":{"start":{"line":26,"column":4},"end":{"line":45,"column":5}},"4":{"start":{"line":27,"column":19},"end":{"line":27,"column":55}},"5":{"start":{"line":28,"column":20},"end":{"line":28,"column":49}},"6":{"start":{"line":30,"column":6},"end":{"line":41,"column":11}},"7":{"start":{"line":32,"column":22},"end":{"line":32,"column":52}},"8":{"start":{"line":33,"column":10},"end":{"line":33,"column":41}},"9":{"start":{"line":33,"column":28},"end":{"line":33,"column":41}},"10":{"start":{"line":34,"column":24},"end":{"line":34,"column":40}},"11":{"start":{"line":35,"column":10},"end":{"line":35,"column":35}},"12":{"start":{"line":38,"column":21},"end":{"line":38,"column":64}},"13":{"start":{"line":39,"column":21},"end":{"line":39,"column":64}},"14":{"start":{"line":40,"column":10},"end":{"line":40,"column":25}},"15":{"start":{"line":43,"column":6},"end":{"line":43,"column":80}},"16":{"start":{"line":44,"column":6},"end":{"line":44,"column":16}},"17":{"start":{"line":15,"column":0},"end":{"line":15,"column":13}}},"fnMap":{"0":{"name":"(anonymous_1)","decl":{"start":{"line":18,"column":2},"end":{"line":18,"column":null}},"loc":{"start":{"line":18,"column":2},"end":{"line":23,"column":3}}},"1":{"name":"(anonymous_2)","decl":{"start":{"line":25,"column":2},"end":{"line":25,"column":7}},"loc":{"start":{"line":25,"column":62},"end":{"line":46,"column":3}}},"2":{"name":"(anonymous_3)","decl":{"start":{"line":31,"column":16},"end":{"line":31,"column":17}},"loc":{"start":{"line":31,"column":20},"end":{"line":36,"column":9}}},"3":{"name":"(anonymous_4)","decl":{"start":{"line":37,"column":14},"end":{"line":37,"column":15}},"loc":{"start":{"line":37,"column":23},"end":{"line":41,"column":9}}}},"branchMap":{"0":{"loc":{"start":{"line":32,"column":33},"end":{"line":32,"column":51}},"type":"binary-expr","locations":[{"start":{"line":32,"column":33},"end":{"line":32,"column":44}},{"start":{"line":32,"column":48},"end":{"line":32,"column":51}}]},"1":{"loc":{"start":{"line":33,"column":10},"end":{"line":33,"column":41}},"type":"if","locations":[{"start":{"line":33,"column":10},"end":{"line":33,"column":41}},{"start":{},"end":{}}]},"2":{"loc":{"start":{"line":38,"column":45},"end":{"line":38,"column":63}},"type":"binary-expr","locations":[{"start":{"line":38,"column":45},"end":{"line":38,"column":56}},{"start":{"line":38,"column":60},"end":{"line":38,"column":63}}]},"3":{"loc":{"start":{"line":39,"column":45},"end":{"line":39,"column":63}},"type":"binary-expr","locations":[{"start":{"line":39,"column":45},"end":{"line":39,"column":56}},{"start":{"line":39,"column":60},"end":{"line":39,"column":63}}]}},"s":{"0":2,"1":2,"2":1,"3":1,"4":1,"5":1,"6":1,"7":3,"8":3,"9":1,"10":2,"11":2,"12":1,"13":1,"14":1,"15":0,"16":0,"17":2},"f":{"0":1,"1":1,"2":3,"3":1},"b":{"0":[3,0],"1":[1,2],"2":[1,0],"3":[1,0]}}
,"/Users/rejoelm/Desktop/AI Projects/degen247/src/api/openrouter.ts": {"path":"/Users/rejoelm/Desktop/AI Projects/degen247/src/api/openrouter.ts","statementMap":{"0":{"start":{"line":5,"column":0},"end":{"line":5,"column":7}},"1":{"start":{"line":1,"column":0},"end":{"line":1,"column":26}},"2":{"start":{"line":2,"column":0},"end":{"line":2,"column":35}},"3":{"start":{"line":3,"column":0},"end":{"line":3,"column":35}},"4":{"start":{"line":11,"column":2},"end":{"line":27,"column":3}},"5":{"start":{"line":12,"column":4},"end":{"line":12,"column":73}},"6":{"start":{"line":14,"column":4},"end":{"line":25,"column":5}},"7":{"start":{"line":15,"column":6},"end":{"line":24,"column":8}},"8":{"start":{"line":26,"column":4},"end":{"line":26,"column":84}},"9":{"start":{"line":29,"column":2},"end":{"line":63,"column":3}},"10":{"start":{"line":30,"column":25},"end":{"line":35,"column":6}},"11":{"start":{"line":37,"column":4},"end":{"line":40,"column":5}},"12":{"start":{"line":38,"column":6},"end":{"line":38,"column":28}},"13":{"start":{"line":39,"column":6},"end":{"line":39,"column":35}},"14":{"start":{"line":42,"column":21},"end":{"line":52,"column":null}},"15":{"start":{"line":55,"column":20},"end":{"line":55,"column":52}},"16":{"start":{"line":56,"column":4},"end":{"line":58,"column":5}},"17":{"start":{"line":57,"column":6},"end":{"line":57,"column":21}},"18":{"start":{"line":59,"column":4},"end":{"line":59,"column":27}},"19":{"start":{"line":61,"column":4},"end":{"line":61,"column":69}},"20":{"start":{"line":62,"column":4},"end":{"line":62,"column":14}}},"fnMap":{"0":{"name":"chatCompletion","decl":{"start":{"line":5,"column":22},"end":{"line":5,"column":36}},"loc":{"start":{"line":9,"column":19},"end":{"line":64,"column":1}}}},"branchMap":{"0":{"loc":{"start":{"line":11,"column":2},"end":{"line":27,"column":3}},"type":"if","locations":[{"start":{"line":11,"column":2},"end":{"line":27,"column":3}},{"start":{},"end":{}}]},"1":{"loc":{"start":{"line":11,"column":6},"end":{"line":11,"column":49}},"type":"binary-expr","locations":[{"start":{"line":11,"column":6},"end":{"line":11,"column":19}},{"start":{"line":11,"column":23},"end":{"line":11,"column":49}}]},"2":{"loc":{"start":{"line":14,"column":4},"end":{"line":25,"column":5}},"type":"if","locations":[{"start":{"line":14,"column":4},"end":{"line":25,"column":5}},{"start":{},"end":{}}]},"3":{"loc":{"start":{"line":14,"column":8},"end":{"line":14,"column":33}},"type":"binary-expr","locations":[{"start":{"line":14,"column":8},"end":{"line":14,"column":13}},{"start":{"line":14,"column":17},"end":{"line":14,"column":33}}]},"4":{"loc":{"start":{"line":37,"column":4},"end":{"line":40,"column":5}},"type":"if","locations":[{"start":{"line":37,"column":4},"end":{"line":40,"column":5}},{"start":{},"end":{}}]},"5":{"loc":{"start":{"line":37,"column":8},"end":{"line":37,"column":33}},"type":"binary-expr","locations":[{"start":{"line":37,"column":8},"end":{"line":37,"column":13}},{"start":{"line":37,"column":17},"end":{"line":37,"column":33}}]},"6":{"loc":{"start":{"line":56,"column":4},"end":{"line":58,"column":5}},"type":"if","locations":[{"start":{"line":56,"column":4},"end":{"line":58,"column":5}},{"start":{},"end":{}}]}},"s":{"0":5,"1":5,"2":5,"3":5,"4":0,"5":0,"6":0,"7":0,"8":0,"9":0,"10":0,"11":0,"12":0,"13":0,"14":0,"15":0,"16":0,"17":0,"18":0,"19":0,"20":0},"f":{"0":0},"b":{"0":[0,0],"1":[0,0],"2":[0,0],"3":[0,0],"4":[0,0],"5":[0,0],"6":[0,0]}}
,"/Users/rejoelm/Desktop/AI Projects/degen247/src/api/solana.ts": {"path":"/Users/rejoelm/Desktop/AI Projects/degen247/src/api/solana.ts","statementMap":{"0":{"start":{"line":1,"column":0},"end":{"line":1,"column":78}},"1":{"start":{"line":2,"column":0},"end":{"line":2,"column":35}},"2":{"start":{"line":9,"column":4},"end":{"line":9,"column":59}},"3":{"start":{"line":10,"column":4},"end":{"line":12,"column":5}},"4":{"start":{"line":11,"column":6},"end":{"line":11,"column":63}},"5":{"start":{"line":16,"column":4},"end":{"line":25,"column":5}},"6":{"start":{"line":17,"column":6},"end":{"line":17,"column":43}},"7":{"start":{"line":19,"column":6},"end":{"line":19,"column":92}},"8":{"start":{"line":20,"column":6},"end":{"line":23,"column":7}},"9":{"start":{"line":21,"column":8},"end":{"line":21,"column":71}},"10":{"start":{"line":22,"column":8},"end":{"line":22,"column":46}},"11":{"start":{"line":24,"column":6},"end":{"line":24,"column":16}},"12":{"start":{"line":29,"column":19},"end":{"line":29,"column":78}},"13":{"start":{"line":30,"column":28},"end":{"line":32,"column":null}},"14":{"start":{"line":31,"column":16},"end":{"line":31,"column":39}},"15":{"start":{"line":34,"column":4},"end":{"line":34,"column":33}},"16":{"start":{"line":38,"column":19},"end":{"line":40,"column":null}},"17":{"start":{"line":39,"column":16},"end":{"line":39,"column":63}},"18":{"start":{"line":42,"column":4},"end":{"line":42,"column":29}},"19":{"start":{"line":46,"column":19},"end":{"line":48,"column":null}},"20":{"start":{"line":47,"column":16},"end":{"line":47,"column":52}},"21":{"start":{"line":50,"column":4},"end":{"line":50,"column":28}},"22":{"start":{"line":54,"column":4},"end":{"line":54,"column":24}},"23":{"start":{"line":4,"column":0},"end":{"line":4,"column":13}}},"fnMap":{"0":{"name":"(anonymous_0)","decl":{"start":{"line":8,"column":2},"end":{"line":8,"column":14}},"loc":{"start":{"line":8,"column":54},"end":{"line":13,"column":3}}},"1":{"name":"(anonymous_1)","decl":{"start":{"line":15,"column":10},"end":{"line":15,"column":15}},"loc":{"start":{"line":15,"column":99},"end":{"line":26,"column":3}}},"2":{"name":"(anonymous_2)","decl":{"start":{"line":28,"column":2},"end":{"line":28,"column":7}},"loc":{"start":{"line":28,"column":45},"end":{"line":35,"column":3}}},"3":{"name":"(anonymous_3)","decl":{"start":{"line":31,"column":6},"end":{"line":31,"column":7}},"loc":{"start":{"line":31,"column":16},"end":{"line":31,"column":39}}},"4":{"name":"(anonymous_4)","decl":{"start":{"line":37,"column":2},"end":{"line":37,"column":7}},"loc":{"start":{"line":37,"column":44},"end":{"line":43,"column":3}}},"5":{"name":"(anonymous_5)","decl":{"start":{"line":39,"column":6},"end":{"line":39,"column":7}},"loc":{"start":{"line":39,"column":16},"end":{"line":39,"column":63}}},"6":{"name":"(anonymous_6)","decl":{"start":{"line":45,"column":2},"end":{"line":45,"column":7}},"loc":{"start":{"line":45,"column":26},"end":{"line":51,"column":3}}},"7":{"name":"(anonymous_7)","decl":{"start":{"line":47,"column":6},"end":{"line":47,"column":7}},"loc":{"start":{"line":47,"column":16},"end":{"line":47,"column":52}}},"8":{"name":"(anonymous_8)","decl":{"start":{"line":53,"column":2},"end":{"line":53,"column":15}},"loc":{"start":{"line":53,"column":15},"end":{"line":55,"column":3}}}},"branchMap":{"0":{"loc":{"start":{"line":10,"column":4},"end":{"line":12,"column":5}},"type":"if","locations":[{"start":{"line":10,"column":4},"end":{"line":12,"column":5}},{"start":{},"end":{}}]},"1":{"loc":{"start":{"line":20,"column":6},"end":{"line":23,"column":7}},"type":"if","locations":[{"start":{"line":20,"column":6},"end":{"line":23,"column":7}},{"start":{},"end":{}}]},"2":{"loc":{"start":{"line":29,"column":19},"end":{"line":29,"column":78}},"type":"cond-expr","locations":[{"start":{"line":29,"column":48},"end":{"line":29,"column":69}},{"start":{"line":29,"column":72},"end":{"line":29,"column":78}}]}},"s":{"0":1,"1":1,"2":1,"3":1,"4":1,"5":1,"6":1,"7":1,"8":1,"9":1,"10":1,"11":0,"12":1,"13":1,"14":2,"15":1,"16":0,"17":0,"18":0,"19":0,"20":0,"21":0,"22":1,"23":1},"f":{"0":1,"1":1,"2":1,"3":2,"4":0,"5":0,"6":0,"7":0,"8":1},"b":{"0":[1,0],"1":[1,0],"2":[0,1]}}
,"/Users/rejoelm/Desktop/AI Projects/degen247/src/db/database.ts": {"path":"/Users/rejoelm/Desktop/AI Projects/degen247/src/db/database.ts","statementMap":{"0":{"start":{"line":8,"column":0},"end":{"line":8,"column":16}},"1":{"start":{"line":32,"column":0},"end":{"line":32,"column":16}},"2":{"start":{"line":39,"column":0},"end":{"line":39,"column":16}},"3":{"start":{"line":1,"column":0},"end":{"line":1,"column":38}},"4":{"start":{"line":2,"column":0},"end":{"line":2,"column":24}},"5":{"start":{"line":3,"column":0},"end":{"line":3,"column":35}},"6":{"start":{"line":4,"column":0},"end":{"line":4,"column":42}},"7":{"start":{"line":6,"column":35},"end":{"line":6,"column":39}},"8":{"start":{"line":9,"column":2},"end":{"line":9,"column":20}},"9":{"start":{"line":9,"column":10},"end":{"line":9,"column":20}},"10":{"start":{"line":11,"column":17},"end":{"line":11,"column":60}},"11":{"start":{"line":12,"column":2},"end":{"line":12,"column":28}},"12":{"start":{"line":14,"column":2},"end":{"line":14,"column":34}},"13":{"start":{"line":15,"column":2},"end":{"line":15,"column":44}},"14":{"start":{"line":18,"column":2},"end":{"line":18,"column":29}},"15":{"start":{"line":19,"column":2},"end":{"line":27,"column":3}},"16":{"start":{"line":20,"column":4},"end":{"line":22,"column":5}},"17":{"start":{"line":21,"column":6},"end":{"line":21,"column":25}},"18":{"start":{"line":23,"column":4},"end":{"line":23,"column":22}},"19":{"start":{"line":25,"column":4},"end":{"line":25,"column":24}},"20":{"start":{"line":26,"column":4},"end":{"line":26,"column":16}},"21":{"start":{"line":29,"column":2},"end":{"line":29,"column":12}},"22":{"start":{"line":33,"column":2},"end":{"line":36,"column":3}},"23":{"start":{"line":34,"column":4},"end":{"line":34,"column":15}},"24":{"start":{"line":35,"column":4},"end":{"line":35,"column":14}},"25":{"start":{"line":40,"column":2},"end":{"line":40,"column":18}},"26":{"start":{"line":40,"column":11},"end":{"line":40,"column":18}},"27":{"start":{"line":41,"column":15},"end":{"line":41,"column":96}},"28":{"start":{"line":42,"column":2},"end":{"line":42,"column":38}}},"fnMap":{"0":{"name":"initDb","decl":{"start":{"line":8,"column":16},"end":{"line":8,"column":22}},"loc":{"start":{"line":8,"column":22},"end":{"line":30,"column":1}}},"1":{"name":"closeDb","decl":{"start":{"line":32,"column":16},"end":{"line":32,"column":23}},"loc":{"start":{"line":32,"column":23},"end":{"line":37,"column":1}}},"2":{"name":"insertLog","decl":{"start":{"line":39,"column":16},"end":{"line":39,"column":25}},"loc":{"start":{"line":39,"column":75},"end":{"line":43,"column":1}}}},"branchMap":{"0":{"loc":{"start":{"line":9,"column":2},"end":{"line":9,"column":20}},"type":"if","locations":[{"start":{"line":9,"column":2},"end":{"line":9,"column":20}},{"start":{},"end":{}}]},"1":{"loc":{"start":{"line":33,"column":2},"end":{"line":36,"column":3}},"type":"if","locations":[{"start":{"line":33,"column":2},"end":{"line":36,"column":3}},{"start":{},"end":{}}]},"2":{"loc":{"start":{"line":40,"column":2},"end":{"line":40,"column":18}},"type":"if","locations":[{"start":{"line":40,"column":2},"end":{"line":40,"column":18}},{"start":{},"end":{}}]}},"s":{"0":9,"1":9,"2":9,"3":9,"4":9,"5":9,"6":9,"7":9,"8":9,"9":1,"10":8,"11":8,"12":8,"13":8,"14":8,"15":8,"16":8,"17":80,"18":8,"19":0,"20":0,"21":8,"22":8,"23":8,"24":8,"25":1,"26":0,"27":1,"28":1},"f":{"0":9,"1":8,"2":1},"b":{"0":[1,8],"1":[8,0],"2":[0,1]}}
,"/Users/rejoelm/Desktop/AI Projects/degen247/src/db/migrations.ts": {"path":"/Users/rejoelm/Desktop/AI Projects/degen247/src/db/migrations.ts","statementMap":{"0":{"start":{"line":1,"column":13},"end":{"line":98,"column":2}}},"fnMap":{},"branchMap":{},"s":{"0":9},"f":{},"b":{}}
,"/Users/rejoelm/Desktop/AI Projects/degen247/src/discovery/strategyAnalyzer.ts": {"path":"/Users/rejoelm/Desktop/AI Projects/degen247/src/discovery/strategyAnalyzer.ts","statementMap":{"0":{"start":{"line":5,"column":0},"end":{"line":5,"column":7}},"1":{"start":{"line":2,"column":0},"end":{"line":2,"column":48}},"2":{"start":{"line":3,"column":0},"end":{"line":3,"column":35}},"3":{"start":{"line":10,"column":2},"end":{"line":10,"column":77}},"4":{"start":{"line":12,"column":2},"end":{"line":17,"column":4}}},"fnMap":{"0":{"name":"analyzeWalletStrategy","decl":{"start":{"line":5,"column":22},"end":{"line":5,"column":43}},"loc":{"start":{"line":5,"column":65},"end":{"line":18,"column":1}}}},"branchMap":{},"s":{"0":2,"1":2,"2":2,"3":0,"4":0},"f":{"0":0},"b":{}}
,"/Users/rejoelm/Desktop/AI Projects/degen247/src/discovery/walletDiscovery.ts": {"path":"/Users/rejoelm/Desktop/AI Projects/degen247/src/discovery/walletDiscovery.ts","statementMap":{"0":{"start":{"line":10,"column":0},"end":{"line":10,"column":7}},"1":{"start":{"line":1,"column":0},"end":{"line":1,"column":56}},"2":{"start":{"line":2,"column":0},"end":{"line":2,"column":36}},"3":{"start":{"line":3,"column":0},"end":{"line":3,"column":35}},"4":{"start":{"line":11,"column":2},"end":{"line":49,"column":3}},"5":{"start":{"line":12,"column":17},"end":{"line":12,"column":74}},"6":{"start":{"line":18,"column":29},"end":{"line":26,"column":null}},"7":{"start":{"line":31,"column":24},"end":{"line":31,"column":49}},"8":{"start":{"line":33,"column":4},"end":{"line":38,"column":5}},"9":{"start":{"line":35,"column":26},"end":{"line":35,"column":69}},"10":{"start":{"line":36,"column":23},"end":{"line":36,"column":60}},"11":{"start":{"line":37,"column":6},"end":{"line":37,"column":70}},"12":{"start":{"line":40,"column":19},"end":{"line":43,"column":66}},"13":{"start":{"line":41,"column":22},"end":{"line":41,"column":33}},"14":{"start":{"line":43,"column":34},"end":{"line":43,"column":64}},"15":{"start":{"line":45,"column":4},"end":{"line":45,"column":18}},"16":{"start":{"line":47,"column":4},"end":{"line":47,"column":89}},"17":{"start":{"line":48,"column":4},"end":{"line":48,"column":14}}},"fnMap":{"0":{"name":"extractTopLpers","decl":{"start":{"line":10,"column":22},"end":{"line":10,"column":37}},"loc":{"start":{"line":10,"column":81},"end":{"line":50,"column":1}}},"1":{"name":"(anonymous_2)","decl":{"start":{"line":41,"column":12},"end":{"line":41,"column":13}},"loc":{"start":{"line":41,"column":22},"end":{"line":41,"column":33}}},"2":{"name":"(anonymous_3)","decl":{"start":{"line":43,"column":11},"end":{"line":43,"column":12}},"loc":{"start":{"line":43,"column":34},"end":{"line":43,"column":64}}}},"branchMap":{"0":{"loc":{"start":{"line":37,"column":33},"end":{"line":37,"column":63}},"type":"binary-expr","locations":[{"start":{"line":37,"column":33},"end":{"line":37,"column":58}},{"start":{"line":37,"column":62},"end":{"line":37,"column":63}}]}},"s":{"0":2,"1":2,"2":2,"3":2,"4":2,"5":2,"6":0,"7":0,"8":0,"9":0,"10":0,"11":0,"12":0,"13":0,"14":0,"15":0,"16":2,"17":2},"f":{"0":2,"1":0,"2":0},"b":{"0":[0,0]}}
,"/Users/rejoelm/Desktop/AI Projects/degen247/src/learning/memoryManager.ts": {"path":"/Users/rejoelm/Desktop/AI Projects/degen247/src/learning/memoryManager.ts","statementMap":{"0":{"start":{"line":18,"column":4},"end":{"line":18,"column":17}},"1":{"start":{"line":28,"column":22},"end":{"line":28,"column":32}},"2":{"start":{"line":29,"column":22},"end":{"line":29,"column":83}},"3":{"start":{"line":31,"column":17},"end":{"line":33,"column":null}},"4":{"start":{"line":36,"column":17},"end":{"line":36,"column":82}},"5":{"start":{"line":37,"column":4},"end":{"line":37,"column":29}},"6":{"start":{"line":38,"column":4},"end":{"line":38,"column":42}},"7":{"start":{"line":43,"column":18},"end":{"line":43,"column":44}},"8":{"start":{"line":44,"column":17},"end":{"line":51,"column":null}},"9":{"start":{"line":53,"column":4},"end":{"line":53,"column":26}},"10":{"start":{"line":58,"column":16},"end":{"line":58,"column":26}},"11":{"start":{"line":60,"column":20},"end":{"line":65,"column":6}},"12":{"start":{"line":67,"column":17},"end":{"line":67,"column":67}},"13":{"start":{"line":70,"column":19},"end":{"line":79,"column":6}},"14":{"start":{"line":71,"column":18},"end":{"line":71,"column":30}},"15":{"start":{"line":72,"column":6},"end":{"line":72,"column":32}},"16":{"start":{"line":72,"column":20},"end":{"line":72,"column":32}},"17":{"start":{"line":73,"column":6},"end":{"line":77,"column":7}},"18":{"start":{"line":74,"column":8},"end":{"line":76,"column":9}},"19":{"start":{"line":75,"column":10},"end":{"line":75,"column":23}},"20":{"start":{"line":78,"column":6},"end":{"line":78,"column":37}},"21":{"start":{"line":81,"column":4},"end":{"line":81,"column":47}},"22":{"start":{"line":81,"column":26},"end":{"line":81,"column":45}},"23":{"start":{"line":82,"column":4},"end":{"line":91,"column":8}},"24":{"start":{"line":82,"column":44},"end":{"line":91,"column":6}},"25":{"start":{"line":95,"column":4},"end":{"line":95,"column":79}},"26":{"start":{"line":99,"column":4},"end":{"line":99,"column":112}},"27":{"start":{"line":14,"column":0},"end":{"line":14,"column":13}}},"fnMap":{"0":{"name":"(anonymous_0)","decl":{"start":{"line":17,"column":2},"end":{"line":17,"column":14}},"loc":{"start":{"line":17,"column":35},"end":{"line":19,"column":3}}},"1":{"name":"(anonymous_1)","decl":{"start":{"line":21,"column":2},"end":{"line":21,"column":11}},"loc":{"start":{"line":26,"column":25},"end":{"line":39,"column":3}}},"2":{"name":"(anonymous_2)","decl":{"start":{"line":41,"column":10},"end":{"line":41,"column":23}},"loc":{"start":{"line":41,"column":60},"end":{"line":54,"column":3}}},"3":{"name":"(anonymous_3)","decl":{"start":{"line":56,"column":2},"end":{"line":56,"column":21}},"loc":{"start":{"line":56,"column":104},"end":{"line":92,"column":3}}},"4":{"name":"(anonymous_4)","decl":{"start":{"line":70,"column":28},"end":{"line":70,"column":29}},"loc":{"start":{"line":70,"column":32},"end":{"line":79,"column":5}}},"5":{"name":"(anonymous_5)","decl":{"start":{"line":81,"column":16},"end":{"line":81,"column":17}},"loc":{"start":{"line":81,"column":26},"end":{"line":81,"column":45}}},"6":{"name":"(anonymous_6)","decl":{"start":{"line":82,"column":38},"end":{"line":82,"column":39}},"loc":{"start":{"line":82,"column":44},"end":{"line":91,"column":6}}},"7":{"name":"(anonymous_7)","decl":{"start":{"line":94,"column":2},"end":{"line":94,"column":11}},"loc":{"start":{"line":94,"column":22},"end":{"line":96,"column":3}}},"8":{"name":"(anonymous_8)","decl":{"start":{"line":98,"column":2},"end":{"line":98,"column":14}},"loc":{"start":{"line":98,"column":14},"end":{"line":100,"column":3}}}},"branchMap":{"0":{"loc":{"start":{"line":25,"column":4},"end":{"line":25,"column":28}},"type":"default-arg","locations":[{"start":{"line":25,"column":25},"end":{"line":25,"column":28}}]},"1":{"loc":{"start":{"line":26,"column":4},"end":{"line":26,"column":25}},"type":"default-arg","locations":[{"start":{"line":26,"column":23},"end":{"line":26,"column":25}}]},"2":{"loc":{"start":{"line":29,"column":22},"end":{"line":29,"column":83}},"type":"cond-expr","locations":[{"start":{"line":29,"column":37},"end":{"line":29,"column":76}},{"start":{"line":29,"column":79},"end":{"line":29,"column":83}}]},"3":{"loc":{"start":{"line":43,"column":18},"end":{"line":43,"column":44}},"type":"cond-expr","locations":[{"start":{"line":43,"column":38},"end":{"line":43,"column":39}},{"start":{"line":43,"column":42},"end":{"line":43,"column":44}}]},"4":{"loc":{"start":{"line":56,"column":87},"end":{"line":56,"column":104}},"type":"default-arg","locations":[{"start":{"line":56,"column":103},"end":{"line":56,"column":104}}]},"5":{"loc":{"start":{"line":72,"column":6},"end":{"line":72,"column":32}},"type":"if","locations":[{"start":{"line":72,"column":6},"end":{"line":72,"column":32}},{"start":{},"end":{}}]},"6":{"loc":{"start":{"line":74,"column":8},"end":{"line":76,"column":9}},"type":"if","locations":[{"start":{"line":74,"column":8},"end":{"line":76,"column":9}},{"start":{},"end":{}}]}},"s":{"0":8,"1":26,"2":26,"3":26,"4":26,"5":26,"6":26,"7":26,"8":26,"9":26,"10":6,"11":6,"12":6,"13":6,"14":3,"15":3,"16":1,"17":3,"18":2,"19":1,"20":3,"21":6,"22":1,"23":6,"24":3,"25":1,"26":0,"27":4},"f":{"0":8,"1":26,"2":26,"3":6,"4":3,"5":1,"6":3,"7":1,"8":0},"b":{"0":[0],"1":[0],"2":[26,0],"3":[1,25],"4":[6],"5":[1,2],"6":[1,1]}}
,"/Users/rejoelm/Desktop/AI Projects/degen247/src/learning/metrics.ts": {"path":"/Users/rejoelm/Desktop/AI Projects/degen247/src/learning/metrics.ts","statementMap":{"0":{"start":{"line":10,"column":0},"end":{"line":10,"column":16}},"1":{"start":{"line":13,"column":20},"end":{"line":13,"column":40}},"2":{"start":{"line":15,"column":16},"end":{"line":23,"column":4}},"3":{"start":{"line":26,"column":2},"end":{"line":40,"column":3}},"4":{"start":{"line":27,"column":16},"end":{"line":27,"column":46}},"5":{"start":{"line":28,"column":4},"end":{"line":30,"column":5}},"6":{"start":{"line":29,"column":6},"end":{"line":29,"column":78}},"7":{"start":{"line":32,"column":4},"end":{"line":37,"column":6}},"8":{"start":{"line":39,"column":4},"end":{"line":39,"column":76}}},"fnMap":{"0":{"name":"calculateMetrics","decl":{"start":{"line":10,"column":16},"end":{"line":10,"column":32}},"loc":{"start":{"line":10,"column":118},"end":{"line":41,"column":1}}}},"branchMap":{"0":{"loc":{"start":{"line":13,"column":20},"end":{"line":13,"column":40}},"type":"cond-expr","locations":[{"start":{"line":13,"column":30},"end":{"line":13,"column":33}},{"start":{"line":13,"column":36},"end":{"line":13,"column":40}}]},"1":{"loc":{"start":{"line":28,"column":4},"end":{"line":30,"column":5}},"type":"if","locations":[{"start":{"line":28,"column":4},"end":{"line":30,"column":5}},{"start":{},"end":{}}]},"2":{"loc":{"start":{"line":28,"column":8},"end":{"line":28,"column":31}},"type":"binary-expr","locations":[{"start":{"line":28,"column":8},"end":{"line":28,"column":12}},{"start":{"line":28,"column":16},"end":{"line":28,"column":31}}]},"3":{"loc":{"start":{"line":34,"column":15},"end":{"line":34,"column":32}},"type":"binary-expr","locations":[{"start":{"line":34,"column":15},"end":{"line":34,"column":27}},{"start":{"line":34,"column":31},"end":{"line":34,"column":32}}]},"4":{"loc":{"start":{"line":35,"column":17},"end":{"line":35,"column":33}},"type":"binary-expr","locations":[{"start":{"line":35,"column":17},"end":{"line":35,"column":28}},{"start":{"line":35,"column":32},"end":{"line":35,"column":33}}]},"5":{"loc":{"start":{"line":36,"column":20},"end":{"line":36,"column":36}},"type":"binary-expr","locations":[{"start":{"line":36,"column":20},"end":{"line":36,"column":31}},{"start":{"line":36,"column":35},"end":{"line":36,"column":36}}]}},"s":{"0":1,"1":0,"2":0,"3":0,"4":0,"5":0,"6":0,"7":0,"8":0},"f":{"0":0},"b":{"0":[0,0],"1":[0,0],"2":[0,0],"3":[0,0],"4":[0,0],"5":[0,0]}}
,"/Users/rejoelm/Desktop/AI Projects/degen247/src/learning/thresholdEvolution.ts": {"path":"/Users/rejoelm/Desktop/AI Projects/degen247/src/learning/thresholdEvolution.ts","statementMap":{"0":{"start":{"line":7,"column":0},"end":{"line":7,"column":16}},"1":{"start":{"line":1,"column":0},"end":{"line":1,"column":25}},"2":{"start":{"line":4,"column":0},"end":{"line":4,"column":35}},"3":{"start":{"line":5,"column":0},"end":{"line":5,"column":45}},"4":{"start":{"line":8,"column":2},"end":{"line":8,"column":67}},"5":{"start":{"line":10,"column":25},"end":{"line":10,"column":115}},"6":{"start":{"line":11,"column":2},"end":{"line":14,"column":3}},"7":{"start":{"line":12,"column":4},"end":{"line":12,"column":93}},"8":{"start":{"line":13,"column":4},"end":{"line":13,"column":11}},"9":{"start":{"line":17,"column":20},"end":{"line":17,"column":55}},"10":{"start":{"line":18,"column":21},"end":{"line":18,"column":42}},"11":{"start":{"line":20,"column":18},"end":{"line":20,"column":70}},"12":{"start":{"line":21,"column":22},"end":{"line":21,"column":27}},"13":{"start":{"line":23,"column":2},"end":{"line":53,"column":3}},"14":{"start":{"line":24,"column":23},"end":{"line":24,"column":36}},"15":{"start":{"line":26,"column":25},"end":{"line":26,"column":66}},"16":{"start":{"line":27,"column":25},"end":{"line":27,"column":67}},"17":{"start":{"line":34,"column":16},"end":{"line":34,"column":17}},"18":{"start":{"line":35,"column":4},"end":{"line":41,"column":5}},"19":{"start":{"line":37,"column":6},"end":{"line":37,"column":32}},"20":{"start":{"line":38,"column":11},"end":{"line":41,"column":5}},"21":{"start":{"line":40,"column":6},"end":{"line":40,"column":35}},"22":{"start":{"line":43,"column":4},"end":{"line":52,"column":5}},"23":{"start":{"line":44,"column":21},"end":{"line":44,"column":34}},"24":{"start":{"line":45,"column":6},"end":{"line":45,"column":37}},"25":{"start":{"line":48,"column":6},"end":{"line":48,"column":73}},"26":{"start":{"line":48,"column":53},"end":{"line":48,"column":73}},"27":{"start":{"line":50,"column":6},"end":{"line":50,"column":99}},"28":{"start":{"line":51,"column":6},"end":{"line":51,"column":27}},"29":{"start":{"line":55,"column":2},"end":{"line":64,"column":3}},"30":{"start":{"line":56,"column":4},"end":{"line":56,"column":70}},"31":{"start":{"line":57,"column":4},"end":{"line":57,"column":69}},"32":{"start":{"line":60,"column":4},"end":{"line":60,"column":102}},"33":{"start":{"line":61,"column":4},"end":{"line":61,"column":89}},"34":{"start":{"line":63,"column":4},"end":{"line":63,"column":73}}},"fnMap":{"0":{"name":"evolveThresholds","decl":{"start":{"line":7,"column":16},"end":{"line":7,"column":32}},"loc":{"start":{"line":7,"column":74},"end":{"line":65,"column":1}}}},"branchMap":{"0":{"loc":{"start":{"line":11,"column":2},"end":{"line":14,"column":3}},"type":"if","locations":[{"start":{"line":11,"column":2},"end":{"line":14,"column":3}},{"start":{},"end":{}}]},"1":{"loc":{"start":{"line":11,"column":6},"end":{"line":11,"column":49}},"type":"binary-expr","locations":[{"start":{"line":11,"column":6},"end":{"line":11,"column":21}},{"start":{"line":11,"column":25},"end":{"line":11,"column":49}}]},"2":{"loc":{"start":{"line":35,"column":4},"end":{"line":41,"column":5}},"type":"if","locations":[{"start":{"line":35,"column":4},"end":{"line":41,"column":5}},{"start":{"line":38,"column":11},"end":{"line":41,"column":5}}]},"3":{"loc":{"start":{"line":38,"column":11},"end":{"line":41,"column":5}},"type":"if","locations":[{"start":{"line":38,"column":11},"end":{"line":41,"column":5}},{"start":{},"end":{}}]},"4":{"loc":{"start":{"line":43,"column":4},"end":{"line":52,"column":5}},"type":"if","locations":[{"start":{"line":43,"column":4},"end":{"line":52,"column":5}},{"start":{},"end":{}}]},"5":{"loc":{"start":{"line":48,"column":6},"end":{"line":48,"column":73}},"type":"if","locations":[{"start":{"line":48,"column":6},"end":{"line":48,"column":73}},{"start":{},"end":{}}]},"6":{"loc":{"start":{"line":48,"column":10},"end":{"line":48,"column":51}},"type":"binary-expr","locations":[{"start":{"line":48,"column":10},"end":{"line":48,"column":28}},{"start":{"line":48,"column":32},"end":{"line":48,"column":51}}]},"7":{"loc":{"start":{"line":55,"column":2},"end":{"line":64,"column":3}},"type":"if","locations":[{"start":{"line":55,"column":2},"end":{"line":64,"column":3}},{"start":{"line":62,"column":9},"end":{"line":64,"column":3}}]}},"s":{"0":2,"1":2,"2":2,"3":2,"4":2,"5":2,"6":2,"7":1,"8":1,"9":1,"10":1,"11":1,"12":1,"13":1,"14":3,"15":3,"16":3,"17":3,"18":3,"19":3,"20":0,"21":0,"22":3,"23":3,"24":3,"25":3,"26":0,"27":3,"28":3,"29":1,"30":1,"31":1,"32":1,"33":1,"34":0},"f":{"0":2},"b":{"0":[1,1],"1":[2,2],"2":[3,0],"3":[0,0],"4":[3,0],"5":[0,3],"6":[3,1],"7":[1,0]}}
,"/Users/rejoelm/Desktop/AI Projects/degen247/src/owner/keyExport.ts": {"path":"/Users/rejoelm/Desktop/AI Projects/degen247/src/owner/keyExport.ts","statementMap":{"0":{"start":{"line":4,"column":0},"end":{"line":4,"column":16}},"1":{"start":{"line":1,"column":0},"end":{"line":1,"column":28}},"2":{"start":{"line":2,"column":0},"end":{"line":2,"column":35}},"3":{"start":{"line":5,"column":2},"end":{"line":8,"column":3}},"4":{"start":{"line":6,"column":4},"end":{"line":6,"column":75}},"5":{"start":{"line":7,"column":4},"end":{"line":7,"column":16}},"6":{"start":{"line":11,"column":12},"end":{"line":11,"column":43}},"7":{"start":{"line":12,"column":12},"end":{"line":12,"column":44}},"8":{"start":{"line":14,"column":2},"end":{"line":17,"column":3}},"9":{"start":{"line":15,"column":4},"end":{"line":15,"column":82}},"10":{"start":{"line":16,"column":4},"end":{"line":16,"column":16}},"11":{"start":{"line":19,"column":2},"end":{"line":22,"column":3}},"12":{"start":{"line":20,"column":4},"end":{"line":20,"column":62}},"13":{"start":{"line":21,"column":4},"end":{"line":21,"column":27}},"14":{"start":{"line":24,"column":2},"end":{"line":24,"column":73}},"15":{"start":{"line":25,"column":2},"end":{"line":25,"column":14}}},"fnMap":{"0":{"name":"exportKeyAuthorized","decl":{"start":{"line":4,"column":16},"end":{"line":4,"column":35}},"loc":{"start":{"line":4,"column":100},"end":{"line":26,"column":1}}}},"branchMap":{"0":{"loc":{"start":{"line":5,"column":2},"end":{"line":8,"column":3}},"type":"if","locations":[{"start":{"line":5,"column":2},"end":{"line":8,"column":3}},{"start":{},"end":{}}]},"1":{"loc":{"start":{"line":5,"column":6},"end":{"line":5,"column":33}},"type":"binary-expr","locations":[{"start":{"line":5,"column":6},"end":{"line":5,"column":18}},{"start":{"line":5,"column":22},"end":{"line":5,"column":33}}]},"2":{"loc":{"start":{"line":14,"column":2},"end":{"line":17,"column":3}},"type":"if","locations":[{"start":{"line":14,"column":2},"end":{"line":17,"column":3}},{"start":{},"end":{}}]},"3":{"loc":{"start":{"line":19,"column":2},"end":{"line":22,"column":3}},"type":"if","locations":[{"start":{"line":19,"column":2},"end":{"line":22,"column":3}},{"start":{},"end":{}}]}},"s":{"0":2,"1":2,"2":2,"3":5,"4":0,"5":0,"6":5,"7":5,"8":5,"9":2,"10":2,"11":3,"12":2,"13":2,"14":1,"15":1},"f":{"0":5},"b":{"0":[0,5],"1":[5,5],"2":[2,3],"3":[2,1]}}
,"/Users/rejoelm/Desktop/AI Projects/degen247/src/owner/payoutManager.ts": {"path":"/Users/rejoelm/Desktop/AI Projects/degen247/src/owner/payoutManager.ts","statementMap":{"0":{"start":{"line":3,"column":0},"end":{"line":3,"column":35}},"1":{"start":{"line":4,"column":0},"end":{"line":4,"column":35}},"2":{"start":{"line":11,"column":4},"end":{"line":11,"column":17}},"3":{"start":{"line":15,"column":4},"end":{"line":15,"column":31}},"4":{"start":{"line":15,"column":24},"end":{"line":15,"column":31}},"5":{"start":{"line":19,"column":20},"end":{"line":19,"column":21}},"6":{"start":{"line":22,"column":22},"end":{"line":22,"column":41}},"7":{"start":{"line":23,"column":4},"end":{"line":23,"column":31}},"8":{"start":{"line":23,"column":24},"end":{"line":23,"column":31}},"9":{"start":{"line":25,"column":23},"end":{"line":25,"column":56}},"10":{"start":{"line":26,"column":24},"end":{"line":26,"column":46}},"11":{"start":{"line":29,"column":4},"end":{"line":29,"column":163}},"12":{"start":{"line":33,"column":4},"end":{"line":35,"column":5}},"13":{"start":{"line":34,"column":6},"end":{"line":34,"column":37}},"14":{"start":{"line":39,"column":4},"end":{"line":39,"column":31}},"15":{"start":{"line":39,"column":24},"end":{"line":39,"column":31}},"16":{"start":{"line":41,"column":4},"end":{"line":41,"column":74}},"17":{"start":{"line":45,"column":4},"end":{"line":48,"column":6}},"18":{"start":{"line":7,"column":0},"end":{"line":7,"column":13}}},"fnMap":{"0":{"name":"(anonymous_0)","decl":{"start":{"line":10,"column":2},"end":{"line":10,"column":14}},"loc":{"start":{"line":10,"column":35},"end":{"line":12,"column":3}}},"1":{"name":"(anonymous_1)","decl":{"start":{"line":14,"column":9},"end":{"line":14,"column":25}},"loc":{"start":{"line":14,"column":43},"end":{"line":36,"column":3}}},"2":{"name":"(anonymous_2)","decl":{"start":{"line":38,"column":9},"end":{"line":38,"column":22}},"loc":{"start":{"line":38,"column":40},"end":{"line":49,"column":3}}}},"branchMap":{"0":{"loc":{"start":{"line":15,"column":4},"end":{"line":15,"column":31}},"type":"if","locations":[{"start":{"line":15,"column":4},"end":{"line":15,"column":31}},{"start":{},"end":{}}]},"1":{"loc":{"start":{"line":23,"column":4},"end":{"line":23,"column":31}},"type":"if","locations":[{"start":{"line":23,"column":4},"end":{"line":23,"column":31}},{"start":{},"end":{}}]},"2":{"loc":{"start":{"line":33,"column":4},"end":{"line":35,"column":5}},"type":"if","locations":[{"start":{"line":33,"column":4},"end":{"line":35,"column":5}},{"start":{},"end":{}}]},"3":{"loc":{"start":{"line":39,"column":4},"end":{"line":39,"column":31}},"type":"if","locations":[{"start":{"line":39,"column":4},"end":{"line":39,"column":31}},{"start":{},"end":{}}]}},"s":{"0":1,"1":1,"2":2,"3":2,"4":1,"5":1,"6":1,"7":1,"8":0,"9":1,"10":1,"11":1,"12":1,"13":1,"14":1,"15":0,"16":1,"17":1,"18":1},"f":{"0":2,"1":2,"2":1},"b":{"0":[1,1],"1":[0,1],"2":[1,0],"3":[0,1]}}
,"/Users/rejoelm/Desktop/AI Projects/degen247/src/owner/topupDetector.ts": {"path":"/Users/rejoelm/Desktop/AI Projects/degen247/src/owner/topupDetector.ts","statementMap":{"0":{"start":{"line":1,"column":0},"end":{"line":1,"column":33}},"1":{"start":{"line":2,"column":0},"end":{"line":2,"column":35}},"2":{"start":{"line":10,"column":4},"end":{"line":10,"column":17}},"3":{"start":{"line":11,"column":4},"end":{"line":11,"column":50}},"4":{"start":{"line":16,"column":4},"end":{"line":30,"column":5}},"5":{"start":{"line":17,"column":26},"end":{"line":17,"column":63}},"6":{"start":{"line":18,"column":6},"end":{"line":18,"column":82}},"7":{"start":{"line":20,"column":6},"end":{"line":20,"column":115}},"8":{"start":{"line":23,"column":6},"end":{"line":23,"column":69}},"9":{"start":{"line":24,"column":6},"end":{"line":24,"column":46}},"10":{"start":{"line":25,"column":6},"end":{"line":25,"column":44}},"11":{"start":{"line":28,"column":6},"end":{"line":28,"column":44}},"12":{"start":{"line":29,"column":6},"end":{"line":29,"column":46}},"13":{"start":{"line":5,"column":0},"end":{"line":5,"column":13}}},"fnMap":{"0":{"name":"(anonymous_0)","decl":{"start":{"line":9,"column":2},"end":{"line":9,"column":14}},"loc":{"start":{"line":9,"column":35},"end":{"line":12,"column":3}}},"1":{"name":"(anonymous_1)","decl":{"start":{"line":14,"column":9},"end":{"line":14,"column":21}},"loc":{"start":{"line":14,"column":44},"end":{"line":31,"column":3}}}},"branchMap":{"0":{"loc":{"start":{"line":16,"column":4},"end":{"line":30,"column":5}},"type":"if","locations":[{"start":{"line":16,"column":4},"end":{"line":30,"column":5}},{"start":{"line":26,"column":11},"end":{"line":30,"column":5}}]},"1":{"loc":{"start":{"line":23,"column":29},"end":{"line":23,"column":53}},"type":"binary-expr","locations":[{"start":{"line":23,"column":29},"end":{"line":23,"column":48}},{"start":{"line":23,"column":52},"end":{"line":23,"column":53}}]}},"s":{"0":1,"1":1,"2":2,"3":2,"4":2,"5":1,"6":1,"7":1,"8":1,"9":1,"10":1,"11":1,"12":1,"13":1},"f":{"0":2,"1":2},"b":{"0":[1,1],"1":[1,0]}}
,"/Users/rejoelm/Desktop/AI Projects/degen247/src/pools/narrativeChecker.ts": {"path":"/Users/rejoelm/Desktop/AI Projects/degen247/src/pools/narrativeChecker.ts","statementMap":{"0":{"start":{"line":7,"column":0},"end":{"line":7,"column":7}},"1":{"start":{"line":2,"column":0},"end":{"line":2,"column":51}},"2":{"start":{"line":3,"column":0},"end":{"line":3,"column":35}},"3":{"start":{"line":4,"column":0},"end":{"line":4,"column":35}},"4":{"start":{"line":8,"column":40},"end":{"line":14,"column":4}},"5":{"start":{"line":16,"column":2},"end":{"line":60,"column":3}},"6":{"start":{"line":22,"column":4},"end":{"line":29,"column":5}},"7":{"start":{"line":23,"column":6},"end":{"line":28,"column":8}},"8":{"start":{"line":31,"column":19},"end":{"line":42,"column":6}},"9":{"start":{"line":44,"column":16},"end":{"line":47,"column":36}},"10":{"start":{"line":49,"column":19},"end":{"line":49,"column":34}},"11":{"start":{"line":50,"column":4},"end":{"line":56,"column":6}},"12":{"start":{"line":58,"column":4},"end":{"line":58,"column":92}},"13":{"start":{"line":59,"column":4},"end":{"line":59,"column":25}}},"fnMap":{"0":{"name":"checkNarrative","decl":{"start":{"line":7,"column":22},"end":{"line":7,"column":36}},"loc":{"start":{"line":7,"column":54},"end":{"line":61,"column":1}}}},"branchMap":{"0":{"loc":{"start":{"line":22,"column":4},"end":{"line":29,"column":5}},"type":"if","locations":[{"start":{"line":22,"column":4},"end":{"line":29,"column":5}},{"start":{},"end":{}}]}},"s":{"0":2,"1":2,"2":2,"3":2,"4":2,"5":2,"6":2,"7":2,"8":0,"9":0,"10":0,"11":0,"12":0,"13":0},"f":{"0":2},"b":{"0":[2,0]}}
[...]
,"/Users/rejoelm/Desktop/AI Projects/degen247/src/positions/sizing.ts": {"path":"/Users/rejoelm/Desktop/AI Projects/degen247/src/positions/sizing.ts","statementMap":{"0":{"start":{"line":4,"column":0},"end":{"line":4,"column":16}},"1":{"start":{"line":18,"column":0},"end":{"line":18,"column":16}},"2":{"start":{"line":5,"column":2},"end":{"line":7,"column":3}},"3":{"start":{"line":6,"column":4},"end":{"line":6,"column":34}},"4":{"start":{"line":9,"column":21},"end":{"line":9,"column":70}},"5":{"start":{"line":10,"column":23},"end":{"line":10,"column":59}},"6":{"start":{"line":12,"column":20},"end":{"line":12,"column":67}},"7":{"start":{"line":15,"column":2},"end":{"line":15,"column":59}},"8":{"start":{"line":19,"column":2},"end":{"line":21,"column":3}},"9":{"start":{"line":20,"column":4},"end":{"line":20,"column":58}},"10":{"start":{"line":23,"column":2},"end":{"line":25,"column":3}},"11":{"start":{"line":24,"column":4},"end":{"line":24,"column":88}},"12":{"start":{"line":27,"column":22},"end":{"line":27,"column":65}},"13":{"start":{"line":28,"column":2},"end":{"line":30,"column":3}},"14":{"start":{"line":29,"column":4},"end":{"line":29,"column":123}},"15":{"start":{"line":32,"column":2},"end":{"line":34,"column":3}},"16":{"start":{"line":33,"column":4},"end":{"line":33,"column":73}},"17":{"start":{"line":36,"column":2},"end":{"line":42,"column":3}},"18":{"start":{"line":37,"column":29},"end":{"line":37,"column":89}},"19":{"start":{"line":39,"column":4},"end":{"line":41,"column":5}},"20":{"start":{"line":40,"column":6},"end":{"line":40,"column":92}},"21":{"start":{"line":44,"column":2},"end":{"line":44,"column":27}}},"fnMap":{"0":{"name":"calculateDeployAmount","decl":{"start":{"line":4,"column":16},"end":{"line":4,"column":37}},"loc":{"start":{"line":4,"column":78},"end":{"line":16,"column":1}}},"1":{"name":"canOpenPosition","decl":{"start":{"line":18,"column":16},"end":{"line":18,"column":31}},"loc":{"start":{"line":18,"column":97},"end":{"line":45,"column":1}}}},"branchMap":{"0":{"loc":{"start":{"line":5,"column":2},"end":{"line":7,"column":3}},"type":"if","locations":[{"start":{"line":5,"column":2},"end":{"line":7,"column":3}},{"start":{},"end":{}}]},"1":{"loc":{"start":{"line":19,"column":2},"end":{"line":21,"column":3}},"type":"if","locations":[{"start":{"line":19,"column":2},"end":{"line":21,"column":3}},{"start":{},"end":{}}]},"2":{"loc":{"start":{"line":23,"column":2},"end":{"line":25,"column":3}},"type":"if","locations":[{"start":{"line":23,"column":2},"end":{"line":25,"column":3}},{"start":{},"end":{}}]},"3":{"loc":{"start":{"line":27,"column":22},"end":{"line":27,"column":65}},"type":"binary-expr","locations":[{"start":{"line":27,"column":22},"end":{"line":27,"column":42}},{"start":{"line":27,"column":46},"end":{"line":27,"column":65}}]},"4":{"loc":{"start":{"line":28,"column":2},"end":{"line":30,"column":3}},"type":"if","locations":[{"start":{"line":28,"column":2},"end":{"line":30,"column":3}},{"start":{},"end":{}}]},"5":{"loc":{"start":{"line":32,"column":2},"end":{"line":34,"column":3}},"type":"if","locations":[{"start":{"line":32,"column":2},"end":{"line":34,"column":3}},{"start":{},"end":{}}]},"6":{"loc":{"start":{"line":32,"column":6},"end":{"line":32,"column":61}},"type":"binary-expr","locations":[{"start":{"line":32,"column":6},"end":{"line":32,"column":25}},{"start":{"line":32,"column":29},"end":{"line":32,"column":61}}]},"7":{"loc":{"start":{"line":36,"column":2},"end":{"line":42,"column":3}},"type":"if","locations":[{"start":{"line":36,"column":2},"end":{"line":42,"column":3}},{"start":{},"end":{}}]},"8":{"loc":{"start":{"line":39,"column":4},"end":{"line":41,"column":5}},"type":"if","locations":[{"start":{"line":39,"column":4},"end":{"line":41,"column":5}},{"start":{},"end":{}}]},"9":{"loc":{"start":{"line":39,"column":8},"end":{"line":39,"column":57}},"type":"binary-expr","locations":[{"start":{"line":39,"column":8},"end":{"line":39,"column":29}},{"start":{"line":39,"column":33},"end":{"line":39,"column":57}}]}},"s":{"0":3,"1":3,"2":3,"3":0,"4":3,"5":3,"6":3,"7":3,"8":6,"9":1,"10":5,"11":1,"12":4,"13":4,"14":1,"15":3,"16":0,"17":3,"18":1,"19":1,"20":0,"21":3},"f":{"0":3,"1":6},"b":{"0":[0,3],"1":[1,5],"2":[1,4],"3":[4,4],"4":[1,3],"5":[0,3],"6":[3,0],"7":[1,2],"8":[0,1],"9":[1,1]}}
,"/Users/rejoelm/Desktop/AI Projects/degen247/src/risk/capitalBuckets.ts": {"path":"/Users/rejoelm/Desktop/AI Projects/degen247/src/risk/capitalBuckets.ts","statementMap":{"0":{"start":{"line":10,"column":40},"end":{"line":14,"column":4}},"1":{"start":{"line":17,"column":28},"end":{"line":17,"column":29}},"2":{"start":{"line":18,"column":32},"end":{"line":18,"column":33}},"3":{"start":{"line":19,"column":29},"end":{"line":19,"column":30}},"4":{"start":{"line":24,"column":4},"end":{"line":26,"column":5}},"5":{"start":{"line":25,"column":6},"end":{"line":25,"column":53}},"6":{"start":{"line":27,"column":4},"end":{"line":27,"column":35}},"7":{"start":{"line":31,"column":22},"end":{"line":31,"column":72}},"8":{"start":{"line":32,"column":17},"end":{"line":32,"column":36}},"9":{"start":{"line":33,"column":4},"end":{"line":33,"column":41}},"10":{"start":{"line":37,"column":4},"end":{"line":37,"column":37}},"11":{"start":{"line":41,"column":4},"end":{"line":41,"column":71}},"12":{"start":{"line":7,"column":0},"end":{"line":7,"column":13}},"13":{"start":{"line":45,"column":13},"end":{"line":45,"column":59}}},"fnMap":{"0":{"name":"(anonymous_0)","decl":{"start":{"line":21,"column":2},"end":{"line":21,"column":25}},"loc":{"start":{"line":21,"column":2},"end":{"line":21,"column":26}}},"1":{"name":"(anonymous_1)","decl":{"start":{"line":23,"column":9},"end":{"line":23,"column":15}},"loc":{"start":{"line":23,"column":27},"end":{"line":28,"column":3}}},"2":{"name":"(anonymous_2)","decl":{"start":{"line":30,"column":2},"end":{"line":30,"column":21}},"loc":{"start":{"line":30,"column":85},"end":{"line":34,"column":3}}},"3":{"name":"(anonymous_3)","decl":{"start":{"line":36,"column":2},"end":{"line":36,"column":18}},"loc":{"start":{"line":36,"column":73},"end":{"line":38,"column":3}}},"4":{"name":"(anonymous_4)","decl":{"start":{"line":40,"column":2},"end":{"line":40,"column":15}},"loc":{"start":{"line":40,"column":70},"end":{"line":42,"column":3}}}},"branchMap":{"0":{"loc":{"start":{"line":24,"column":4},"end":{"line":26,"column":5}},"type":"if","locations":[{"start":{"line":24,"column":4},"end":{"line":26,"column":5}},{"start":{},"end":{}}]}},"s":{"0":1,"1":1,"2":1,"3":1,"4":1,"5":1,"6":1,"7":3,"8":3,"9":3,"10":1,"11":1,"12":1,"13":1},"f":{"0":1,"1":1,"2":3,"3":1,"4":1},"b":{"0":[1,0]}}
,"/Users/rejoelm/Desktop/AI Projects/degen247/src/sync/changeAnalyzer.ts": {"path":"/Users/rejoelm/Desktop/AI Projects/degen247/src/sync/changeAnalyzer.ts","statementMap":{"0":{"start":{"line":11,"column":0},"end":{"line":11,"column":7}},"1":{"start":{"line":1,"column":0},"end":{"line":1,"column":51}},"2":{"start":{"line":3,"column":0},"end":{"line":3,"column":35}},"3":{"start":{"line":12,"column":18},"end":{"line":12,"column":100}},"4":{"start":{"line":12,"column":33},"end":{"line":12,"column":86}},"5":{"start":{"line":14,"column":20},"end":{"line":24,"column":2}},"6":{"start":{"line":26,"column":2},"end":{"line":47,"column":3}},"7":{"start":{"line":27,"column":16},"end":{"line":34,"column":null}},"8":{"start":{"line":37,"column":16},"end":{"line":37,"column":36}},"9":{"start":{"line":39,"column":19},"end":{"line":39,"column":84}},"10":{"start":{"line":40,"column":4},"end":{"line":44,"column":6}},"11":{"start":{"line":46,"column":4},"end":{"line":46,"column":98}}},"fnMap":{"0":{"name":"analyzeChanges","decl":{"start":{"line":11,"column":22},"end":{"line":11,"column":36}},"loc":{"start":{"line":11,"column":54},"end":{"line":48,"column":1}}},"1":{"name":"(anonymous_1)","decl":{"start":{"line":12,"column":28},"end":{"line":12,"column":29}},"loc":{"start":{"line":12,"column":33},"end":{"line":12,"column":86}}}},"branchMap":{"0":{"loc":{"start":{"line":37,"column":16},"end":{"line":37,"column":36}},"type":"binary-expr","locations":[{"start":{"line":37,"column":16},"end":{"line":37,"column":28}},{"start":{"line":37,"column":32},"end":{"line":37,"column":36}}]},"1":{"loc":{"start":{"line":41,"column":15},"end":{"line":41,"column":49}},"type":"binary-expr","locations":[{"start":{"line":41,"column":15},"end":{"line":41,"column":29}},{"start":{"line":41,"column":33},"end":{"line":41,"column":49}}]},"2":{"loc":{"start":{"line":43,"column":26},"end":{"line":43,"column":57}},"type":"binary-expr","locations":[{"start":{"line":43,"column":26},"end":{"line":43,"column":51}},{"start":{"line":43,"column":55},"end":{"line":43,"column":57}}]}},"s":{"0":1,"1":1,"2":1,"3":1,"4":1,"5":1,"6":1,"7":1,"8":1,"9":1,"10":1,"11":0},"f":{"0":1,"1":1},"b":{"0":[1,0],"1":[1,0],"2":[1,0]}}
,"/Users/rejoelm/Desktop/AI Projects/degen247/src/sync/githubFetcher.ts": {"path":"/Users/rejoelm/Desktop/AI Projects/degen247/src/sync/githubFetcher.ts","statementMap":{"0":{"start":{"line":9,"column":0},"end":{"line":9,"column":7}},"1":{"start":{"line":1,"column":0},"end":{"line":1,"column":35}},"2":{"start":{"line":10,"column":2},"end":{"line":10,"column":97}},"3":{"start":{"line":14,"column":2},"end":{"line":20,"column":4}}},"fnMap":{"0":{"name":"fetchGithubUpstreamDiff","decl":{"start":{"line":9,"column":22},"end":{"line":9,"column":45}},"loc":{"start":{"line":9,"column":91},"end":{"line":21,"column":1}}}},"branchMap":{},"s":{"0":1,"1":1,"2":1,"3":1},"f":{"0":1},"b":{}}
,"/Users/rejoelm/Desktop/AI Projects/degen247/src/sync/planGenerator.ts": {"path":"/Users/rejoelm/Desktop/AI Projects/degen247/src/sync/planGenerator.ts","statementMap":{"0":{"start":{"line":11,"column":0},"end":{"line":11,"column":7}},"1":{"start":{"line":1,"column":0},"end":{"line":1,"column":51}},"2":{"start":{"line":3,"column":0},"end":{"line":3,"column":35}},"3":{"start":{"line":12,"column":20},"end":{"line":20,"column":2}},"4":{"start":{"line":22,"column":2},"end":{"line":47,"column":3}},"5":{"start":{"line":23,"column":16},"end":{"line":30,"column":null}},"6":{"start":{"line":33,"column":16},"end":{"line":33,"column":36}},"7":{"start":{"line":34,"column":19},"end":{"line":34,"column":84}},"8":{"start":{"line":36,"column":4},"end":{"line":40,"column":6}},"9":{"start":{"line":42,"column":4},"end":{"line":46,"column":6}}},"fnMap":{"0":{"name":"generateUpdatePlan","decl":{"start":{"line":11,"column":22},"end":{"line":11,"column":40}},"loc":{"start":{"line":11,"column":65},"end":{"line":48,"column":1}}}},"branchMap":{"0":{"loc":{"start":{"line":33,"column":16},"end":{"line":33,"column":36}},"type":"binary-expr","locations":[{"start":{"line":33,"column":16},"end":{"line":33,"column":28}},{"start":{"line":33,"column":32},"end":{"line":33,"column":36}}]},"1":{"loc":{"start":{"line":37,"column":14},"end":{"line":37,"column":51}},"type":"binary-expr","locations":[{"start":{"line":37,"column":14},"end":{"line":37,"column":27}},{"start":{"line":37,"column":31},"end":{"line":37,"column":51}}]},"2":{"loc":{"start":{"line":38,"column":25},"end":{"line":38,"column":61}},"type":"binary-expr","locations":[{"start":{"line":38,"column":25},"end":{"line":38,"column":49}},{"start":{"line":38,"column":53},"end":{"line":38,"column":61}}]},"3":{"loc":{"start":{"line":39,"column":23},"end":{"line":39,"column":51}},"type":"binary-expr","locations":[{"start":{"line":39,"column":23},"end":{"line":39,"column":45}},{"start":{"line":39,"column":49},"end":{"line":39,"column":51}}]}},"s":{"0":1,"1":1,"2":1,"3":1,"4":1,"5":1,"6":1,"7":1,"8":1,"9":0},"f":{"0":1},"b":{"0":[1,0],"1":[1,0],"2":[1,0],"3":[1,0]}}
,"/Users/rejoelm/Desktop/AI Projects/degen247/src/sync/snapshotManager.ts": {"path":"/Users/rejoelm/Desktop/AI Projects/degen247/src/sync/snapshotManager.ts","statementMap":{"0":{"start":{"line":1,"column":0},"end":{"line":1,"column":25}},"1":{"start":{"line":2,"column":0},"end":{"line":2,"column":29}},"2":{"start":{"line":13,"column":4},"end":{"line":13,"column":55}},"3":{"start":{"line":14,"column":4},"end":{"line":14,"column":22}},"4":{"start":{"line":18,"column":4},"end":{"line":23,"column":5}},"5":{"start":{"line":19,"column":6},"end":{"line":22,"column":9}},"6":{"start":{"line":27,"column":17},"end":{"line":27,"column":54}},"7":{"start":{"line":28,"column":4},"end":{"line":28,"column":45}},"8":{"start":{"line":32,"column":4},"end":{"line":32,"column":67}},"9":{"start":{"line":9,"column":0},"end":{"line":9,"column":13}}},"fnMap":{"0":{"name":"(anonymous_9)","decl":{"start":{"line":12,"column":2},"end":{"line":12,"column":14}},"loc":{"start":{"line":12,"column":40},"end":{"line":15,"column":3}}},"1":{"name":"(anonymous_10)","decl":{"start":{"line":17,"column":10},"end":{"line":17,"column":20}},"loc":{"start":{"line":17,"column":20},"end":{"line":24,"column":3}}},"2":{"name":"(anonymous_11)","decl":{"start":{"line":26,"column":9},"end":{"line":26,"column":20}},"loc":{"start":{"line":26,"column":20},"end":{"line":29,"column":3}}},"3":{"name":"(anonymous_12)","decl":{"start":{"line":31,"column":9},"end":{"line":31,"column":21}},"loc":{"start":{"line":31,"column":42},"end":{"line":33,"column":3}}}},"branchMap":{"0":{"loc":{"start":{"line":12,"column":14},"end":{"line":12,"column":40}},"type":"default-arg","locations":[{"start":{"line":12,"column":32},"end":{"line":12,"column":40}}]},"1":{"loc":{"start":{"line":18,"column":4},"end":{"line":23,"column":5}},"type":"if","locations":[{"start":{"line":18,"column":4},"end":{"line":23,"column":5}},{"start":{},"end":{}}]}},"s":{"0":1,"1":1,"2":2,"3":2,"4":2,"5":1,"6":2,"7":2,"8":2,"9":1},"f":{"0":2,"1":2,"2":2,"3":2},"b":{"0":[0],"1":[1,1]}}
,"/Users/rejoelm/Desktop/AI Projects/degen247/src/telegram/bot.ts": {"path":"/Users/rejoelm/Desktop/AI Projects/degen247/src/telegram/bot.ts","statementMap":{"0":{"start":{"line":1,"column":0},"end":{"line":1,"column":33}},"1":{"start":{"line":2,"column":0},"end":{"line":2,"column":61}},"2":{"start":{"line":3,"column":0},"end":{"line":3,"column":57}},"3":{"start":{"line":4,"column":0},"end":{"line":4,"column":107}},"4":{"start":{"line":15,"column":4},"end":{"line":15,"column":17}},"5":{"start":{"line":16,"column":4},"end":{"line":16,"column":37}},"6":{"start":{"line":17,"column":4},"end":{"line":17,"column":33}},"7":{"start":{"line":21,"column":18},"end":{"line":21,"column":42}},"8":{"start":{"line":22,"column":16},"end":{"line":22,"column":38}},"9":{"start":{"line":24,"column":4},"end":{"line":50,"column":5}},"10":{"start":{"line":25,"column":6},"end":{"line":47,"column":7}},"11":{"start":{"line":27,"column":10},"end":{"line":27,"column":90}},"12":{"start":{"line":29,"column":10},"end":{"line":29,"column":30}},"13":{"start":{"line":30,"column":10},"end":{"line":30,"column":59}},"14":{"start":{"line":32,"column":10},"end":{"line":32,"column":31}},"15":{"start":{"line":33,"column":10},"end":{"line":33,"column":60}},"16":{"start":{"line":35,"column":10},"end":{"line":35,"column":30}},"17":{"start":{"line":37,"column":10},"end":{"line":37,"column":41}},"18":{"start":{"line":39,"column":10},"end":{"line":39,"column":50}},"19":{"start":{"line":41,"column":27},"end":{"line":41,"column":41}},"20":{"start":{"line":42,"column":22},"end":{"line":42,"column":87}},"21":{"start":{"line":43,"column":10},"end":{"line":43,"column":54}},"22":{"start":{"line":43,"column":20},"end":{"line":43,"column":54}},"23":{"start":{"line":44,"column":10},"end":{"line":44,"column":59}},"24":{"start":{"line":46,"column":10},"end":{"line":46,"column":79}},"25":{"start":{"line":49,"column":6},"end":{"line":49,"column":44}},"26":{"start":{"line":8,"column":0},"end":{"line":8,"column":13}}},"fnMap":{"0":{"name":"(anonymous_0)","decl":{"start":{"line":14,"column":2},"end":{"line":14,"column":14}},"loc":{"start":{"line":14,"column":77},"end":{"line":18,"column":3}}},"1":{"name":"(anonymous_1)","decl":{"start":{"line":20,"column":9},"end":{"line":20,"column":14}},"loc":{"start":{"line":20,"column":43},"end":{"line":51,"column":3}}}},"branchMap":{"0":{"loc":{"start":{"line":25,"column":6},"end":{"line":47,"column":7}},"type":"switch","locations":[{"start":{"line":26,"column":8},"end":{"line":27,"column":90}},{"start":{"line":28,"column":8},"end":{"line":30,"column":59}},{"start":{"line":31,"column":8},"end":{"line":33,"column":60}},{"start":{"line":34,"column":8},"end":{"line":37,"column":41}},{"start":{"line":38,"column":8},"end":{"line":39,"column":50}},{"start":{"line":40,"column":8},"end":{"line":44,"column":59}},{"start":{"line":45,"column":8},"end":{"line":46,"column":79}}]},"1":{"loc":{"start":{"line":41,"column":27},"end":{"line":41,"column":41}},"type":"binary-expr","locations":[{"start":{"line":41,"column":27},"end":{"line":41,"column":35}},{"start":{"line":41,"column":39},"end":{"line":41,"column":41}}]},"2":{"loc":{"start":{"line":43,"column":10},"end":{"line":43,"column":54}},"type":"if","locations":[{"start":{"line":43,"column":10},"end":{"line":43,"column":54}},{"start":{},"end":{}}]}},"s":{"0":1,"1":1,"2":1,"3":1,"4":1,"5":1,"6":1,"7":5,"8":5,"9":5,"10":5,"11":1,"12":1,"13":1,"14":0,"15":0,"16":0,"17":0,"18":0,"19":2,"20":2,"21":2,"22":1,"23":1,"24":1,"25":0,"26":1},"f":{"0":1,"1":5},"b":{"0":[1,1,0,0,0,2,1],"1":[2,0],"2":[1,1]}}
,"/Users/rejoelm/Desktop/AI Projects/degen247/src/telegram/formatter.ts": {"path":"/Users/rejoelm/Desktop/AI Projects/degen247/src/telegram/formatter.ts","statementMap":{"0":{"start":{"line":1,"column":0},"end":{"line":1,"column":16}},"1":{"start":{"line":10,"column":0},"end":{"line":10,"column":16}},"2":{"start":{"line":14,"column":0},"end":{"line":14,"column":16}},"3":{"start":{"line":18,"column":0},"end":{"line":18,"column":16}},"4":{"start":{"line":2,"column":21},"end":{"line":2,"column":42}},"5":{"start":{"line":3,"column":2},"end":{"line":7,"column":11}},"6":{"start":{"line":11,"column":2},"end":{"line":11,"column":73}},"7":{"start":{"line":15,"column":2},"end":{"line":15,"column":46}},"8":{"start":{"line":19,"column":2},"end":{"line":19,"column":29}}},"fnMap":{"0":{"name":"formatStatus","decl":{"start":{"line":1,"column":16},"end":{"line":1,"column":28}},"loc":{"start":{"line":1,"column":87},"end":{"line":8,"column":1}}},"1":{"name":"formatEmergencyStatus","decl":{"start":{"line":10,"column":16},"end":{"line":10,"column":37}},"loc":{"start":{"line":10,"column":37},"end":{"line":12,"column":1}}},"2":{"name":"formatKeysExportAuthFail","decl":{"start":{"line":14,"column":16},"end":{"line":14,"column":40}},"loc":{"start":{"line":14,"column":40},"end":{"line":16,"column":1}}},"3":{"name":"formatSuccess","decl":{"start":{"line":18,"column":16},"end":{"line":18,"column":29}},"loc":{"start":{"line":18,"column":41},"end":{"line":20,"column":1}}}},"branchMap":{"0":{"loc":{"start":{"line":2,"column":21},"end":{"line":2,"column":42}},"type":"cond-expr","locations":[{"start":{"line":2,"column":32},"end":{"line":2,"column":35}},{"start":{"line":2,"column":38},"end":{"line":2,"column":42}}]}},"s":{"0":1,"1":1,"2":1,"3":1,"4":1,"5":1,"6":0,"7":1,"8":1},"f":{"0":1,"1":0,"2":1,"3":1},"b":{"0":[0,1]}}
}
