{"/Users/rejoelm/Desktop/AI Projects/degen247/src/config.ts": {"path":"/Users/rejoelm/Desktop/AI Projects/degen247/src/config.ts","statementMap":{"0":{"start":{"line":89,"column":0},"end":{"line":89,"column":16}},"1":{"start":{"line":1,"column":0},"end":{"line":1,"column":20}},"2":{"start":{"line":2,"column":0},"end":{"line":2,"column":24}},"3":{"start":{"line":3,"column":0},"end":{"line":3,"column":23}},"4":{"start":{"line":4,"column":0},"end":{"line":4,"column":24}},"5":{"start":{"line":8,"column":18},"end":{"line":23,"column":2}},"6":{"start":{"line":21,"column":39},"end":{"line":21,"column":51}},"7":{"start":{"line":25,"column":25},"end":{"line":52,"column":2}},"8":{"start":{"line":60,"column":25},"end":{"line":60,"column":69}},"9":{"start":{"line":63,"column":0},"end":{"line":68,"column":1}},"10":{"start":{"line":64,"column":2},"end":{"line":64,"column":43}},"11":{"start":{"line":66,"column":2},"end":{"line":66,"column":67}},"12":{"start":{"line":67,"column":2},"end":{"line":67,"column":18}},"13":{"start":{"line":71,"column":2},"end":{"line":76,"column":3}},"14":{"start":{"line":73,"column":21},"end":{"line":73,"column":47}},"15":{"start":{"line":74,"column":4},"end":{"line":74,"column":74}},"16":{"start":{"line":75,"column":4},"end":{"line":75,"column":20}},"17":{"start":{"line":77,"column":2},"end":{"line":83,"column":3}},"18":{"start":{"line":78,"column":16},"end":{"line":78,"column":69}},"19":{"start":{"line":79,"column":4},"end":{"line":79,"column":39}},"20":{"start":{"line":81,"column":4},"end":{"line":81,"column":86}},"21":{"start":{"line":82,"column":4},"end":{"line":82,"column":38}},"22":{"start":{"line":86,"column":13},"end":{"line":86,"column":68}},"23":{"start":{"line":90,"column":20},"end":{"line":90,"column":36}},"24":{"start":{"line":91,"column":2},"end":{"line":91,"column":35}},"25":{"start":{"line":92,"column":2},"end":{"line":92,"column":16}}},"fnMap":{"0":{"name":"(anonymous_1)","decl":{"start":{"line":21,"column":32},"end":{"line":21,"column":33}},"loc":{"start":{"line":21,"column":39},"end":{"line":21,"column":51}}},"1":{"name":"loadUserConfig","decl":{"start":{"line":70,"column":9},"end":{"line":70,"column":23}},"loc":{"start":{"line":70,"column":23},"end":{"line":84,"column":1}}},"2":{"name":"reloadConfig","decl":{"start":{"line":89,"column":16},"end":{"line":89,"column":28}},"loc":{"start":{"line":89,"column":28},"end":{"line":93,"column":1}}}},"branchMap":{"0":{"loc":{"start":{"line":71,"column":2},"end":{"line":76,"column":3}},"type":"if","locations":[{"start":{"line":71,"column":2},"end":{"line":76,"column":3}},{"start":{},"end":{}}]}},"s":{"0":18,"1":18,"2":18,"3":18,"4":18,"5":18,"6":18,"7":18,"8":18,"9":18,"10":18,"11":0,"12":0,"13":18,"14":0,"15":0,"16":0,"17":18,"18":18,"19":18,"20":0,"21":0,"22":18,"23":0,"24":0,"25":0},"f":{"0":18,"1":18,"2":0},"b":{"0":[0,18]}}
,"/Users/rejoelm/Desktop/AI Projects/degen247/src/index.ts": {"path":"/Users/rejoelm/Desktop/AI Projects/degen247/src/index.ts","statementMap":{"0":{"start":{"line":21,"column":0},"end":{"line":21,"column":7}},"1":{"start":{"line":1,"column":0},"end":{"line":1,"column":29}},"2":{"start":{"line":2,"column":0},"end":{"line":2,"column":36}},"3":{"start":{"line":3,"column":0},"end":{"line":3,"column":45}},"4":{"start":{"line":4,"column":0},"end":{"line":4,"column":20}},"5":{"start":{"line":5,"column":0},"end":{"line":5,"column":24}},"6":{"start":{"line":6,"column":0},"end":{"line":6,"column":48}},"7":{"start":{"line":7,"column":0},"end":{"line":7,"column":34}},"8":{"start":{"line":8,"column":0},"end":{"line":8,"column":34}},"9":{"start":{"line":9,"column":0},"end":{"line":9,"column":32}},"10":{"start":{"line":10,"column":0},"end":{"line":10,"column":50}},"11":{"start":{"line":11,"column":0},"end":{"line":11,"column":58}},"12":{"start":{"line":12,"column":0},"end":{"line":12,"column":51}},"13":{"start":{"line":15,"column":0},"end":{"line":15,"column":55}},"14":{"start":{"line":16,"column":0},"end":{"line":16,"column":55}},"15":{"start":{"line":17,"column":0},"end":{"line":17,"column":51}},"16":{"start":{"line":18,"column":0},"end":{"line":18,"column":60}},"17":{"start":{"line":19,"column":0},"end":{"line":19,"column":65}},"18":{"start":{"line":22,"column":2},"end":{"line":22,"column":73}},"19":{"start":{"line":24,"column":2},"end":{"line":26,"column":3}},"20":{"start":{"line":25,"column":4},"end":{"line":25,"column":55}},"21":{"start":{"line":29,"column":18},"end":{"line":29,"column":50}},"22":{"start":{"line":30,"column":2},"end":{"line":33,"column":3}},"23":{"start":{"line":31,"column":4},"end":{"line":31,"column":47}},"24":{"start":{"line":32,"column":4},"end":{"line":32,"column":53}},"25":{"start":{"line":36,"column":13},"end":{"line":36,"column":21}},"26":{"start":{"line":39,"column":21},"end":{"line":39,"column":71}},"27":{"start":{"line":40,"column":17},"end":{"line":40,"column":29}},"28":{"start":{"line":41,"column":24},"end":{"line":41,"column":76}},"29":{"start":{"line":44,"column":2},"end":{"line":51,"column":3}},"30":{"start":{"line":45,"column":4},"end":{"line":45,"column":58}},"31":{"start":{"line":46,"column":4},"end":{"line":46,"column":49}},"32":{"start":{"line":47,"column":4},"end":{"line":47,"column":120}},"33":{"start":{"line":49,"column":4},"end":{"line":49,"column":92}},"34":{"start":{"line":50,"column":4},"end":{"line":50,"column":31}},"35":{"start":{"line":54,"column":2},"end":{"line":54,"column":36}},"36":{"start":{"line":57,"column":2},"end":{"line":130,"column":3}},"37":{"start":{"line":58,"column":4},"end":{"line":127,"column":5}},"38":{"start":{"line":59,"column":32},"end":{"line":59,"column":57}},"39":{"start":{"line":61,"column":18},"end":{"line":61,"column":57}},"40":{"start":{"line":64,"column":6},"end":{"line":70,"column":9}},"41":{"start":{"line":65,"column":8},"end":{"line":68,"column":9}},"42":{"start":{"line":66,"column":10},"end":{"line":66,"column":95}},"43":{"start":{"line":67,"column":10},"end":{"line":67,"column":17}},"44":{"start":{"line":69,"column":8},"end":{"line":69,"column":22}},"45":{"start":{"line":73,"column":6},"end":{"line":77,"column":8}},"46":{"start":{"line":74,"column":8},"end":{"line":75,"column":null}},"47":{"start":{"line":79,"column":6},"end":{"line":82,"column":9}},"48":{"start":{"line":80,"column":22},"end":{"line":80,"column":70}},"49":{"start":{"line":81,"column":8},"end":{"line":81,"column":25}},"50":{"start":{"line":84,"column":6},"end":{"line":87,"column":9}},"51":{"start":{"line":85,"column":22},"end":{"line":85,"column":69}},"52":{"start":{"line":86,"column":8},"end":{"line":86,"column":25}},"53":{"start":{"line":89,"column":6},"end":{"line":92,"column":9}},"54":{"start":{"line":90,"column":22},"end":{"line":90,"column":70}},"55":{"start":{"line":91,"column":8},"end":{"line":91,"column":25}},"56":{"start":{"line":94,"column":6},"end":{"line":97,"column":9}},"57":{"start":{"line":95,"column":22},"end":{"line":95,"column":73}},"58":{"start":{"line":96,"column":8},"end":{"line":96,"column":25}},"59":{"start":{"line":99,"column":6},"end":{"line":102,"column":9}},"60":{"start":{"line":100,"column":22},"end":{"line":100,"column":72}},"61":{"start":{"line":101,"column":8},"end":{"line":101,"column":25}},"62":{"start":{"line":107,"column":6},"end":{"line":113,"column":9}},"63":{"start":{"line":108,"column":21},"end":{"line":108,"column":43}},"64":{"start":{"line":109,"column":8},"end":{"line":112,"column":9}},"65":{"start":{"line":110,"column":24},"end":{"line":110,"column":67}},"66":{"start":{"line":111,"column":10},"end":{"line":111,"column":27}},"67":{"start":{"line":116,"column":6},"end":{"line":118,"column":8}},"68":{"start":{"line":117,"column":8},"end":{"line":117,"column":66}},"69":{"start":{"line":121,"column":6},"end":{"line":121,"column":55}},"70":{"start":{"line":121,"column":35},"end":{"line":121,"column":53}},"71":{"start":{"line":122,"column":6},"end":{"line":122,"column":57}},"72":{"start":{"line":122,"column":36},"end":{"line":122,"column":55}},"73":{"start":{"line":124,"column":6},"end":{"line":124,"column":70}},"74":{"start":{"line":126,"column":6},"end":{"line":126,"column":104}},"75":{"start":{"line":129,"column":4},"end":{"line":129,"column":84}},"76":{"start":{"line":133,"column":2},"end":{"line":136,"column":4}},"77":{"start":{"line":139,"column":2},"end":{"line":146,"column":5}},"78":{"start":{"line":140,"column":4},"end":{"line":140,"column":29}},"79":{"start":{"line":140,"column":22},"end":{"line":140,"column":29}},"80":{"start":{"line":141,"column":4},"end":{"line":145,"column":5}},"81":{"start":{"line":142,"column":6},"end":{"line":142,"column":59}},"82":{"start":{"line":144,"column":6},"end":{"line":144,"column":40}},"83":{"start":{"line":149,"column":2},"end":{"line":156,"column":5}},"84":{"start":{"line":150,"column":4},"end":{"line":150,"column":29}},"85":{"start":{"line":150,"column":22},"end":{"line":150,"column":29}},"86":{"start":{"line":151,"column":4},"end":{"line":155,"column":5}},"87":{"start":{"line":152,"column":6},"end":{"line":152,"column":59}},"88":{"start":{"line":154,"column":6},"end":{"line":154,"column":40}},"89":{"start":{"line":159,"column":2},"end":{"line":166,"column":5}},"90":{"start":{"line":160,"column":4},"end":{"line":165,"column":5}},"91":{"start":{"line":161,"column":6},"end":{"line":161,"column":60}},"92":{"start":{"line":162,"column":6},"end":{"line":162,"column":40}},"93":{"start":{"line":164,"column":6},"end":{"line":164,"column":38}},"94":{"start":{"line":169,"column":2},"end":{"line":175,"column":5}},"95":{"start":{"line":170,"column":4},"end":{"line":174,"column":5}},"96":{"start":{"line":171,"column":6},"end":{"line":171,"column":73}},"97":{"start":{"line":173,"column":6},"end":{"line":173,"column":42}},"98":{"start":{"line":178,"column":2},"end":{"line":185,"column":5}},"99":{"start":{"line":179,"column":4},"end":{"line":184,"column":5}},"100":{"start":{"line":180,"column":16},"end":{"line":180,"column":43}},"101":{"start":{"line":181,"column":6},"end":{"line":181,"column":30}},"102":{"start":{"line":183,"column":6},"end":{"line":183,"column":39}},"103":{"start":{"line":187,"column":2},"end":{"line":187,"column":79}},"104":{"start":{"line":190,"column":2},"end":{"line":194,"column":5}},"105":{"start":{"line":191,"column":4},"end":{"line":191,"column":60}},"106":{"start":{"line":192,"column":4},"end":{"line":192,"column":14}},"107":{"start":{"line":193,"column":4},"end":{"line":193,"column":20}},"108":{"start":{"line":198,"column":0},"end":{"line":203,"column":1}},"109":{"start":{"line":199,"column":2},"end":{"line":202,"column":5}},"110":{"start":{"line":200,"column":4},"end":{"line":200,"column":49}},"111":{"start":{"line":201,"column":4},"end":{"line":201,"column":20}}},"fnMap":{"0":{"name":"bootstrap","decl":{"start":{"line":21,"column":22},"end":{"line":21,"column":31}},"loc":{"start":{"line":21,"column":31},"end":{"line":195,"column":1}}},"1":{"name":"(anonymous_2)","decl":{"start":{"line":64,"column":14},"end":{"line":64,"column":19}},"loc":{"start":{"line":64,"column":34},"end":{"line":70,"column":7}}},"2":{"name":"(anonymous_3)","decl":{"start":{"line":73,"column":27},"end":{"line":73,"column":30}},"loc":{"start":{"line":74,"column":8},"end":{"line":75,"column":null}}},"3":{"name":"(anonymous_4)","decl":{"start":{"line":79,"column":28},"end":{"line":79,"column":33}},"loc":{"start":{"line":79,"column":40},"end":{"line":82,"column":7}}},"4":{"name":"(anonymous_5)","decl":{"start":{"line":84,"column":27},"end":{"line":84,"column":32}},"loc":{"start":{"line":84,"column":39},"end":{"line":87,"column":7}}},"5":{"name":"(anonymous_6)","decl":{"start":{"line":89,"column":28},"end":{"line":89,"column":33}},"loc":{"start":{"line":89,"column":40},"end":{"line":92,"column":7}}},"6":{"name":"(anonymous_7)","decl":{"start":{"line":94,"column":31},"end":{"line":94,"column":36}},"loc":{"start":{"line":94,"column":43},"end":{"line":97,"column":7}}},"7":{"name":"(anonymous_8)","decl":{"start":{"line":99,"column":30},"end":{"line":99,"column":35}},"loc":{"start":{"line":99,"column":42},"end":{"line":102,"column":7}}},"8":{"name":"(anonymous_9)","decl":{"start":{"line":107,"column":21},"end":{"line":107,"column":26}},"loc":{"start":{"line":107,"column":33},"end":{"line":113,"column":7}}},"9":{"name":"(anonymous_10)","decl":{"start":{"line":116,"column":53},"end":{"line":116,"column":54}},"loc":{"start":{"line":117,"column":8},"end":{"line":117,"column":66}}},"10":{"name":"(anonymous_11)","decl":{"start":{"line":121,"column":29},"end":{"line":121,"column":32}},"loc":{"start":{"line":121,"column":35},"end":{"line":121,"column":53}}},"11":{"name":"(anonymous_12)","decl":{"start":{"line":122,"column":30},"end":{"line":122,"column":33}},"loc":{"start":{"line":122,"column":36},"end":{"line":122,"column":55}}},"12":{"name":"(anonymous_13)","decl":{"start":{"line":139,"column":61},"end":{"line":139,"column":66}},"loc":{"start":{"line":139,"column":72},"end":{"line":146,"column":3}}},"13":{"name":"(anonymous_14)","decl":{"start":{"line":149,"column":60},"end":{"line":149,"column":65}},"loc":{"start":{"line":149,"column":71},"end":{"line":156,"column":3}}},"14":{"name":"(anonymous_15)","decl":{"start":{"line":159,"column":29},"end":{"line":159,"column":34}},"loc":{"start":{"line":159,"column":40},"end":{"line":166,"column":3}}},"15":{"name":"(anonymous_16)","decl":{"start":{"line":169,"column":29},"end":{"line":169,"column":32}},"loc":{"start":{"line":169,"column":34},"end":{"line":175,"column":3}}},"16":{"name":"(anonymous_17)","decl":{"start":{"line":178,"column":50},"end":{"line":178,"column":53}},"loc":{"start":{"line":178,"column":55},"end":{"line":185,"column":3}}},"17":{"name":"(anonymous_18)","decl":{"start":{"line":190,"column":23},"end":{"line":190,"column":26}},"loc":{"start":{"line":190,"column":28},"end":{"line":194,"column":3}}},"18":{"name":"(anonymous_19)","decl":{"start":{"line":199,"column":20},"end":{"line":199,"column":23}},"loc":{"start":{"line":199,"column":26},"end":{"line":202,"column":3}}}},"branchMap":{"0":{"loc":{"start":{"line":24,"column":2},"end":{"line":26,"column":3}},"type":"if","locations":[{"start":{"line":24,"column":2},"end":{"line":26,"column":3}},{"start":{},"end":{}}]},"1":{"loc":{"start":{"line":30,"column":2},"end":{"line":33,"column":3}},"type":"if","locations":[{"start":{"line":30,"column":2},"end":{"line":33,"column":3}},{"start":{},"end":{}}]},"2":{"loc":{"start":{"line":57,"column":2},"end":{"line":130,"column":3}},"type":"if","locations":[{"start":{"line":57,"column":2},"end":{"line":130,"column":3}},{"start":{"line":128,"column":9},"end":{"line":130,"column":3}}]},"3":{"loc":{"start":{"line":65,"column":8},"end":{"line":68,"column":9}},"type":"if","locations":[{"start":{"line":65,"column":8},"end":{"line":68,"column":9}},{"start":{},"end":{}}]},"4":{"loc":{"start":{"line":65,"column":12},"end":{"line":65,"column":91}},"type":"binary-expr","locations":[{"start":{"line":65,"column":12},"end":{"line":65,"column":36}},{"start":{"line":65,"column":40},"end":{"line":65,"column":91}}]},"5":{"loc":{"start":{"line":108,"column":21},"end":{"line":108,"column":43}},"type":"binary-expr","locations":[{"start":{"line":108,"column":21},"end":{"line":108,"column":37}},{"start":{"line":108,"column":41},"end":{"line":108,"column":43}}]},"6":{"loc":{"start":{"line":109,"column":8},"end":{"line":112,"column":9}},"type":"if","locations":[{"start":{"line":109,"column":8},"end":{"line":112,"column":9}},{"start":{},"end":{}}]},"7":{"loc":{"start":{"line":140,"column":4},"end":{"line":140,"column":29}},"type":"if","locations":[{"start":{"line":140,"column":4},"end":{"line":140,"column":29}},{"start":{},"end":{}}]},"8":{"loc":{"start":{"line":150,"column":4},"end":{"line":150,"column":29}},"type":"if","locations":[{"start":{"line":150,"column":4},"end":{"line":150,"column":29}},{"start":{},"end":{}}]},"9":{"loc":{"start":{"line":198,"column":0},"end":{"line":203,"column":1}},"type":"if","locations":[{"start":{"line":198,"column":0},"end":{"line":203,"column":1}},{"start":{},"end":{}}]}},"s":{"0":1,"1":1,"2":1,"3":1,"4":1,"5":1,"6":1,"7":1,"8":1,"9":1,"10":1,"11":1,"12":1,"13":1,"14":1,"15":1,"16":1,"17":1,"18":1,"19":1,"20":1,"21":1,"22":1,"23":0,"24":0,"25":1,"26":1,"27":1,"28":1,"29":1,"30":1,"31":0,"32":0,"33":1,"34":1,"35":1,"36":1,"37":0,"38":0,"39":0,"40":0,"41":0,"42":0,"43":0,"44":0,"45":0,"46":0,"47":0,"48":0,"49":0,"50":0,"51":0,"52":0,"53":0,"54":0,"55":0,"56":0,"57":0,"58":0,"59":0,"60":0,"61":0,"62":0,"63":0,"64":0,"65":0,"66":0,"67":0,"68":0,"69":0,"70":0,"71":0,"72":0,"73":0,"74":0,"75":1,"76":1,"77":1,"78":0,"79":0,"80":0,"81":0,"82":0,"83":1,"84":0,"85":0,"86":0,"87":0,"88":0,"89":1,"90":0,"91":0,"92":0,"93":0,"94":1,"95":0,"96":0,"97":0,"98":1,"99":0,"100":0,"101":0,"102":0,"103":1,"104":1,"105":0,"106":0,"107":0,"108":1,"109":0,"110":0,"111":0},"f":{"0":1,"1":0,"2":0,"3":0,"4":0,"5":0,"6":0,"7":0,"8":0,"9":0,"10":0,"11":0,"12":0,"13":0,"14":0,"15":0,"16":0,"17":0,"18":0},"b":{"0":[1,0],"1":[0,1],"2":[0,1],"3":[0,0],"4":[0,0],"5":[0,0],"6":[0,0],"7":[0,0],"8":[0,0],"9":[0,1]}}
,"/Users/rejoelm/Desktop/AI Projects/degen247/src/logger.ts": {"path":"/Users/rejoelm/Desktop/AI Projects/degen247/src/logger.ts","statementMap":{"0":{"start":{"line":5,"column":0},"end":{"line":5,"column":16}},"1":{"start":{"line":1,"column":0},"end":{"line":1,"column":34}},"2":{"start":{"line":3,"column":20},"end":{"line":3,"column":24}},"3":{"start":{"line":6,"column":2},"end":{"line":6,"column":16}},"4":{"start":{"line":9,"column":13},"end":{"line":16,"column":2}},"5":{"start":{"line":10,"column":48},"end":{"line":10,"column":79}},"6":{"start":{"line":11,"column":48},"end":{"line":11,"column":79}},"7":{"start":{"line":12,"column":49},"end":{"line":12,"column":81}},"8":{"start":{"line":14,"column":4},"end":{"line":14,"column":89}},"9":{"start":{"line":14,"column":56},"end":{"line":14,"column":89}},"10":{"start":{"line":19,"column":20},"end":{"line":19,"column":79}},"11":{"start":{"line":20,"column":17},"end":{"line":20,"column":70}},"12":{"start":{"line":22,"column":2},"end":{"line":28,"column":3}},"13":{"start":{"line":23,"column":4},"end":{"line":23,"column":26}},"14":{"start":{"line":24,"column":9},"end":{"line":28,"column":3}},"15":{"start":{"line":25,"column":4},"end":{"line":25,"column":25}},"16":{"start":{"line":27,"column":4},"end":{"line":27,"column":24}},"17":{"start":{"line":30,"column":2},"end":{"line":36,"column":3}},"18":{"start":{"line":31,"column":4},"end":{"line":35,"column":5}},"19":{"start":{"line":32,"column":6},"end":{"line":32,"column":52}}},"fnMap":{"0":{"name":"setLogDatabase","decl":{"start":{"line":5,"column":16},"end":{"line":5,"column":30}},"loc":{"start":{"line":5,"column":38},"end":{"line":7,"column":1}}},"1":{"name":"(anonymous_1)","decl":{"start":{"line":10,"column":8},"end":{"line":10,"column":9}},"loc":{"start":{"line":10,"column":48},"end":{"line":10,"column":79}}},"2":{"name":"(anonymous_2)","decl":{"start":{"line":11,"column":8},"end":{"line":11,"column":9}},"loc":{"start":{"line":11,"column":48},"end":{"line":11,"column":79}}},"3":{"name":"(anonymous_3)","decl":{"start":{"line":12,"column":9},"end":{"line":12,"column":10}},"loc":{"start":{"line":12,"column":49},"end":{"line":12,"column":81}}},"4":{"name":"(anonymous_4)","decl":{"start":{"line":13,"column":9},"end":{"line":13,"column":10}},"loc":{"start":{"line":13,"column":48},"end":{"line":15,"column":3}}},"5":{"name":"log","decl":{"start":{"line":18,"column":9},"end":{"line":18,"column":12}},"loc":{"start":{"line":18,"column":62},"end":{"line":37,"column":1}}}},"branchMap":{"0":{"loc":{"start":{"line":14,"column":4},"end":{"line":14,"column":89}},"type":"if","locations":[{"start":{"line":14,"column":4},"end":{"line":14,"column":89}},{"start":{},"end":{}}]},"1":{"loc":{"start":{"line":14,"column":8},"end":{"line":14,"column":54}},"type":"binary-expr","locations":[{"start":{"line":14,"column":8},"end":{"line":14,"column":36}},{"start":{"line":14,"column":40},"end":{"line":14,"column":54}}]},"2":{"loc":{"start":{"line":22,"column":2},"end":{"line":28,"column":3}},"type":"if","locations":[{"start":{"line":22,"column":2},"end":{"line":28,"column":3}},{"start":{"line":24,"column":9},"end":{"line":28,"column":3}}]},"3":{"loc":{"start":{"line":24,"column":9},"end":{"line":28,"column":3}},"type":"if","locations":[{"start":{"line":24,"column":9},"end":{"line":28,"column":3}},{"start":{"line":26,"column":9},"end":{"line":28,"column":3}}]},"4":{"loc":{"start":{"line":30,"column":2},"end":{"line":36,"column":3}},"type":"if","locations":[{"start":{"line":30,"column":2},"end":{"line":36,"column":3}},{"start":{},"end":{}}]},"5":{"loc":{"start":{"line":30,"column":6},"end":{"line":30,"column":36}},"type":"binary-expr","locations":[{"start":{"line":30,"column":6},"end":{"line":30,"column":14}},{"start":{"line":30,"column":18},"end":{"line":30,"column":36}}]}},"s":{"0":15,"1":15,"2":15,"3":0,"4":15,"5":53,"6":9,"7":0,"8":1,"9":0,"10":62,"11":62,"12":62,"13":0,"14":62,"15":9,"16":53,"17":62,"18":0,"19":0},"f":{"0":0,"1":53,"2":9,"3":0,"4":1,"5":62},"b":{"0":[0,1],"1":[1,1],"2":[0,62],"3":[9,53],"4":[0,62],"5":[62,0]}}
,"/Users/rejoelm/Desktop/AI Projects/degen247/src/state.ts": {"path":"/Users/rejoelm/Desktop/AI Projects/degen247/src/state.ts","statementMap":{"0":{"start":{"line":22,"column":13},"end":{"line":35,"column":2}}},"fnMap":{},"branchMap":{},"s":{"0":6},"f":{},"b":{}}
,"/Users/rejoelm/Desktop/AI Projects/degen247/src/wallet.ts": {"path":"/Users/rejoelm/Desktop/AI Projects/degen247/src/wallet.ts","statementMap":{"0":{"start":{"line":8,"column":0},"end":{"line":8,"column":16}},"1":{"start":{"line":24,"column":0},"end":{"line":24,"column":16}},"2":{"start":{"line":28,"column":0},"end":{"line":28,"column":7}},"3":{"start":{"line":34,"column":0},"end":{"line":34,"column":16}},"4":{"start":{"line":1,"column":0},"end":{"line":1,"column":65}},"5":{"start":{"line":2,"column":0},"end":{"line":2,"column":24}},"6":{"start":{"line":3,"column":0},"end":{"line":3,"column":34}},"7":{"start":{"line":4,"column":0},"end":{"line":4,"column":28}},"8":{"start":{"line":6,"column":35},"end":{"line":6,"column":39}},"9":{"start":{"line":9,"column":2},"end":{"line":9,"column":40}},"10":{"start":{"line":9,"column":20},"end":{"line":9,"column":40}},"11":{"start":{"line":11,"column":2},"end":{"line":13,"column":3}},"12":{"start":{"line":12,"column":4},"end":{"line":12,"column":58}},"13":{"start":{"line":15,"column":2},"end":{"line":21,"column":3}},"14":{"start":{"line":16,"column":20},"end":{"line":16,"column":58}},"15":{"start":{"line":17,"column":4},"end":{"line":17,"column":50}},"16":{"start":{"line":18,"column":4},"end":{"line":18,"column":24}},"17":{"start":{"line":20,"column":4},"end":{"line":20,"column":84}},"18":{"start":{"line":25,"column":2},"end":{"line":25,"column":32}},"19":{"start":{"line":29,"column":17},"end":{"line":29,"column":31}},"20":{"start":{"line":30,"column":18},"end":{"line":30,"column":53}},"21":{"start":{"line":31,"column":2},"end":{"line":31,"column":23}},"22":{"start":{"line":35,"column":2},"end":{"line":35,"column":51}},"23":{"start":{"line":35,"column":39},"end":{"line":35,"column":51}},"24":{"start":{"line":37,"column":12},"end":{"line":37,"column":35}},"25":{"start":{"line":38,"column":12},"end":{"line":38,"column":40}},"26":{"start":{"line":40,"column":2},"end":{"line":40,"column":41}},"27":{"start":{"line":40,"column":29},"end":{"line":40,"column":41}},"28":{"start":{"line":42,"column":2},"end":{"line":44,"column":3}},"29":{"start":{"line":43,"column":4},"end":{"line":43,"column":47}},"30":{"start":{"line":45,"column":2},"end":{"line":45,"column":14}}},"fnMap":{"0":{"name":"loadWallet","decl":{"start":{"line":8,"column":16},"end":{"line":8,"column":26}},"loc":{"start":{"line":8,"column":26},"end":{"line":22,"column":1}}},"1":{"name":"getPublicKey","decl":{"start":{"line":24,"column":16},"end":{"line":24,"column":28}},"loc":{"start":{"line":24,"column":28},"end":{"line":26,"column":1}}},"2":{"name":"getBalance","decl":{"start":{"line":28,"column":22},"end":{"line":28,"column":32}},"loc":{"start":{"line":28,"column":55},"end":{"line":32,"column":1}}},"3":{"name":"exportPrivateKey","decl":{"start":{"line":34,"column":16},"end":{"line":34,"column":32}},"loc":{"start":{"line":34,"column":76},"end":{"line":46,"column":1}}}},"branchMap":{"0":{"loc":{"start":{"line":9,"column":2},"end":{"line":9,"column":40}},"type":"if","locations":[{"start":{"line":9,"column":2},"end":{"line":9,"column":40}},{"start":{},"end":{}}]},"1":{"loc":{"start":{"line":11,"column":2},"end":{"line":13,"column":3}},"type":"if","locations":[{"start":{"line":11,"column":2},"end":{"line":13,"column":3}},{"start":{},"end":{}}]},"2":{"loc":{"start":{"line":35,"column":2},"end":{"line":35,"column":51}},"type":"if","locations":[{"start":{"line":35,"column":2},"end":{"line":35,"column":51}},{"start":{},"end":{}}]},"3":{"loc":{"start":{"line":35,"column":6},"end":{"line":35,"column":37}},"type":"binary-expr","locations":[{"start":{"line":35,"column":6},"end":{"line":35,"column":17}},{"start":{"line":35,"column":21},"end":{"line":35,"column":37}}]},"4":{"loc":{"start":{"line":40,"column":2},"end":{"line":40,"column":41}},"type":"if","locations":[{"start":{"line":40,"column":2},"end":{"line":40,"column":41}},{"start":{},"end":{}}]},"5":{"loc":{"start":{"line":42,"column":2},"end":{"line":44,"column":3}},"type":"if","locations":[{"start":{"line":42,"column":2},"end":{"line":44,"column":3}},{"start":{},"end":{}}]}},"s":{"0":3,"1":3,"2":3,"3":3,"4":3,"5":3,"6":3,"7":3,"8":3,"9":1,"10":0,"11":1,"12":0,"13":1,"14":1,"15":1,"16":1,"17":0,"18":0,"19":0,"20":0,"21":0,"22":0,"23":0,"24":0,"25":0,"26":0,"27":0,"28":0,"29":0,"30":0},"f":{"0":1,"1":0,"2":0,"3":0},"b":{"0":[0,1],"1":[0,1],"2":[0,0],"3":[0,0],"4":[0,0],"5":[0,0]}}
,"/Users/rejoelm/Desktop/AI Projects/degen247/src/agents/briefing.ts": {"path":"/Users/rejoelm/Desktop/AI Projects/degen247/src/agents/briefing.ts","statementMap":{"0":{"start":{"line":4,"column":0},"end":{"line":4,"column":16}},"1":{"start":{"line":1,"column":0},"end":{"line":1,"column":33}},"2":{"start":{"line":5,"column":23},"end":{"line":5,"column":43}},"3":{"start":{"line":6,"column":23},"end":{"line":6,"column":45}},"4":{"start":{"line":9,"column":24},"end":{"line":9,"column":126}},"5":{"start":{"line":10,"column":28},"end":{"line":10,"column":117}},"6":{"start":{"line":10,"column":51},"end":{"line":10,"column":72}},"7":{"start":{"line":12,"column":2},"end":{"line":22,"column":2}}},"fnMap":{"0":{"name":"generateMorningBriefing","decl":{"start":{"line":4,"column":16},"end":{"line":4,"column":39}},"loc":{"start":{"line":4,"column":61},"end":{"line":23,"column":1}}},"1":{"name":"(anonymous_1)","decl":{"start":{"line":10,"column":46},"end":{"line":10,"column":47}},"loc":{"start":{"line":10,"column":51},"end":{"line":10,"column":72}}}},"branchMap":{"0":{"loc":{"start":{"line":10,"column":28},"end":{"line":10,"column":117}},"type":"binary-expr","locations":[{"start":{"line":10,"column":28},"end":{"line":10,"column":85}},{"start":{"line":10,"column":89},"end":{"line":10,"column":117}}]}},"s":{"0":3,"1":3,"2":1,"3":1,"4":1,"5":1,"6":1,"7":1},"f":{"0":1,"1":1},"b":{"0":[1,0]}}
,"/Users/rejoelm/Desktop/AI Projects/degen247/src/agents/healerAgent.ts": {"path":"/Users/rejoelm/Desktop/AI Projects/degen247/src/agents/healerAgent.ts","statementMap":{"0":{"start":{"line":16,"column":0},"end":{"line":16,"column":7}},"1":{"start":{"line":1,"column":0},"end":{"line":1,"column":33}},"2":{"start":{"line":2,"column":0},"end":{"line":2,"column":35}},"3":{"start":{"line":3,"column":0},"end":{"line":3,"column":58}},"4":{"start":{"line":4,"column":0},"end":{"line":4,"column":54}},"5":{"start":{"line":5,"column":0},"end":{"line":5,"column":49}},"6":{"start":{"line":6,"column":0},"end":{"line":6,"column":51}},"7":{"start":{"line":7,"column":0},"end":{"line":7,"column":44}},"8":{"start":{"line":9,"column":0},"end":{"line":9,"column":66}},"9":{"start":{"line":10,"column":0},"end":{"line":10,"column":55}},"10":{"start":{"line":11,"column":0},"end":{"line":11,"column":35}},"11":{"start":{"line":21,"column":2},"end":{"line":21,"column":54}},"12":{"start":{"line":23,"column":2},"end":{"line":26,"column":3}},"13":{"start":{"line":24,"column":4},"end":{"line":24,"column":58}},"14":{"start":{"line":25,"column":4},"end":{"line":25,"column":11}},"15":{"start":{"line":28,"column":24},"end":{"line":28,"column":45}},"16":{"start":{"line":29,"column":24},"end":{"line":29,"column":79}},"17":{"start":{"line":30,"column":30},"end":{"line":30,"column":32}},"18":{"start":{"line":32,"column":2},"end":{"line":59,"column":3}},"19":{"start":{"line":33,"column":19},"end":{"line":35,"column":21}},"20":{"start":{"line":36,"column":4},"end":{"line":36,"column":26}},"21":{"start":{"line":36,"column":17},"end":{"line":36,"column":26}},"22":{"start":{"line":38,"column":36},"end":{"line":46,"column":6}},"23":{"start":{"line":49,"column":19},"end":{"line":49,"column":83}},"24":{"start":{"line":51,"column":4},"end":{"line":58,"column":7}},"25":{"start":{"line":61,"column":19},"end":{"line":61,"column":90}},"26":{"start":{"line":62,"column":23},"end":{"line":62,"column":49}},"27":{"start":{"line":64,"column":23},"end":{"line":79,"column":2}},"28":{"start":{"line":81,"column":2},"end":{"line":81,"column":76}},"29":{"start":{"line":82,"column":22},"end":{"line":92,"column":null}},"30":{"start":{"line":95,"column":2},"end":{"line":98,"column":3}},"31":{"start":{"line":96,"column":4},"end":{"line":96,"column":73}},"32":{"start":{"line":97,"column":4},"end":{"line":97,"column":11}},"33":{"start":{"line":100,"column":2},"end":{"line":165,"column":3}},"34":{"start":{"line":101,"column":17},"end":{"line":101,"column":52}},"35":{"start":{"line":102,"column":18},"end":{"line":102,"column":33}},"36":{"start":{"line":103,"column":16},"end":{"line":103,"column":42}},"37":{"start":{"line":104,"column":21},"end":{"line":104,"column":66}},"38":{"start":{"line":104,"column":51},"end":{"line":104,"column":65}},"39":{"start":{"line":106,"column":4},"end":{"line":109,"column":5}},"40":{"start":{"line":107,"column":6},"end":{"line":107,"column":93}},"41":{"start":{"line":108,"column":6},"end":{"line":108,"column":15}},"42":{"start":{"line":111,"column":4},"end":{"line":111,"column":98}},"43":{"start":{"line":114,"column":6},"end":{"line":115,"column":48}},"44":{"start":{"line":117,"column":4},"end":{"line":164,"column":5}},"45":{"start":{"line":118,"column":6},"end":{"line":155,"column":7}},"46":{"start":{"line":119,"column":8},"end":{"line":124,"column":11}},"47":{"start":{"line":127,"column":28},"end":{"line":127,"column":125}},"48":{"start":{"line":128,"column":28},"end":{"line":128,"column":72}},"49":{"start":{"line":130,"column":8},"end":{"line":130,"column":38}},"50":{"start":{"line":131,"column":8},"end":{"line":133,"column":47}},"51":{"start":{"line":135,"column":19},"end":{"line":135,"column":37}},"52":{"start":{"line":137,"column":10},"end":{"line":137,"column":156}},"53":{"start":{"line":138,"column":8},"end":{"line":138,"column":78}},"54":{"start":{"line":139,"column":8},"end":{"line":145,"column":10}},"55":{"start":{"line":148,"column":8},"end":{"line":150,"column":9}},"56":{"start":{"line":149,"column":10},"end":{"line":149,"column":60}},"57":{"start":{"line":152,"column":8},"end":{"line":152,"column":110}},"58":{"start":{"line":154,"column":8},"end":{"line":154,"column":82}},"59":{"start":{"line":156,"column":11},"end":{"line":164,"column":5}},"60":{"start":{"line":157,"column":6},"end":{"line":163,"column":8}}},"fnMap":{"0":{"name":"healerReActLoop","decl":{"start":{"line":16,"column":22},"end":{"line":16,"column":37}},"loc":{"start":{"line":19,"column":30},"end":{"line":166,"column":1}}},"1":{"name":"(anonymous_1)","decl":{"start":{"line":104,"column":46},"end":{"line":104,"column":47}},"loc":{"start":{"line":104,"column":51},"end":{"line":104,"column":65}}}},"branchMap":{"0":{"loc":{"start":{"line":23,"column":2},"end":{"line":26,"column":3}},"type":"if","locations":[{"start":{"line":23,"column":2},"end":{"line":26,"column":3}},{"start":{},"end":{}}]},"1":{"loc":{"start":{"line":36,"column":4},"end":{"line":36,"column":26}},"type":"if","locations":[{"start":{"line":36,"column":4},"end":{"line":36,"column":26}},{"start":{},"end":{}}]},"2":{"loc":{"start":{"line":45,"column":15},"end":{"line":45,"column":35}},"type":"binary-expr","locations":[{"start":{"line":45,"column":15},"end":{"line":45,"column":30}},{"start":{"line":45,"column":34},"end":{"line":45,"column":35}}]},"3":{"loc":{"start":{"line":55,"column":18},"end":{"line":55,"column":44}},"type":"binary-expr","locations":[{"start":{"line":55,"column":18},"end":{"line":55,"column":37}},{"start":{"line":55,"column":41},"end":{"line":55,"column":44}}]},"4":{"loc":{"start":{"line":56,"column":18},"end":{"line":56,"column":43}},"type":"binary-expr","locations":[{"start":{"line":56,"column":18},"end":{"line":56,"column":37}},{"start":{"line":56,"column":41},"end":{"line":56,"column":43}}]},"5":{"loc":{"start":{"line":95,"column":2},"end":{"line":98,"column":3}},"type":"if","locations":[{"start":{"line":95,"column":2},"end":{"line":98,"column":3}},{"start":{},"end":{}}]},"6":{"loc":{"start":{"line":95,"column":6},"end":{"line":95,"column":45}},"type":"binary-expr","locations":[{"start":{"line":95,"column":6},"end":{"line":95,"column":18}},{"start":{"line":95,"column":22},"end":{"line":95,"column":45}}]},"7":{"loc":{"start":{"line":106,"column":4},"end":{"line":109,"column":5}},"type":"if","locations":[{"start":{"line":106,"column":4},"end":{"line":109,"column":5}},{"start":{},"end":{}}]},"8":{"loc":{"start":{"line":106,"column":8},"end":{"line":106,"column":25}},"type":"binary-expr","locations":[{"start":{"line":106,"column":8},"end":{"line":106,"column":12}},{"start":{"line":106,"column":16},"end":{"line":106,"column":25}}]},"9":{"loc":{"start":{"line":114,"column":6},"end":{"line":115,"column":48}},"type":"binary-expr","locations":[{"start":{"line":114,"column":6},"end":{"line":114,"column":45}},{"start":{"line":115,"column":6},"end":{"line":115,"column":48}}]},"10":{"loc":{"start":{"line":117,"column":4},"end":{"line":164,"column":5}},"type":"if","locations":[{"start":{"line":117,"column":4},"end":{"line":164,"column":5}},{"start":{"line":156,"column":11},"end":{"line":164,"column":5}}]},"11":{"loc":{"start":{"line":127,"column":28},"end":{"line":127,"column":125}},"type":"binary-expr","locations":[{"start":{"line":127,"column":28},"end":{"line":127,"column":120}},{"start":{"line":127,"column":124},"end":{"line":127,"column":125}}]},"12":{"loc":{"start":{"line":137,"column":34},"end":{"line":137,"column":136}},"type":"binary-expr","locations":[{"start":{"line":137,"column":34},"end":{"line":137,"column":122}},{"start":{"line":137,"column":126},"end":{"line":137,"column":136}}]},"13":{"loc":{"start":{"line":148,"column":8},"end":{"line":150,"column":9}},"type":"if","locations":[{"start":{"line":148,"column":8},"end":{"line":150,"column":9}},{"start":{},"end":{}}]},"14":{"loc":{"start":{"line":156,"column":11},"end":{"line":164,"column":5}},"type":"if","locations":[{"start":{"line":156,"column":11},"end":{"line":164,"column":5}},{"start":{},"end":{}}]}},"s":{"0":2,"1":2,"2":2,"3":2,"4":2,"5":2,"6":2,"7":2,"8":2,"9":2,"10":2,"11":3,"12":3,"13":1,"14":1,"15":2,"16":2,"17":2,"18":2,"19":2,"20":2,"21":0,"22":2,"23":2,"24":2,"25":2,"26":2,"27":2,"28":2,"29":2,"30":2,"31":0,"32":0,"33":2,"34":2,"35":2,"36":2,"37":2,"38":2,"39":2,"40":0,"41":0,"42":2,"43":2,"44":2,"45":1,"46":1,"47":1,"48":1,"49":1,"50":1,"51":1,"52":1,"53":1,"54":1,"55":1,"56":0,"57":1,"58":0,"59":1,"60":1},"f":{"0":3,"1":2},"b":{"0":[1,2],"1":[0,2],"2":[2,2],"3":[2,0],"4":[2,0],"5":[0,2],"6":[2,2],"7":[0,2],"8":[2,2],"9":[2,1],"10":[1,1],"11":[1,0],"12":[1,0],"13":[0,1],"14":[1,0]}}
,"/Users/rejoelm/Desktop/AI Projects/degen247/src/agents/healerTools.ts": {"path":"/Users/rejoelm/Desktop/AI Projects/degen247/src/agents/healerTools.ts","statementMap":{"0":{"start":{"line":1,"column":13},"end":{"line":65,"column":2}}},"fnMap":{},"branchMap":{},"s":{"0":2},"f":{},"b":{}}
,"/Users/rejoelm/Desktop/AI Projects/degen247/src/agents/healthCheck.ts": {"path":"/Users/rejoelm/Desktop/AI Projects/degen247/src/agents/healthCheck.ts","statementMap":{"0":{"start":{"line":7,"column":0},"end":{"line":7,"column":7}},"1":{"start":{"line":1,"column":0},"end":{"line":1,"column":33}},"2":{"start":{"line":3,"column":0},"end":{"line":3,"column":35}},"3":{"start":{"line":8,"column":2},"end":{"line":8,"column":64}},"4":{"start":{"line":10,"column":26},"end":{"line":10,"column":27}},"5":{"start":{"line":11,"column":2},"end":{"line":14,"column":3}},"6":{"start":{"line":12,"column":16},"end":{"line":12,"column":95}},"7":{"start":{"line":13,"column":4},"end":{"line":13,"column":55}},"8":{"start":{"line":16,"column":28},"end":{"line":16,"column":70}},"9":{"start":{"line":18,"column":2},"end":{"line":18,"column":135}},"10":{"start":{"line":20,"column":2},"end":{"line":23,"column":3}},"11":{"start":{"line":21,"column":4},"end":{"line":21,"column":44}},"12":{"start":{"line":22,"column":4},"end":{"line":22,"column":83}},"13":{"start":{"line":25,"column":22},"end":{"line":25,"column":93}},"14":{"start":{"line":27,"column":2},"end":{"line":38,"column":3}},"15":{"start":{"line":28,"column":4},"end":{"line":28,"column":102}},"16":{"start":{"line":29,"column":4},"end":{"line":29,"column":24}},"17":{"start":{"line":31,"column":9},"end":{"line":38,"column":3}},"18":{"start":{"line":32,"column":4},"end":{"line":32,"column":81}},"19":{"start":{"line":35,"column":4},"end":{"line":37,"column":5}},"20":{"start":{"line":36,"column":6},"end":{"line":36,"column":118}},"21":{"start":{"line":41,"column":2},"end":{"line":50,"column":4}}},"fnMap":{"0":{"name":"healthCheck","decl":{"start":{"line":7,"column":22},"end":{"line":7,"column":33}},"loc":{"start":{"line":7,"column":79},"end":{"line":51,"column":1}}}},"branchMap":{"0":{"loc":{"start":{"line":13,"column":26},"end":{"line":13,"column":53}},"type":"cond-expr","locations":[{"start":{"line":13,"column":32},"end":{"line":13,"column":47}},{"start":{"line":13,"column":50},"end":{"line":13,"column":53}}]},"1":{"loc":{"start":{"line":20,"column":2},"end":{"line":23,"column":3}},"type":"if","locations":[{"start":{"line":20,"column":2},"end":{"line":23,"column":3}},{"start":{},"end":{}}]},"2":{"loc":{"start":{"line":27,"column":2},"end":{"line":38,"column":3}},"type":"if","locations":[{"start":{"line":27,"column":2},"end":{"line":38,"column":3}},{"start":{"line":31,"column":9},"end":{"line":38,"column":3}}]},"3":{"loc":{"start":{"line":31,"column":9},"end":{"line":38,"column":3}},"type":"if","locations":[{"start":{"line":31,"column":9},"end":{"line":38,"column":3}},{"start":{"line":33,"column":9},"end":{"line":38,"column":3}}]},"4":{"loc":{"start":{"line":35,"column":4},"end":{"line":37,"column":5}},"type":"if","locations":[{"start":{"line":35,"column":4},"end":{"line":37,"column":5}},{"start":{},"end":{}}]}},"s":{"0":2,"1":2,"2":2,"3":1,"4":1,"5":1,"6":0,"7":0,"8":1,"9":1,"10":1,"11":0,"12":0,"13":1,"14":1,"15":1,"16":1,"17":0,"18":0,"19":0,"20":0,"21":1},"f":{"0":1},"b":{"0":[0,0],"1":[0,1],"2":[1,0],"3":[0,0],"4":[0,0]}}
,"/Users/rejoelm/Desktop/AI Projects/degen247/src/agents/hunterAgent.ts": {"path":"/Users/rejoelm/Desktop/AI Projects/degen247/src/agents/hunterAgent.ts","statementMap":{"0":{"start":{"line":21,"column":0},"end":{"line":21,"column":7}},"1":{"start":{"line":1,"column":0},"end":{"line":1,"column":33}},"2":{"start":{"line":2,"column":0},"end":{"line":2,"column":35}},"3":{"start":{"line":3,"column":0},"end":{"line":3,"column":77}},"4":{"start":{"line":4,"column":0},"end":{"line":4,"column":56}},"5":{"start":{"line":5,"column":0},"end":{"line":5,"column":57}},"6":{"start":{"line":6,"column":0},"end":{"line":6,"column":57}},"7":{"start":{"line":7,"column":0},"end":{"line":7,"column":63}},"8":{"start":{"line":8,"column":0},"end":{"line":8,"column":70}},"9":{"start":{"line":9,"column":0},"end":{"line":9,"column":58}},"10":{"start":{"line":10,"column":0},"end":{"line":10,"column":73}},"11":{"start":{"line":11,"column":0},"end":{"line":11,"column":49}},"12":{"start":{"line":12,"column":0},"end":{"line":12,"column":51}},"13":{"start":{"line":13,"column":0},"end":{"line":13,"column":38}},"14":{"start":{"line":16,"column":0},"end":{"line":16,"column":23}},"15":{"start":{"line":17,"column":0},"end":{"line":17,"column":35}},"16":{"start":{"line":26,"column":2},"end":{"line":26,"column":54}},"17":{"start":{"line":29,"column":16},"end":{"line":29,"column":46}},"18":{"start":{"line":30,"column":2},"end":{"line":33,"column":3}},"19":{"start":{"line":31,"column":4},"end":{"line":31,"column":61}},"20":{"start":{"line":32,"column":4},"end":{"line":32,"column":11}},"21":{"start":{"line":36,"column":21},"end":{"line":36,"column":47}},"22":{"start":{"line":37,"column":2},"end":{"line":40,"column":3}},"23":{"start":{"line":38,"column":4},"end":{"line":38,"column":55}},"24":{"start":{"line":39,"column":4},"end":{"line":39,"column":11}},"25":{"start":{"line":43,"column":20},"end":{"line":43,"column":42}},"26":{"start":{"line":44,"column":22},"end":{"line":44,"column":26}},"27":{"start":{"line":45,"column":18},"end":{"line":45,"column":19}},"28":{"start":{"line":47,"column":2},"end":{"line":53,"column":3}},"29":{"start":{"line":48,"column":18},"end":{"line":48,"column":56}},"30":{"start":{"line":49,"column":4},"end":{"line":52,"column":5}},"31":{"start":{"line":50,"column":6},"end":{"line":50,"column":34}},"32":{"start":{"line":51,"column":6},"end":{"line":51,"column":42}},"33":{"start":{"line":55,"column":2},"end":{"line":58,"column":3}},"34":{"start":{"line":56,"column":4},"end":{"line":56,"column":55}},"35":{"start":{"line":57,"column":4},"end":{"line":57,"column":11}},"36":{"start":{"line":60,"column":2},"end":{"line":60,"column":81}},"37":{"start":{"line":63,"column":16},"end":{"line":63,"column":67}},"38":{"start":{"line":64,"column":21},"end":{"line":64,"column":23}},"39":{"start":{"line":65,"column":2},"end":{"line":69,"column":3}},"40":{"start":{"line":66,"column":18},"end":{"line":66,"column":59}},"41":{"start":{"line":68,"column":4},"end":{"line":68,"column":117}},"42":{"start":{"line":71,"column":24},"end":{"line":71,"column":45}},"43":{"start":{"line":72,"column":19},"end":{"line":76,"column":4}},"44":{"start":{"line":77,"column":23},"end":{"line":77,"column":49}},"45":{"start":{"line":79,"column":20},"end":{"line":79,"column":73}},"46":{"start":{"line":80,"column":25},"end":{"line":80,"column":52}},"47":{"start":{"line":83,"column":23},"end":{"line":103,"column":2}},"48":{"start":{"line":105,"column":2},"end":{"line":105,"column":67}},"49":{"start":{"line":106,"column":22},"end":{"line":113,"column":null}},"50":{"start":{"line":116,"column":2},"end":{"line":119,"column":3}},"51":{"start":{"line":117,"column":4},"end":{"line":117,"column":73}},"52":{"start":{"line":118,"column":4},"end":{"line":118,"column":11}},"53":{"start":{"line":121,"column":2},"end":{"line":184,"column":3}},"54":{"start":{"line":122,"column":4},"end":{"line":183,"column":5}},"55":{"start":{"line":123,"column":19},"end":{"line":123,"column":54}},"56":{"start":{"line":124,"column":6},"end":{"line":127,"column":8}},"57":{"start":{"line":129,"column":25},"end":{"line":129,"column":43}},"58":{"start":{"line":130,"column":6},"end":{"line":130,"column":68}},"59":{"start":{"line":132,"column":6},"end":{"line":172,"column":7}},"60":{"start":{"line":133,"column":25},"end":{"line":133,"column":54}},"61":{"start":{"line":137,"column":43},"end":{"line":137,"column":82}},"62":{"start":{"line":139,"column":20},"end":{"line":145,"column":10}},"63":{"start":{"line":148,"column":8},"end":{"line":158,"column":10}},"64":{"start":{"line":160,"column":8},"end":{"line":163,"column":11}},"65":{"start":{"line":164,"column":8},"end":{"line":164,"column":43}},"66":{"start":{"line":166,"column":8},"end":{"line":169,"column":10}},"67":{"start":{"line":171,"column":8},"end":{"line":171,"column":72}},"68":{"start":{"line":173,"column":11},"end":{"line":183,"column":5}},"69":{"start":{"line":174,"column":19},"end":{"line":174,"column":54}},"70":{"start":{"line":175,"column":6},"end":{"line":175,"column":83}},"71":{"start":{"line":176,"column":6},"end":{"line":182,"column":8}}},"fnMap":{"0":{"name":"hunterReActLoop","decl":{"start":{"line":21,"column":22},"end":{"line":21,"column":37}},"loc":{"start":{"line":24,"column":30},"end":{"line":185,"column":1}}}},"branchMap":{"0":{"loc":{"start":{"line":30,"column":2},"end":{"line":33,"column":3}},"type":"if","locations":[{"start":{"line":30,"column":2},"end":{"line":33,"column":3}},{"start":{},"end":{}}]},"1":{"loc":{"start":{"line":37,"column":2},"end":{"line":40,"column":3}},"type":"if","locations":[{"start":{"line":37,"column":2},"end":{"line":40,"column":3}},{"start":{},"end":{}}]},"2":{"loc":{"start":{"line":49,"column":4},"end":{"line":52,"column":5}},"type":"if","locations":[{"start":{"line":49,"column":4},"end":{"line":52,"column":5}},{"start":{},"end":{}}]},"3":{"loc":{"start":{"line":49,"column":8},"end":{"line":49,"column":59}},"type":"binary-expr","locations":[{"start":{"line":49,"column":8},"end":{"line":49,"column":28}},{"start":{"line":49,"column":32},"end":{"line":49,"column":59}}]},"4":{"loc":{"start":{"line":55,"column":2},"end":{"line":58,"column":3}},"type":"if","locations":[{"start":{"line":55,"column":2},"end":{"line":58,"column":3}},{"start":{},"end":{}}]},"5":{"loc":{"start":{"line":116,"column":2},"end":{"line":119,"column":3}},"type":"if","locations":[{"start":{"line":116,"column":2},"end":{"line":119,"column":3}},{"start":{},"end":{}}]},"6":{"loc":{"start":{"line":116,"column":6},"end":{"line":116,"column":45}},"type":"binary-expr","locations":[{"start":{"line":116,"column":6},"end":{"line":116,"column":18}},{"start":{"line":116,"column":22},"end":{"line":116,"column":45}}]},"7":{"loc":{"start":{"line":122,"column":4},"end":{"line":183,"column":5}},"type":"if","locations":[{"start":{"line":122,"column":4},"end":{"line":183,"column":5}},{"start":{"line":173,"column":11},"end":{"line":183,"column":5}}]},"8":{"loc":{"start":{"line":137,"column":43},"end":{"line":137,"column":82}},"type":"binary-expr","locations":[{"start":{"line":137,"column":43},"end":{"line":137,"column":77}},{"start":{"line":137,"column":81},"end":{"line":137,"column":82}}]},"9":{"loc":{"start":{"line":173,"column":11},"end":{"line":183,"column":5}},"type":"if","locations":[{"start":{"line":173,"column":11},"end":{"line":183,"column":5}},{"start":{},"end":{}}]}},"s":{"0":2,"1":2,"2":2,"3":2,"4":2,"5":2,"6":2,"7":2,"8":2,"9":2,"10":2,"11":2,"12":2,"13":2,"14":2,"15":2,"16":3,"17":3,"18":3,"19":1,"20":1,"21":2,"22":2,"23":0,"24":0,"25":2,"26":2,"27":2,"28":2,"29":2,"30":2,"31":2,"32":2,"33":2,"34":0,"35":0,"36":2,"37":2,"38":2,"39":2,"40":0,"41":0,"42":2,"43":2,"44":2,"45":2,"46":2,"47":2,"48":2,"49":2,"50":2,"51":0,"52":0,"53":2,"54":2,"55":1,"56":1,"57":1,"58":1,"59":1,"60":1,"61":1,"62":1,"63":1,"64":1,"65":1,"66":1,"67":0,"68":1,"69":1,"70":1,"71":1},"f":{"0":3},"b":{"0":[1,2],"1":[0,2],"2":[2,0],"3":[2,2],"4":[0,2],"5":[0,2],"6":[2,2],"7":[1,1],"8":[1,0],"9":[1,0]}}
,"/Users/rejoelm/Desktop/AI Projects/degen247/src/agents/tools.ts": {"path":"/Users/rejoelm/Desktop/AI Projects/degen247/src/agents/tools.ts","statementMap":{"0":{"start":{"line":1,"column":13},"end":{"line":52,"column":2}}},"fnMap":{},"branchMap":{},"s":{"0":2},"f":{},"b":{}}
,"/Users/rejoelm/Desktop/AI Projects/degen247/src/api/lpagent.ts": {"path":"/Users/rejoelm/Desktop/AI Projects/degen247/src/api/lpagent.ts","statementMap":{"0":{"start":{"line":1,"column":0},"end":{"line":1,"column":45}},"1":{"start":{"line":2,"column":0},"end":{"line":2,"column":35}},"2":{"start":{"line":3,"column":0},"end":{"line":3,"column":35}},"3":{"start":{"line":27,"column":4},"end":{"line":34,"column":7}},"4":{"start":{"line":38,"column":4},"end":{"line":40,"column":5}},"5":{"start":{"line":39,"column":6},"end":{"line":39,"column":85}},"6":{"start":{"line":42,"column":4},"end":{"line":48,"column":5}},"7":{"start":{"line":43,"column":19},"end":{"line":43,"column":70}},"8":{"start":{"line":44,"column":6},"end":{"line":44,"column":44}},"9":{"start":{"line":46,"column":6},"end":{"line":46,"column":92}},"10":{"start":{"line":47,"column":6},"end":{"line":47,"column":18}},"11":{"start":{"line":52,"column":4},"end":{"line":54,"column":5}},"12":{"start":{"line":53,"column":6},"end":{"line":53,"column":55}},"13":{"start":{"line":56,"column":4},"end":{"line":62,"column":5}},"14":{"start":{"line":57,"column":19},"end":{"line":57,"column":74}},"15":{"start":{"line":58,"column":6},"end":{"line":58,"column":46}},"16":{"start":{"line":60,"column":6},"end":{"line":60,"column":96}},"17":{"start":{"line":61,"column":6},"end":{"line":61,"column":18}},"18":{"start":{"line":23,"column":0},"end":{"line":23,"column":13}}},"fnMap":{"0":{"name":"(anonymous_1)","decl":{"start":{"line":26,"column":2},"end":{"line":26,"column":null}},"loc":{"start":{"line":26,"column":2},"end":{"line":35,"column":3}}},"1":{"name":"(anonymous_2)","decl":{"start":{"line":37,"column":2},"end":{"line":37,"column":7}},"loc":{"start":{"line":37,"column":40},"end":{"line":49,"column":3}}},"2":{"name":"(anonymous_3)","decl":{"start":{"line":51,"column":2},"end":{"line":51,"column":7}},"loc":{"start":{"line":51,"column":44},"end":{"line":63,"column":3}}}},"branchMap":{"0":{"loc":{"start":{"line":28,"column":15},"end":{"line":28,"column":70}},"type":"binary-expr","locations":[{"start":{"line":28,"column":15},"end":{"line":28,"column":38}},{"start":{"line":28,"column":42},"end":{"line":28,"column":70}}]},"1":{"loc":{"start":{"line":30,"column":35},"end":{"line":30,"column":63}},"type":"binary-expr","locations":[{"start":{"line":30,"column":35},"end":{"line":30,"column":57}},{"start":{"line":30,"column":61},"end":{"line":30,"column":63}}]},"2":{"loc":{"start":{"line":38,"column":4},"end":{"line":40,"column":5}},"type":"if","locations":[{"start":{"line":38,"column":4},"end":{"line":40,"column":5}},{"start":{},"end":{}}]},"3":{"loc":{"start":{"line":38,"column":8},"end":{"line":38,"column":48}},"type":"binary-expr","locations":[{"start":{"line":38,"column":8},"end":{"line":38,"column":21}},{"start":{"line":38,"column":25},"end":{"line":38,"column":48}}]},"4":{"loc":{"start":{"line":52,"column":4},"end":{"line":54,"column":5}},"type":"if","locations":[{"start":{"line":52,"column":4},"end":{"line":54,"column":5}},{"start":{},"end":{}}]},"5":{"loc":{"start":{"line":52,"column":8},"end":{"line":52,"column":48}},"type":"binary-expr","locations":[{"start":{"line":52,"column":8},"end":{"line":52,"column":21}},{"start":{"line":52,"column":25},"end":{"line":52,"column":48}}]}},"s":{"0":2,"1":2,"2":2,"3":2,"4":1,"5":0,"6":1,"7":1,"8":1,"9":0,"10":0,"11":1,"12":0,"13":1,"14":1,"15":1,"16":0,"17":0,"18":2},"f":{"0":2,"1":1,"2":1},"b":{"0":[2,2],"1":[2,0],"2":[0,1],"3":[1,1],"4":[0,1],"5":[1,1]}}
,"/Users/rejoelm/Desktop/AI Projects/degen247/src/api/meteoraApi.ts": {"path":"/Users/rejoelm/Desktop/AI Projects/degen247/src/api/meteoraApi.ts","statementMap":{"0":{"start":{"line":1,"column":0},"end":{"line":1,"column":45}},"1":{"start":{"line":2,"column":0},"end":{"line":2,"column":35}},"2":{"start":{"line":19,"column":4},"end":{"line":22,"column":7}},"3":{"start":{"line":26,"column":4},"end":{"line":45,"column":5}},"4":{"start":{"line":27,"column":19},"end":{"line":27,"column":55}},"5":{"start":{"line":28,"column":20},"end":{"line":28,"column":49}},"6":{"start":{"line":30,"column":6},"end":{"line":41,"column":11}},"7":{"start":{"line":32,"column":22},"end":{"line":32,"column":52}},"8":{"start":{"line":33,"column":10},"end":{"line":33,"column":41}},"9":{"start":{"line":33,"column":28},"end":{"line":33,"column":41}},"10":{"start":{"line":34,"column":24},"end":{"line":34,"column":40}},"11":{"start":{"line":35,"column":10},"end":{"line":35,"column":35}},"12":{"start":{"line":38,"column":21},"end":{"line":38,"column":64}},"13":{"start":{"line":39,"column":21},"end":{"line":39,"column":64}},"14":{"start":{"line":40,"column":10},"end":{"line":40,"column":25}},"15":{"start":{"line":43,"column":6},"end":{"line":43,"column":80}},"16":{"start":{"line":44,"column":6},"end":{"line":44,"column":16}},"17":{"start":{"line":15,"column":0},"end":{"line":15,"column":13}}},"fnMap":{"0":{"name":"(anonymous_1)","decl":{"start":{"line":18,"column":2},"end":{"line":18,"column":null}},"loc":{"start":{"line":18,"column":2},"end":{"line":23,"column":3}}},"1":{"name":"(anonymous_2)","decl":{"start":{"line":25,"column":2},"end":{"line":25,"column":7}},"loc":{"start":{"line":25,"column":62},"end":{"line":46,"column":3}}},"2":{"name":"(anonymous_3)","decl":{"start":{"line":31,"column":16},"end":{"line":31,"column":17}},"loc":{"start":{"line":31,"column":20},"end":{"line":36,"column":9}}},"3":{"name":"(anonymous_4)","decl":{"start":{"line":37,"column":14},"end":{"line":37,"column":15}},"loc":{"start":{"line":37,"column":23},"end":{"line":41,"column":9}}}},"branchMap":{"0":{"loc":{"start":{"line":32,"column":33},"end":{"line":32,"column":51}},"type":"binary-expr","locations":[{"start":{"line":32,"column":33},"end":{"line":32,"column":44}},{"start":{"line":32,"column":48},"end":{"line":32,"column":51}}]},"1":{"loc":{"start":{"line":33,"column":10},"end":{"line":33,"column":41}},"type":"if","locations":[{"start":{"line":33,"column":10},"end":{"line":33,"column":41}},{"start":{},"end":{}}]},"2":{"loc":{"start":{"line":38,"column":45},"end":{"line":38,"column":63}},"type":"binary-expr","locations":[{"start":{"line":38,"column":45},"end":{"line":38,"column":56}},{"start":{"line":38,"column":60},"end":{"line":38,"column":63}}]},"3":{"loc":{"start":{"line":39,"column":45},"end":{"line":39,"column":63}},"type":"binary-expr","locations":[{"start":{"line":39,"column":45},"end":{"line":39,"column":56}},{"start":{"line":39,"column":60},"end":{"line":39,"column":63}}]}},"s":{"0":2,"1":2,"2":1,"3":1,"4":1,"5":1,"6":1,"7":3,"8":3,"9":1,"10":2,"11":2,"12":1,"13":1,"14":1,"15":0,"16":0,"17":2},"f":{"0":1,"1":1,"2":3,"3":1},"b":{"0":[3,0],"1":[1,2],"2":[1,0],"3":[1,0]}}
,"/Users/rejoelm/Desktop/AI Projects/degen247/src/api/openrouter.ts": {"path":"/Users/rejoelm/Desktop/AI Projects/degen247/src/api/openrouter.ts","statementMap":{"0":{"start":{"line":5,"column":0},"end":{"line":5,"column":7}},"1":{"start":{"line":1,"column":0},"end":{"line":1,"column":26}},"2":{"start":{"line":2,"column":0},"end":{"line":2,"column":35}},"3":{"start":{"line":3,"column":0},"end":{"line":3,"column":35}},"4":{"start":{"line":11,"column":2},"end":{"line":27,"column":3}},"5":{"start":{"line":12,"column":4},"end":{"line":12,"column":73}},"6":{"start":{"line":14,"column":4},"end":{"line":25,"column":5}},"7":{"start":{"line":15,"column":6},"end":{"line":24,"column":8}},"8":{"start":{"line":26,"column":4},"end":{"line":26,"column":84}},"9":{"start":{"line":29,"column":2},"end":{"line":63,"column":3}},"10":{"start":{"line":30,"column":25},"end":{"line":35,"column":6}},"11":{"start":{"line":37,"column":4},"end":{"line":40,"column":5}},"12":{"start":{"line":38,"column":6},"end":{"line":38,"column":28}},"13":{"start":{"line":39,"column":6},"end":{"line":39,"column":35}},"14":{"start":{"line":42,"column":21},"end":{"line":52,"column":null}},"15":{"start":{"line":55,"column":20},"end":{"line":55,"column":52}},"16":{"start":{"line":56,"column":4},"end":{"line":58,"column":5}},"17":{"start":{"line":57,"column":6},"end":{"line":57,"column":21}},"18":{"start":{"line":59,"column":4},"end":{"line":59,"column":27}},"19":{"start":{"line":61,"column":4},"end":{"line":61,"column":69}},"20":{"start":{"line":62,"column":4},"end":{"line":62,"column":14}}},"fnMap":{"0":{"name":"chatCompletion","decl":{"start":{"line":5,"column":22},"end":{"line":5,"column":36}},"loc":{"start":{"line":9,"column":19},"end":{"line":64,"column":1}}}},"branchMap":{"0":{"loc":{"start":{"line":11,"column":2},"end":{"line":27,"column":3}},"type":"if","locations":[{"start":{"line":11,"column":2},"end":{"line":27,"column":3}},{"start":{},"end":{}}]},"1":{"loc":{"start":{"line":11,"column":6},"end":{"line":11,"column":49}},"type":"binary-expr","locations":[{"start":{"line":11,"column":6},"end":{"line":11,"column":19}},{"start":{"line":11,"column":23},"end":{"line":11,"column":49}}]},"2":{"loc":{"start":{"line":14,"column":4},"end":{"line":25,"column":5}},"type":"if","locations":[{"start":{"line":14,"column":4},"end":{"line":25,"column":5}},{"start":{},"end":{}}]},"3":{"loc":{"start":{"line":14,"column":8},"end":{"line":14,"column":33}},"type":"binary-expr","locations":[{"start":{"line":14,"column":8},"end":{"line":14,"column":13}},{"start":{"line":14,"column":17},"end":{"line":14,"column":33}}]},"4":{"loc":{"start":{"line":37,"column":4},"end":{"line":40,"column":5}},"type":"if","locations":[{"start":{"line":37,"column":4},"end":{"line":40,"column":5}},{"start":{},"end":{}}]},"5":{"loc":{"start":{"line":37,"column":8},"end":{"line":37,"column":33}},"type":"binary-expr","locations":[{"start":{"line":37,"column":8},"end":{"line":37,"column":13}},{"start":{"line":37,"column":17},"end":{"line":37,"column":33}}]},"6":{"loc":{"start":{"line":56,"column":4},"end":{"line":58,"column":5}},"type":"if","locations":[{"start":{"line":56,"column":4},"end":{"line":58,"column":5}},{"start":{},"end":{}}]}},"s":{"0":5,"1":5,"2":5,"3":5,"4":0,"5":0,"6":0,"7":0,"8":0,"9":0,"10":0,"11":0,"12":0,"13":0,"14":0,"15":0,"16":0,"17":0,"18":0,"19":0,"20":0},"f":{"0":0},"b":{"0":[0,0],"1":[0,0],"2":[0,0],"3":[0,0],"4":[0,0],"5":[0,0],"6":[0,0]}}
,"/Users/rejoelm/Desktop/AI Projects/degen247/src/api/solana.ts": {"path":"/Users/rejoelm/Desktop/AI Projects/degen247/src/api/solana.ts","statementMap":{"0":{"start":{"line":1,"column":0},"end":{"line":1,"column":78}},"1":{"start":{"line":2,"column":0},"end":{"line":2,"column":35}},"2":{"start":{"line":9,"column":4},"end":{"line":9,"column":59}},"3":{"start":{"line":10,"column":4},"end":{"line":12,"column":5}},"4":{"start":{"line":11,"column":6},"end":{"line":11,"column":63}},"5":{"start":{"line":16,"column":4},"end":{"line":25,"column":5}},"6":{"start":{"line":17,"column":6},"end":{"line":17,"column":43}},"7":{"start":{"line":19,"column":6},"end":{"line":19,"column":92}},"8":{"start":{"line":20,"column":6},"end":{"line":23,"column":7}},"9":{"start":{"line":21,"column":8},"end":{"line":21,"column":71}},"10":{"start":{"line":22,"column":8},"end":{"line":22,"column":46}},"11":{"start":{"line":24,"column":6},"end":{"line":24,"column":16}},"12":{"start":{"line":29,"column":19},"end":{"line":29,"column":78}},"13":{"start":{"line":30,"column":28},"end":{"line":32,"column":null}},"14":{"start":{"line":31,"column":16},"end":{"line":31,"column":39}},"15":{"start":{"line":34,"column":4},"end":{"line":34,"column":33}},"16":{"start":{"line":38,"column":19},"end":{"line":40,"column":null}},"17":{"start":{"line":39,"column":16},"end":{"line":39,"column":63}},"18":{"start":{"line":42,"column":4},"end":{"line":42,"column":29}},"19":{"start":{"line":46,"column":19},"end":{"line":48,"column":null}},"20":{"start":{"line":47,"column":16},"end":{"line":47,"column":52}},"21":{"start":{"line":50,"column":4},"end":{"line":50,"column":28}},"22":{"start":{"line":54,"column":4},"end":{"line":54,"column":24}},"23":{"start":{"line":4,"column":0},"end":{"line":4,"column":13}}},"fnMap":{"0":{"name":"(anonymous_0)","decl":{"start":{"line":8,"column":2},"end":{"line":8,"column":14}},"loc":{"start":{"line":8,"column":54},"end":{"line":13,"column":3}}},"1":{"name":"(anonymous_1)","decl":{"start":{"line":15,"column":10},"end":{"line":15,"column":15}},"loc":{"start":{"line":15,"column":99},"end":{"line":26,"column":3}}},"2":{"name":"(anonymous_2)","decl":{"start":{"line":28,"column":2},"end":{"line":28,"column":7}},"loc":{"start":{"line":28,"column":45},"end":{"line":35,"column":3}}},"3":{"name":"(anonymous_3)","decl":{"start":{"line":31,"column":6},"end":{"line":31,"column":7}},"loc":{"start":{"line":31,"column":16},"end":{"line":31,"column":39}}},"4":{"name":"(anonymous_4)","decl":{"start":{"line":37,"column":2},"end":{"line":37,"column":7}},"loc":{"start":{"line":37,"column":44},"end":{"line":43,"column":3}}},"5":{"name":"(anonymous_5)","decl":{"start":{"line":39,"column":6},"end":{"line":39,"column":7}},"loc":{"start":{"line":39,"column":16},"end":{"line":39,"column":63}}},"6":{"name":"(anonymous_6)","decl":{"start":{"line":45,"column":2},"end":{"line":45,"column":7}},"loc":{"start":{"line":45,"column":26},"end":{"line":51,"column":3}}},"7":{"name":"(anonymous_7)","decl":{"start":{"line":47,"column":6},"end":{"line":47,"column":7}},"loc":{"start":{"line":47,"column":16},"end":{"line":47,"column":52}}},"8":{"name":"(anonymous_8)","decl":{"start":{"line":53,"column":2},"end":{"line":53,"column":15}},"loc":{"start":{"line":53,"column":15},"end":{"line":55,"column":3}}}},"branchMap":{"0":{"loc":{"start":{"line":10,"column":4},"end":{"line":12,"column":5}},"type":"if","locations":[{"start":{"line":10,"column":4},"end":{"line":12,"column":5}},{"start":{},"end":{}}]},"1":{"loc":{"start":{"line":20,"column":6},"end":{"line":23,"column":7}},"type":"if","locations":[{"start":{"line":20,"column":6},"end":{"line":23,"column":7}},{"start":{},"end":{}}]},"2":{"loc":{"start":{"line":29,"column":19},"end":{"line":29,"column":78}},"type":"cond-expr","locations":[{"start":{"line":29,"column":48},"end":{"line":29,"column":69}},{"start":{"line":29,"column":72},"end":{"line":29,"column":78}}]}},"s":{"0":1,"1":1,"2":1,"3":1,"4":1,"5":1,"6":1,"7":1,"8":1,"9":1,"10":1,"11":0,"12":1,"13":1,"14":2,"15":1,"16":0,"17":0,"18":0,"19":0,"20":0,"21":0,"22":1,"23":1},"f":{"0":1,"1":1,"2":1,"3":2,"4":0,"5":0,"6":0,"7":0,"8":1},"b":{"0":[1,0],"1":[1,0],"2":[0,1]}}
,"/Users/rejoelm/Desktop/AI Projects/degen247/src/db/database.ts": {"path":"/Users/rejoelm/Desktop/AI Projects/degen247/src/db/database.ts","statementMap":{"0":{"start":{"line":9,"column":0},"end":{"line":9,"column":16}},"1":{"start":{"line":37,"column":0},"end":{"line":37,"column":16}},"2":{"start":{"line":44,"column":0},"end":{"line":44,"column":16}},"3":{"start":{"line":1,"column":0},"end":{"line":1,"column":38}},"4":{"start":{"line":2,"column":0},"end":{"line":2,"column":24}},"5":{"start":{"line":3,"column":0},"end":{"line":3,"column":20}},"6":{"start":{"line":4,"column":0},"end":{"line":4,"column":35}},"7":{"start":{"line":5,"column":0},"end":{"line":5,"column":42}},"8":{"start":{"line":7,"column":35},"end":{"line":7,"column":39}},"9":{"start":{"line":10,"column":2},"end":{"line":10,"column":20}},"10":{"start":{"line":10,"column":10},"end":{"line":10,"column":20}},"11":{"start":{"line":12,"column":17},"end":{"line":12,"column":60}},"12":{"start":{"line":14,"column":16},"end":{"line":14,"column":36}},"13":{"start":{"line":15,"column":2},"end":{"line":15,"column":70}},"14":{"start":{"line":15,"column":29},"end":{"line":15,"column":70}},"15":{"start":{"line":17,"column":2},"end":{"line":17,"column":28}},"16":{"start":{"line":19,"column":2},"end":{"line":19,"column":34}},"17":{"start":{"line":20,"column":2},"end":{"line":20,"column":44}},"18":{"start":{"line":23,"column":2},"end":{"line":23,"column":29}},"19":{"start":{"line":24,"column":2},"end":{"line":32,"column":3}},"20":{"start":{"line":25,"column":4},"end":{"line":27,"column":5}},"21":{"start":{"line":26,"column":6},"end":{"line":26,"column":25}},"22":{"start":{"line":28,"column":4},"end":{"line":28,"column":22}},"23":{"start":{"line":30,"column":4},"end":{"line":30,"column":24}},"24":{"start":{"line":31,"column":4},"end":{"line":31,"column":16}},"25":{"start":{"line":34,"column":2},"end":{"line":34,"column":12}},"26":{"start":{"line":38,"column":2},"end":{"line":41,"column":3}},"27":{"start":{"line":39,"column":4},"end":{"line":39,"column":15}},"28":{"start":{"line":40,"column":4},"end":{"line":40,"column":14}},"29":{"start":{"line":45,"column":2},"end":{"line":45,"column":18}},"30":{"start":{"line":45,"column":11},"end":{"line":45,"column":18}},"31":{"start":{"line":46,"column":15},"end":{"line":46,"column":96}},"32":{"start":{"line":47,"column":2},"end":{"line":47,"column":38}}},"fnMap":{"0":{"name":"initDb","decl":{"start":{"line":9,"column":16},"end":{"line":9,"column":22}},"loc":{"start":{"line":9,"column":22},"end":{"line":35,"column":1}}},"1":{"name":"closeDb","decl":{"start":{"line":37,"column":16},"end":{"line":37,"column":23}},"loc":{"start":{"line":37,"column":23},"end":{"line":42,"column":1}}},"2":{"name":"insertLog","decl":{"start":{"line":44,"column":16},"end":{"line":44,"column":25}},"loc":{"start":{"line":44,"column":75},"end":{"line":48,"column":1}}}},"branchMap":{"0":{"loc":{"start":{"line":10,"column":2},"end":{"line":10,"column":20}},"type":"if","locations":[{"start":{"line":10,"column":2},"end":{"line":10,"column":20}},{"start":{},"end":{}}]},"1":{"loc":{"start":{"line":15,"column":2},"end":{"line":15,"column":70}},"type":"if","locations":[{"start":{"line":15,"column":2},"end":{"line":15,"column":70}},{"start":{},"end":{}}]},"2":{"loc":{"start":{"line":38,"column":2},"end":{"line":41,"column":3}},"type":"if","locations":[{"start":{"line":38,"column":2},"end":{"line":41,"column":3}},{"start":{},"end":{}}]},"3":{"loc":{"start":{"line":45,"column":2},"end":{"line":45,"column":18}},"type":"if","locations":[{"start":{"line":45,"column":2},"end":{"line":45,"column":18}},{"start":{},"end":{}}]}},"s":{"0":9,"1":9,"2":9,"3":9,"4":9,"5":9,"6":9,"7":9,"8":9,"9":9,"10":1,"11":8,"12":8,"13":8,"14":0,"15":8,"16":8,"17":8,"18":8,"19":8,"20":8,"21":80,"22":8,"23":0,"24":0,"25":8,"26":8,"27":8,"28":8,"29":1,"30":0,"31":1,"32":1},"f":{"0":9,"1":8,"2":1},"b":{"0":[1,8],"1":[0,8],"2":[8,0],"3":[0,1]}}
,"/Users/rejoelm/Desktop/AI Projects/degen247/src/db/migrations.ts": {"path":"/Users/rejoelm/Desktop/AI Projects/degen247/src/db/migrations.ts","statementMap":{"0":{"start":{"line":1,"column":13},"end":{"line":100,"column":2}}},"fnMap":{},"branchMap":{},"s":{"0":9},"f":{},"b":{}}
,"/Users/rejoelm/Desktop/AI Projects/degen247/src/discovery/strategyAnalyzer.ts": {"path":"/Users/rejoelm/Desktop/AI Projects/degen247/src/discovery/strategyAnalyzer.ts","statementMap":{"0":{"start":{"line":5,"column":0},"end":{"line":5,"column":7}},"1":{"start":{"line":2,"column":0},"end":{"line":2,"column":48}},"2":{"start":{"line":3,"column":0},"end":{"line":3,"column":35}},"3":{"start":{"line":10,"column":2},"end":{"line":10,"column":77}},"4":{"start":{"line":12,"column":2},"end":{"line":17,"column":4}}},"fnMap":{"0":{"name":"analyzeWalletStrategy","decl":{"start":{"line":5,"column":22},"end":{"line":5,"column":43}},"loc":{"start":{"line":5,"column":65},"end":{"line":18,"column":1}}}},"branchMap":{},"s":{"0":2,"1":2,"2":2,"3":0,"4":0},"f":{"0":0},"b":{}}
,"/Users/rejoelm/Desktop/AI Projects/degen247/src/discovery/walletDiscovery.ts": {"path":"/Users/rejoelm/Desktop/AI Projects/degen247/src/discovery/walletDiscovery.ts","statementMap":{"0":{"start":{"line":10,"column":0},"end":{"line":10,"column":7}},"1":{"start":{"line":1,"column":0},"end":{"line":1,"column":56}},"2":{"start":{"line":2,"column":0},"end":{"line":2,"column":36}},"3":{"start":{"line":3,"column":0},"end":{"line":3,"column":35}},"4":{"start":{"line":11,"column":2},"end":{"line":49,"column":3}},"5":{"start":{"line":12,"column":17},"end":{"line":12,"column":74}},"6":{"start":{"line":18,"column":29},"end":{"line":26,"column":null}},"7":{"start":{"line":31,"column":24},"end":{"line":31,"column":49}},"8":{"start":{"line":33,"column":4},"end":{"line":38,"column":5}},"9":{"start":{"line":35,"column":26},"end":{"line":35,"column":69}},"10":{"start":{"line":36,"column":23},"end":{"line":36,"column":60}},"11":{"start":{"line":37,"column":6},"end":{"line":37,"column":70}},"12":{"start":{"line":40,"column":19},"end":{"line":43,"column":66}},"13":{"start":{"line":41,"column":22},"end":{"line":41,"column":33}},"14":{"start":{"line":43,"column":34},"end":{"line":43,"column":64}},"15":{"start":{"line":45,"column":4},"end":{"line":45,"column":18}},"16":{"start":{"line":47,"column":4},"end":{"line":47,"column":89}},"17":{"start":{"line":48,"column":4},"end":{"line":48,"column":14}}},"fnMap":{"0":{"name":"extractTopLpers","decl":{"start":{"line":10,"column":22},"end":{"line":10,"column":37}},"loc":{"start":{"line":10,"column":81},"end":{"line":50,"column":1}}},"1":{"name":"(anonymous_2)","decl":{"start":{"line":41,"column":12},"end":{"line":41,"column":13}},"loc":{"start":{"line":41,"column":22},"end":{"line":41,"column":33}}},"2":{"name":"(anonymous_3)","decl":{"start":{"line":43,"column":11},"end":{"line":43,"column":12}},"loc":{"start":{"line":43,"column":34},"end":{"line":43,"column":64}}}},"branchMap":{"0":{"loc":{"start":{"line":37,"column":33},"end":{"line":37,"column":63}},"type":"binary-expr","locations":[{"start":{"line":37,"column":33},"end":{"line":37,"column":58}},{"start":{"line":37,"column":62},"end":{"line":37,"column":63}}]}},"s":{"0":2,"1":2,"2":2,"3":2,"4":2,"5":2,"6":0,"7":0,"8":0,"9":0,"10":0,"11":0,"12":0,"13":0,"14":0,"15":0,"16":2,"17":2},"f":{"0":2,"1":0,"2":0},"b":{"0":[0,0]}}
,"/Users/rejoelm/Desktop/AI Projects/degen247/src/learning/memoryManager.ts": {"path":"/Users/rejoelm/Desktop/AI Projects/degen247/src/learning/memoryManager.ts","statementMap":{"0":{"start":{"line":18,"column":4},"end":{"line":18,"column":17}},"1":{"start":{"line":28,"column":22},"end":{"line":28,"column":32}},"2":{"start":{"line":29,"column":22},"end":{"line":29,"column":83}},"3":{"start":{"line":31,"column":17},"end":{"line":33,"column":null}},"4":{"start":{"line":36,"column":17},"end":{"line":36,"column":82}},"5":{"start":{"line":37,"column":4},"end":{"line":37,"column":29}},"6":{"start":{"line":38,"column":4},"end":{"line":38,"column":42}},"7":{"start":{"line":43,"column":18},"end":{"line":43,"column":44}},"8":{"start":{"line":44,"column":17},"end":{"line":51,"column":null}},"9":{"start":{"line":53,"column":4},"end":{"line":53,"column":26}},"10":{"start":{"line":58,"column":16},"end":{"line":58,"column":26}},"11":{"start":{"line":60,"column":20},"end":{"line":65,"column":6}},"12":{"start":{"line":67,"column":17},"end":{"line":67,"column":67}},"13":{"start":{"line":70,"column":19},"end":{"line":79,"column":6}},"14":{"start":{"line":71,"column":18},"end":{"line":71,"column":30}},"15":{"start":{"line":72,"column":6},"end":{"line":72,"column":32}},"16":{"start":{"line":72,"column":20},"end":{"line":72,"column":32}},"17":{"start":{"line":73,"column":6},"end":{"line":77,"column":7}},"18":{"start":{"line":74,"column":8},"end":{"line":76,"column":9}},"19":{"start":{"line":75,"column":10},"end":{"line":75,"column":23}},"20":{"start":{"line":78,"column":6},"end":{"line":78,"column":37}},"21":{"start":{"line":81,"column":4},"end":{"line":81,"column":47}},"22":{"start":{"line":81,"column":26},"end":{"line":81,"column":45}},"23":{"start":{"line":82,"column":4},"end":{"line":91,"column":8}},"24":{"start":{"line":82,"column":44},"end":{"line":91,"column":6}},"25":{"start":{"line":95,"column":4},"end":{"line":95,"column":79}},"26":{"start":{"line":99,"column":4},"end":{"line":99,"column":112}},"27":{"start":{"line":14,"column":0},"end":{"line":14,"column":13}}},"fnMap":{"0":{"name":"(anonymous_0)","decl":{"start":{"line":17,"column":2},"end":{"line":17,"column":14}},"loc":{"start":{"line":17,"column":35},"end":{"line":19,"column":3}}},"1":{"name":"(anonymous_1)","decl":{"start":{"line":21,"column":2},"end":{"line":21,"column":11}},"loc":{"start":{"line":26,"column":25},"end":{"line":39,"column":3}}},"2":{"name":"(anonymous_2)","decl":{"start":{"line":41,"column":10},"end":{"line":41,"column":23}},"loc":{"start":{"line":41,"column":60},"end":{"line":54,"column":3}}},"3":{"name":"(anonymous_3)","decl":{"start":{"line":56,"column":2},"end":{"line":56,"column":21}},"loc":{"start":{"line":56,"column":104},"end":{"line":92,"column":3}}},"4":{"name":"(anonymous_4)","decl":{"start":{"line":70,"column":28},"end":{"line":70,"column":29}},"loc":{"start":{"line":70,"column":32},"end":{"line":79,"column":5}}},"5":{"name":"(anonymous_5)","decl":{"start":{"line":81,"column":16},"end":{"line":81,"column":17}},"loc":{"start":{"line":81,"column":26},"end":{"line":81,"column":45}}},"6":{"name":"(anonymous_6)","decl":{"start":{"line":82,"column":38},"end":{"line":82,"column":39}},"loc":{"start":{"line":82,"column":44},"end":{"line":91,"column":6}}},"7":{"name":"(anonymous_7)","decl":{"start":{"line":94,"column":2},"end":{"line":94,"column":11}},"loc":{"start":{"line":94,"column":22},"end":{"line":96,"column":3}}},"8":{"name":"(anonymous_8)","decl":{"start":{"line":98,"column":2},"end":{"line":98,"column":14}},"loc":{"start":{"line":98,"column":14},"end":{"line":100,"column":3}}}},"branchMap":{"0":{"loc":{"start":{"line":25,"column":4},"end":{"line":25,"column":28}},"type":"default-arg","locations":[{"start":{"line":25,"column":25},"end":{"line":25,"column":28}}]},"1":{"loc":{"start":{"line":26,"column":4},"end":{"line":26,"column":25}},"type":"default-arg","locations":[{"start":{"line":26,"column":23},"end":{"line":26,"column":25}}]},"2":{"loc":{"start":{"line":29,"column":22},"end":{"line":29,"column":83}},"type":"cond-expr","locations":[{"start":{"line":29,"column":37},"end":{"line":29,"column":76}},{"start":{"line":29,"column":79},"end":{"line":29,"column":83}}]},"3":{"loc":{"start":{"line":43,"column":18},"end":{"line":43,"column":44}},"type":"cond-expr","locations":[{"start":{"line":43,"column":38},"end":{"line":43,"column":39}},{"start":{"line":43,"column":42},"end":{"line":43,"column":44}}]},"4":{"loc":{"start":{"line":56,"column":87},"end":{"line":56,"column":104}},"type":"default-arg","locations":[{"start":{"line":56,"column":103},"end":{"line":56,"column":104}}]},"5":{"loc":{"start":{"line":72,"column":6},"end":{"line":72,"column":32}},"type":"if","locations":[{"start":{"line":72,"column":6},"end":{"line":72,"column":32}},{"start":{},"end":{}}]},"6":{"loc":{"start":{"line":74,"column":8},"end":{"line":76,"column":9}},"type":"if","locations":[{"start":{"line":74,"column":8},"end":{"line":76,"column":9}},{"start":{},"end":{}}]}},"s":{"0":7,"1":26,"2":26,"3":26,"4":26,"5":26,"6":26,"7":26,"8":26,"9":26,"10":6,"11":6,"12":6,"13":6,"14":3,"15":3,"16":1,"17":3,"18":2,"19":1,"20":3,"21":6,"22":1,"23":6,"24":3,"25":1,"26":0,"27":4},"f":{"0":7,"1":26,"2":26,"3":6,"4":3,"5":1,"6":3,"7":1,"8":0},"b":{"0":[0],"1":[0],"2":[26,0],"3":[1,25],"4":[6],"5":[1,2],"6":[1,1]}}
,"/Users/rejoelm/Desktop/AI Projects/degen247/src/learning/metrics.ts": {"path":"/Users/rejoelm/Desktop/AI Projects/degen247/src/learning/metrics.ts","statementMap":{"0":{"start":{"line":10,"column":0},"end":{"line":10,"column":16}},"1":{"start":{"line":13,"column":20},"end":{"line":13,"column":40}},"2":{"start":{"line":15,"column":16},"end":{"line":23,"column":4}},"3":{"start":{"line":26,"column":2},"end":{"line":40,"column":3}},"4":{"start":{"line":27,"column":16},"end":{"line":27,"column":46}},"5":{"start":{"line":28,"column":4},"end":{"line":30,"column":5}},"6":{"start":{"line":29,"column":6},"end":{"line":29,"column":78}},"7":{"start":{"line":32,"column":4},"end":{"line":37,"column":6}},"8":{"start":{"line":39,"column":4},"end":{"line":39,"column":76}}},"fnMap":{"0":{"name":"calculateMetrics","decl":{"start":{"line":10,"column":16},"end":{"line":10,"column":32}},"loc":{"start":{"line":10,"column":118},"end":{"line":41,"column":1}}}},"branchMap":{"0":{"loc":{"start":{"line":13,"column":20},"end":{"line":13,"column":40}},"type":"cond-expr","locations":[{"start":{"line":13,"column":30},"end":{"line":13,"column":33}},{"start":{"line":13,"column":36},"end":{"line":13,"column":40}}]},"1":{"loc":{"start":{"line":28,"column":4},"end":{"line":30,"column":5}},"type":"if","locations":[{"start":{"line":28,"column":4},"end":{"line":30,"column":5}},{"start":{},"end":{}}]},"2":{"loc":{"start":{"line":28,"column":8},"end":{"line":28,"column":31}},"type":"binary-expr","locations":[{"start":{"line":28,"column":8},"end":{"line":28,"column":12}},{"start":{"line":28,"column":16},"end":{"line":28,"column":31}}]},"3":{"loc":{"start":{"line":34,"column":15},"end":{"line":34,"column":32}},"type":"binary-expr","locations":[{"start":{"line":34,"column":15},"end":{"line":34,"column":27}},{"start":{"line":34,"column":31},"end":{"line":34,"column":32}}]},"4":{"loc":{"start":{"line":35,"column":17},"end":{"line":35,"column":33}},"type":"binary-expr","locations":[{"start":{"line":35,"column":17},"end":{"line":35,"column":28}},{"start":{"line":35,"column":32},"end":{"line":35,"column":33}}]},"5":{"loc":{"start":{"line":36,"column":20},"end":{"line":36,"column":36}},"type":"binary-expr","locations":[{"start":{"line":36,"column":20},"end":{"line":36,"column":31}},{"start":{"line":36,"column":35},"end":{"line":36,"column":36}}]}},"s":{"0":1,"1":0,"2":0,"3":0,"4":0,"5":0,"6":0,"7":0,"8":0},"f":{"0":0},"b":{"0":[0,0],"1":[0,0],"2":[0,0],"3":[0,0],"4":[0,0],"5":[0,0]}}
,"/Users/rejoelm/Desktop/AI Projects/degen247/src/learning/thresholdEvolution.ts": {"path":"/Users/rejoelm/Desktop/AI Projects/degen247/src/learning/thresholdEvolution.ts","statementMap":{"0":{"start":{"line":7,"column":0},"end":{"line":7,"column":16}},"1":{"start":{"line":1,"column":0},"end":{"line":1,"column":25}},"2":{"start":{"line":4,"column":0},"end":{"line":4,"column":35}},"3":{"start":{"line":5,"column":0},"end":{"line":5,"column":45}},"4":{"start":{"line":8,"column":2},"end":{"line":8,"column":67}},"5":{"start":{"line":10,"column":25},"end":{"line":10,"column":115}},"6":{"start":{"line":11,"column":2},"end":{"line":14,"column":3}},"7":{"start":{"line":12,"column":4},"end":{"line":12,"column":93}},"8":{"start":{"line":13,"column":4},"end":{"line":13,"column":11}},"9":{"start":{"line":17,"column":20},"end":{"line":17,"column":55}},"10":{"start":{"line":18,"column":21},"end":{"line":18,"column":42}},"11":{"start":{"line":20,"column":18},"end":{"line":20,"column":70}},"12":{"start":{"line":21,"column":22},"end":{"line":21,"column":27}},"13":{"start":{"line":23,"column":2},"end":{"line":53,"column":3}},"14":{"start":{"line":24,"column":23},"end":{"line":24,"column":36}},"15":{"start":{"line":26,"column":25},"end":{"line":26,"column":66}},"16":{"start":{"line":27,"column":25},"end":{"line":27,"column":67}},"17":{"start":{"line":34,"column":16},"end":{"line":34,"column":17}},"18":{"start":{"line":35,"column":4},"end":{"line":41,"column":5}},"19":{"start":{"line":37,"column":6},"end":{"line":37,"column":32}},"20":{"start":{"line":38,"column":11},"end":{"line":41,"column":5}},"21":{"start":{"line":40,"column":6},"end":{"line":40,"column":35}},"22":{"start":{"line":43,"column":4},"end":{"line":52,"column":5}},"23":{"start":{"line":44,"column":21},"end":{"line":44,"column":34}},"24":{"start":{"line":45,"column":6},"end":{"line":45,"column":37}},"25":{"start":{"line":48,"column":6},"end":{"line":48,"column":73}},"26":{"start":{"line":48,"column":53},"end":{"line":48,"column":73}},"27":{"start":{"line":50,"column":6},"end":{"line":50,"column":99}},"28":{"start":{"line":51,"column":6},"end":{"line":51,"column":27}},"29":{"start":{"line":55,"column":2},"end":{"line":64,"column":3}},"30":{"start":{"line":56,"column":4},"end":{"line":56,"column":70}},"31":{"start":{"line":57,"column":4},"end":{"line":57,"column":69}},"32":{"start":{"line":60,"column":4},"end":{"line":60,"column":102}},"33":{"start":{"line":61,"column":4},"end":{"line":61,"column":89}},"34":{"start":{"line":63,"column":4},"end":{"line":63,"column":73}}},"fnMap":{"0":{"name":"evolveThresholds","decl":{"start":{"line":7,"column":16},"end":{"line":7,"column":32}},"loc":{"start":{"line":7,"column":74},"end":{"line":65,"column":1}}}},"branchMap":{"0":{"loc":{"start":{"line":11,"column":2},"end":{"line":14,"column":3}},"type":"if","locations":[{"start":{"line":11,"column":2},"end":{"line":14,"column":3}},{"start":{},"end":{}}]},"1":{"loc":{"start":{"line":11,"column":6},"end":{"line":11,"column":49}},"type":"binary-expr","locations":[{"start":{"line":11,"column":6},"end":{"line":11,"column":21}},{"sta
[...]
,"/Users/rejoelm/Desktop/AI Projects/degen247/src/positions/sizing.ts": {"path":"/Users/rejoelm/Desktop/AI Projects/degen247/src/positions/sizing.ts","statementMap":{"0":{"start":{"line":4,"column":0},"end":{"line":4,"column":16}},"1":{"start":{"line":18,"column":0},"end":{"line":18,"column":16}},"2":{"start":{"line":5,"column":2},"end":{"line":7,"column":3}},"3":{"start":{"line":6,"column":4},"end":{"line":6,"column":34}},"4":{"start":{"line":9,"column":21},"end":{"line":9,"column":70}},"5":{"start":{"line":10,"column":23},"end":{"line":10,"column":59}},"6":{"start":{"line":12,"column":20},"end":{"line":12,"column":67}},"7":{"start":{"line":15,"column":2},"end":{"line":15,"column":59}},"8":{"start":{"line":19,"column":2},"end":{"line":21,"column":3}},"9":{"start":{"line":20,"column":4},"end":{"line":20,"column":58}},"10":{"start":{"line":23,"column":2},"end":{"line":25,"column":3}},"11":{"start":{"line":24,"column":4},"end":{"line":24,"column":88}},"12":{"start":{"line":27,"column":22},"end":{"line":27,"column":65}},"13":{"start":{"line":28,"column":2},"end":{"line":30,"column":3}},"14":{"start":{"line":29,"column":4},"end":{"line":29,"column":123}},"15":{"start":{"line":32,"column":2},"end":{"line":34,"column":3}},"16":{"start":{"line":33,"column":4},"end":{"line":33,"column":73}},"17":{"start":{"line":36,"column":2},"end":{"line":42,"column":3}},"18":{"start":{"line":37,"column":29},"end":{"line":37,"column":89}},"19":{"start":{"line":39,"column":4},"end":{"line":41,"column":5}},"20":{"start":{"line":40,"column":6},"end":{"line":40,"column":92}},"21":{"start":{"line":44,"column":2},"end":{"line":44,"column":27}}},"fnMap":{"0":{"name":"calculateDeployAmount","decl":{"start":{"line":4,"column":16},"end":{"line":4,"column":37}},"loc":{"start":{"line":4,"column":78},"end":{"line":16,"column":1}}},"1":{"name":"canOpenPosition","decl":{"start":{"line":18,"column":16},"end":{"line":18,"column":31}},"loc":{"start":{"line":18,"column":97},"end":{"line":45,"column":1}}}},"branchMap":{"0":{"loc":{"start":{"line":5,"column":2},"end":{"line":7,"column":3}},"type":"if","locations":[{"start":{"line":5,"column":2},"end":{"line":7,"column":3}},{"start":{},"end":{}}]},"1":{"loc":{"start":{"line":19,"column":2},"end":{"line":21,"column":3}},"type":"if","locations":[{"start":{"line":19,"column":2},"end":{"line":21,"column":3}},{"start":{},"end":{}}]},"2":{"loc":{"start":{"line":23,"column":2},"end":{"line":25,"column":3}},"type":"if","locations":[{"start":{"line":23,"column":2},"end":{"line":25,"column":3}},{"start":{},"end":{}}]},"3":{"loc":{"start":{"line":27,"column":22},"end":{"line":27,"column":65}},"type":"binary-expr","locations":[{"start":{"line":27,"column":22},"end":{"line":27,"column":42}},{"start":{"line":27,"column":46},"end":{"line":27,"column":65}}]},"4":{"loc":{"start":{"line":28,"column":2},"end":{"line":30,"column":3}},"type":"if","locations":[{"start":{"line":28,"column":2},"end":{"line":30,"column":3}},{"start":{},"end":{}}]},"5":{"loc":{"start":{"line":32,"column":2},"end":{"line":34,"column":3}},"type":"if","locations":[{"start":{"line":32,"column":2},"end":{"line":34,"column":3}},{"start":{},"end":{}}]},"6":{"loc":{"start":{"line":32,"column":6},"end":{"line":32,"column":61}},"type":"binary-expr","locations":[{"start":{"line":32,"column":6},"end":{"line":32,"column":25}},{"start":{"line":32,"column":29},"end":{"line":32,"column":61}}]},"7":{"loc":{"start":{"line":36,"column":2},"end":{"line":42,"column":3}},"type":"if","locations":[{"start":{"line":36,"column":2},"end":{"line":42,"column":3}},{"start":{},"end":{}}]},"8":{"loc":{"start":{"line":39,"column":4},"end":{"line":41,"column":5}},"type":"if","locations":[{"start":{"line":39,"column":4},"end":{"line":41,"column":5}},{"start":{},"end":{}}]},"9":{"loc":{"start":{"line":39,"column":8},"end":{"line":39,"column":57}},"type":"binary-expr","locations":[{"start":{"line":39,"column":8},"end":{"line":39,"column":29}},{"start":{"line":39,"column":33},"end":{"line":39,"column":57}}]}},"s":{"0":3,"1":3,"2":3,"3":0,"4":3,"5":3,"6":3,"7":3,"8":6,"9":1,"10":5,"11":1,"12":4,"13":4,"14":1,"15":3,"16":0,"17":3,"18":1,"19":1,"20":0,"21":3},"f":{"0":3,"1":6},"b":{"0":[0,3],"1":[1,5],"2":[1,4],"3":[4,4],"4":[1,3],"5":[0,3],"6":[3,0],"7":[1,2],"8":[0,1],"9":[1,1]}}
,"/Users/rejoelm/Desktop/AI Projects/degen247/src/risk/capitalBuckets.ts": {"path":"/Users/rejoelm/Desktop/AI Projects/degen247/src/risk/capitalBuckets.ts","statementMap":{"0":{"start":{"line":10,"column":40},"end":{"line":14,"column":4}},"1":{"start":{"line":17,"column":28},"end":{"line":17,"column":29}},"2":{"start":{"line":18,"column":32},"end":{"line":18,"column":33}},"3":{"start":{"line":19,"column":29},"end":{"line":19,"column":30}},"4":{"start":{"line":24,"column":4},"end":{"line":26,"column":5}},"5":{"start":{"line":25,"column":6},"end":{"line":25,"column":53}},"6":{"start":{"line":27,"column":4},"end":{"line":27,"column":35}},"7":{"start":{"line":31,"column":22},"end":{"line":31,"column":72}},"8":{"start":{"line":32,"column":17},"end":{"line":32,"column":36}},"9":{"start":{"line":33,"column":4},"end":{"line":33,"column":41}},"10":{"start":{"line":37,"column":4},"end":{"line":37,"column":37}},"11":{"start":{"line":41,"column":4},"end":{"line":41,"column":71}},"12":{"start":{"line":7,"column":0},"end":{"line":7,"column":13}},"13":{"start":{"line":45,"column":13},"end":{"line":45,"column":59}}},"fnMap":{"0":{"name":"(anonymous_0)","decl":{"start":{"line":21,"column":2},"end":{"line":21,"column":25}},"loc":{"start":{"line":21,"column":2},"end":{"line":21,"column":26}}},"1":{"name":"(anonymous_1)","decl":{"start":{"line":23,"column":9},"end":{"line":23,"column":15}},"loc":{"start":{"line":23,"column":27},"end":{"line":28,"column":3}}},"2":{"name":"(anonymous_2)","decl":{"start":{"line":30,"column":2},"end":{"line":30,"column":21}},"loc":{"start":{"line":30,"column":85},"end":{"line":34,"column":3}}},"3":{"name":"(anonymous_3)","decl":{"start":{"line":36,"column":2},"end":{"line":36,"column":18}},"loc":{"start":{"line":36,"column":73},"end":{"line":38,"column":3}}},"4":{"name":"(anonymous_4)","decl":{"start":{"line":40,"column":2},"end":{"line":40,"column":15}},"loc":{"start":{"line":40,"column":70},"end":{"line":42,"column":3}}}},"branchMap":{"0":{"loc":{"start":{"line":24,"column":4},"end":{"line":26,"column":5}},"type":"if","locations":[{"start":{"line":24,"column":4},"end":{"line":26,"column":5}},{"start":{},"end":{}}]}},"s":{"0":1,"1":1,"2":1,"3":1,"4":1,"5":1,"6":1,"7":3,"8":3,"9":3,"10":1,"11":1,"12":1,"13":1},"f":{"0":1,"1":1,"2":3,"3":1,"4":1},"b":{"0":[1,0]}}
,"/Users/rejoelm/Desktop/AI Projects/degen247/src/sync/changeAnalyzer.ts": {"path":"/Users/rejoelm/Desktop/AI Projects/degen247/src/sync/changeAnalyzer.ts","statementMap":{"0":{"start":{"line":11,"column":0},"end":{"line":11,"column":7}},"1":{"start":{"line":1,"column":0},"end":{"line":1,"column":51}},"2":{"start":{"line":3,"column":0},"end":{"line":3,"column":35}},"3":{"start":{"line":12,"column":18},"end":{"line":12,"column":100}},"4":{"start":{"line":12,"column":33},"end":{"line":12,"column":86}},"5":{"start":{"line":14,"column":20},"end":{"line":24,"column":2}},"6":{"start":{"line":26,"column":2},"end":{"line":47,"column":3}},"7":{"start":{"line":27,"column":16},"end":{"line":34,"column":null}},"8":{"start":{"line":37,"column":16},"end":{"line":37,"column":36}},"9":{"start":{"line":39,"column":19},"end":{"line":39,"column":84}},"10":{"start":{"line":40,"column":4},"end":{"line":44,"column":6}},"11":{"start":{"line":46,"column":4},"end":{"line":46,"column":98}}},"fnMap":{"0":{"name":"analyzeChanges","decl":{"start":{"line":11,"column":22},"end":{"line":11,"column":36}},"loc":{"start":{"line":11,"column":54},"end":{"line":48,"column":1}}},"1":{"name":"(anonymous_1)","decl":{"start":{"line":12,"column":28},"end":{"line":12,"column":29}},"loc":{"start":{"line":12,"column":33},"end":{"line":12,"column":86}}}},"branchMap":{"0":{"loc":{"start":{"line":37,"column":16},"end":{"line":37,"column":36}},"type":"binary-expr","locations":[{"start":{"line":37,"column":16},"end":{"line":37,"column":28}},{"start":{"line":37,"column":32},"end":{"line":37,"column":36}}]},"1":{"loc":{"start":{"line":41,"column":15},"end":{"line":41,"column":49}},"type":"binary-expr","locations":[{"start":{"line":41,"column":15},"end":{"line":41,"column":29}},{"start":{"line":41,"column":33},"end":{"line":41,"column":49}}]},"2":{"loc":{"start":{"line":43,"column":26},"end":{"line":43,"column":57}},"type":"binary-expr","locations":[{"start":{"line":43,"column":26},"end":{"line":43,"column":51}},{"start":{"line":43,"column":55},"end":{"line":43,"column":57}}]}},"s":{"0":1,"1":1,"2":1,"3":1,"4":1,"5":1,"6":1,"7":1,"8":1,"9":1,"10":1,"11":0},"f":{"0":1,"1":1},"b":{"0":[1,0],"1":[1,0],"2":[1,0]}}
,"/Users/rejoelm/Desktop/AI Projects/degen247/src/sync/githubFetcher.ts": {"path":"/Users/rejoelm/Desktop/AI Projects/degen247/src/sync/githubFetcher.ts","statementMap":{"0":{"start":{"line":9,"column":0},"end":{"line":9,"column":7}},"1":{"start":{"line":1,"column":0},"end":{"line":1,"column":35}},"2":{"start":{"line":10,"column":2},"end":{"line":10,"column":97}},"3":{"start":{"line":14,"column":2},"end":{"line":20,"column":4}}},"fnMap":{"0":{"name":"fetchGithubUpstreamDiff","decl":{"start":{"line":9,"column":22},"end":{"line":9,"column":45}},"loc":{"start":{"line":9,"column":91},"end":{"line":21,"column":1}}}},"branchMap":{},"s":{"0":1,"1":1,"2":1,"3":1},"f":{"0":1},"b":{}}
,"/Users/rejoelm/Desktop/AI Projects/degen247/src/sync/planGenerator.ts": {"path":"/Users/rejoelm/Desktop/AI Projects/degen247/src/sync/planGenerator.ts","statementMap":{"0":{"start":{"line":11,"column":0},"end":{"line":11,"column":7}},"1":{"start":{"line":1,"column":0},"end":{"line":1,"column":51}},"2":{"start":{"line":3,"column":0},"end":{"line":3,"column":35}},"3":{"start":{"line":12,"column":20},"end":{"line":20,"column":2}},"4":{"start":{"line":22,"column":2},"end":{"line":47,"column":3}},"5":{"start":{"line":23,"column":16},"end":{"line":30,"column":null}},"6":{"start":{"line":33,"column":16},"end":{"line":33,"column":36}},"7":{"start":{"line":34,"column":19},"end":{"line":34,"column":84}},"8":{"start":{"line":36,"column":4},"end":{"line":40,"column":6}},"9":{"start":{"line":42,"column":4},"end":{"line":46,"column":6}}},"fnMap":{"0":{"name":"generateUpdatePlan","decl":{"start":{"line":11,"column":22},"end":{"line":11,"column":40}},"loc":{"start":{"line":11,"column":65},"end":{"line":48,"column":1}}}},"branchMap":{"0":{"loc":{"start":{"line":33,"column":16},"end":{"line":33,"column":36}},"type":"binary-expr","locations":[{"start":{"line":33,"column":16},"end":{"line":33,"column":28}},{"start":{"line":33,"column":32},"end":{"line":33,"column":36}}]},"1":{"loc":{"start":{"line":37,"column":14},"end":{"line":37,"column":51}},"type":"binary-expr","locations":[{"start":{"line":37,"column":14},"end":{"line":37,"column":27}},{"start":{"line":37,"column":31},"end":{"line":37,"column":51}}]},"2":{"loc":{"start":{"line":38,"column":25},"end":{"line":38,"column":61}},"type":"binary-expr","locations":[{"start":{"line":38,"column":25},"end":{"line":38,"column":49}},{"start":{"line":38,"column":53},"end":{"line":38,"column":61}}]},"3":{"loc":{"start":{"line":39,"column":23},"end":{"line":39,"column":51}},"type":"binary-expr","locations":[{"start":{"line":39,"column":23},"end":{"line":39,"column":45}},{"start":{"line":39,"column":49},"end":{"line":39,"column":51}}]}},"s":{"0":1,"1":1,"2":1,"3":1,"4":1,"5":1,"6":1,"7":1,"8":1,"9":0},"f":{"0":1},"b":{"0":[1,0],"1":[1,0],"2":[1,0],"3":[1,0]}}
,"/Users/rejoelm/Desktop/AI Projects/degen247/src/sync/snapshotManager.ts": {"path":"/Users/rejoelm/Desktop/AI Projects/degen247/src/sync/snapshotManager.ts","statementMap":{"0":{"start":{"line":1,"column":0},"end":{"line":1,"column":25}},"1":{"start":{"line":2,"column":0},"end":{"line":2,"column":29}},"2":{"start":{"line":13,"column":4},"end":{"line":13,"column":55}},"3":{"start":{"line":14,"column":4},"end":{"line":14,"column":22}},"4":{"start":{"line":18,"column":4},"end":{"line":23,"column":5}},"5":{"start":{"line":19,"column":6},"end":{"line":22,"column":9}},"6":{"start":{"line":27,"column":17},"end":{"line":27,"column":54}},"7":{"start":{"line":28,"column":4},"end":{"line":28,"column":45}},"8":{"start":{"line":32,"column":4},"end":{"line":32,"column":67}},"9":{"start":{"line":9,"column":0},"end":{"line":9,"column":13}}},"fnMap":{"0":{"name":"(anonymous_9)","decl":{"start":{"line":12,"column":2},"end":{"line":12,"column":14}},"loc":{"start":{"line":12,"column":40},"end":{"line":15,"column":3}}},"1":{"name":"(anonymous_10)","decl":{"start":{"line":17,"column":10},"end":{"line":17,"column":20}},"loc":{"start":{"line":17,"column":20},"end":{"line":24,"column":3}}},"2":{"name":"(anonymous_11)","decl":{"start":{"line":26,"column":9},"end":{"line":26,"column":20}},"loc":{"start":{"line":26,"column":20},"end":{"line":29,"column":3}}},"3":{"name":"(anonymous_12)","decl":{"start":{"line":31,"column":9},"end":{"line":31,"column":21}},"loc":{"start":{"line":31,"column":42},"end":{"line":33,"column":3}}}},"branchMap":{"0":{"loc":{"start":{"line":12,"column":14},"end":{"line":12,"column":40}},"type":"default-arg","locations":[{"start":{"line":12,"column":32},"end":{"line":12,"column":40}}]},"1":{"loc":{"start":{"line":18,"column":4},"end":{"line":23,"column":5}},"type":"if","locations":[{"start":{"line":18,"column":4},"end":{"line":23,"column":5}},{"start":{},"end":{}}]}},"s":{"0":1,"1":1,"2":2,"3":2,"4":2,"5":1,"6":2,"7":2,"8":2,"9":1},"f":{"0":2,"1":2,"2":2,"3":2},"b":{"0":[0],"1":[1,1]}}
,"/Users/rejoelm/Desktop/AI Projects/degen247/src/telegram/bot.ts": {"path":"/Users/rejoelm/Desktop/AI Projects/degen247/src/telegram/bot.ts","statementMap":{"0":{"start":{"line":1,"column":0},"end":{"line":1,"column":33}},"1":{"start":{"line":2,"column":0},"end":{"line":2,"column":61}},"2":{"start":{"line":3,"column":0},"end":{"line":3,"column":81}},"3":{"start":{"line":13,"column":4},"end":{"line":13,"column":17}},"4":{"start":{"line":17,"column":18},"end":{"line":17,"column":42}},"5":{"start":{"line":18,"column":16},"end":{"line":18,"column":38}},"6":{"start":{"line":20,"column":4},"end":{"line":42,"column":5}},"7":{"start":{"line":21,"column":6},"end":{"line":39,"column":7}},"8":{"start":{"line":23,"column":10},"end":{"line":23,"column":90}},"9":{"start":{"line":25,"column":10},"end":{"line":25,"column":30}},"10":{"start":{"line":26,"column":10},"end":{"line":26,"column":59}},"11":{"start":{"line":28,"column":10},"end":{"line":28,"column":31}},"12":{"start":{"line":29,"column":10},"end":{"line":29,"column":60}},"13":{"start":{"line":31,"column":10},"end":{"line":31,"column":30}},"14":{"start":{"line":33,"column":10},"end":{"line":33,"column":41}},"15":{"start":{"line":35,"column":10},"end":{"line":35,"column":50}},"16":{"start":{"line":38,"column":10},"end":{"line":38,"column":79}},"17":{"start":{"line":41,"column":6},"end":{"line":41,"column":44}},"18":{"start":{"line":7,"column":0},"end":{"line":7,"column":13}}},"fnMap":{"0":{"name":"(anonymous_0)","decl":{"start":{"line":12,"column":2},"end":{"line":12,"column":14}},"loc":{"start":{"line":12,"column":35},"end":{"line":14,"column":3}}},"1":{"name":"(anonymous_1)","decl":{"start":{"line":16,"column":9},"end":{"line":16,"column":14}},"loc":{"start":{"line":16,"column":43},"end":{"line":43,"column":3}}}},"branchMap":{"0":{"loc":{"start":{"line":21,"column":6},"end":{"line":39,"column":7}},"type":"switch","locations":[{"start":{"line":22,"column":8},"end":{"line":23,"column":90}},{"start":{"line":24,"column":8},"end":{"line":26,"column":59}},{"start":{"line":27,"column":8},"end":{"line":29,"column":60}},{"start":{"line":30,"column":8},"end":{"line":33,"column":41}},{"start":{"line":34,"column":8},"end":{"line":35,"column":50}},{"start":{"line":37,"column":8},"end":{"line":38,"column":79}}]}},"s":{"0":2,"1":2,"2":2,"3":1,"4":4,"5":4,"6":4,"7":4,"8":1,"9":1,"10":1,"11":0,"12":0,"13":0,"14":0,"15":0,"16":2,"17":0,"18":2},"f":{"0":1,"1":4},"b":{"0":[1,1,0,0,0,2]}}
,"/Users/rejoelm/Desktop/AI Projects/degen247/src/telegram/formatter.ts": {"path":"/Users/rejoelm/Desktop/AI Projects/degen247/src/telegram/formatter.ts","statementMap":{"0":{"start":{"line":1,"column":0},"end":{"line":1,"column":16}},"1":{"start":{"line":10,"column":0},"end":{"line":10,"column":16}},"2":{"start":{"line":14,"column":0},"end":{"line":14,"column":16}},"3":{"start":{"line":18,"column":0},"end":{"line":18,"column":16}},"4":{"start":{"line":2,"column":21},"end":{"line":2,"column":42}},"5":{"start":{"line":3,"column":2},"end":{"line":7,"column":11}},"6":{"start":{"line":11,"column":2},"end":{"line":11,"column":73}},"7":{"start":{"line":15,"column":2},"end":{"line":15,"column":46}},"8":{"start":{"line":19,"column":2},"end":{"line":19,"column":29}}},"fnMap":{"0":{"name":"formatStatus","decl":{"start":{"line":1,"column":16},"end":{"line":1,"column":28}},"loc":{"start":{"line":1,"column":87},"end":{"line":8,"column":1}}},"1":{"name":"formatEmergencyStatus","decl":{"start":{"line":10,"column":16},"end":{"line":10,"column":37}},"loc":{"start":{"line":10,"column":37},"end":{"line":12,"column":1}}},"2":{"name":"formatKeysExportAuthFail","decl":{"start":{"line":14,"column":16},"end":{"line":14,"column":40}},"loc":{"start":{"line":14,"column":40},"end":{"line":16,"column":1}}},"3":{"name":"formatSuccess","decl":{"start":{"line":18,"column":16},"end":{"line":18,"column":29}},"loc":{"start":{"line":18,"column":41},"end":{"line":20,"column":1}}}},"branchMap":{"0":{"loc":{"start":{"line":2,"column":21},"end":{"line":2,"column":42}},"type":"cond-expr","locations":[{"start":{"line":2,"column":32},"end":{"line":2,"column":35}},{"start":{"line":2,"column":38},"end":{"line":2,"column":42}}]}},"s":{"0":2,"1":2,"2":2,"3":2,"4":1,"5":1,"6":0,"7":0,"8":1},"f":{"0":1,"1":0,"2":0,"3":1},"b":{"0":[0,1]}}
,"/Users/rejoelm/Desktop/AI Projects/degen247/src/utils/sanitizer.ts": {"path":"/Users/rejoelm/Desktop/AI Projects/degen247/src/utils/sanitizer.ts","statementMap":{"0":{"start":{"line":5,"column":0},"end":{"line":5,"column":16}},"1":{"start":{"line":12,"column":0},"end":{"line":12,"column":16}},"2":{"start":{"line":6,"column":2},"end":{"line":6,"column":24}},"3":{"start":{"line":6,"column":14},"end":{"line":6,"column":24}},"4":{"start":{"line":9,"column":2},"end":{"line":9,"column":47}},"5":{"start":{"line":13,"column":2},"end":{"line":17,"column":6}},"6":{"start":{"line":13,"column":30},"end":{"line":17,"column":4}}},"fnMap":{"0":{"name":"sanitizeForPrompt","decl":{"start":{"line":5,"column":16},"end":{"line":5,"column":33}},"loc":{"start":{"line":5,"column":47},"end":{"line":10,"column":1}}},"1":{"name":"sanitizeMemories","decl":{"start":{"line":12,"column":16},"end":{"line":12,"column":32}},"loc":{"start":{"line":12,"column":48},"end":{"line":18,"column":1}}},"2":{"name":"(anonymous_2)","decl":{"start":{"line":13,"column":22},"end":{"line":13,"column":25}},"loc":{"start":{"line":13,"column":30},"end":{"line":17,"column":4}}}},"branchMap":{"0":{"loc":{"start":{"line":6,"column":2},"end":{"line":6,"column":24}},"type":"if","locations":[{"start":{"line":6,"column":2},"end":{"line":6,"column":24}},{"start":{},"end":{}}]}},"s":{"0":3,"1":3,"2":0,"3":0,"4":0,"5":4,"6":0},"f":{"0":0,"1":4,"2":0},"b":{"0":[0,0]}}
}
