TN:
SF:src/config.ts
FN:21,(anonymous_1)
FN:70,loadUserConfig
FN:89,reloadConfig
FNF:3
FNH:2
FNDA:18,(anonymous_1)
FNDA:18,loadUserConfig
FNDA:0,reloadConfig
DA:1,18
DA:2,18
DA:3,18
DA:4,18
DA:8,18
DA:21,18
DA:25,18
DA:60,18
DA:63,18
DA:64,18
DA:66,0
DA:67,0
DA:71,18
DA:73,0
DA:74,0
DA:75,0
DA:77,18
DA:78,18
DA:79,18
DA:81,0
DA:82,0
DA:86,18
DA:89,18
DA:90,0
DA:91,0
DA:92,0
LF:26
LH:16
BRDA:71,0,0,0
BRDA:71,0,1,18
BRF:2
BRH:1
end_of_record
TN:
SF:src/index.ts
FN:21,bootstrap
FN:64,(anonymous_2)
FN:73,(anonymous_3)
FN:79,(anonymous_4)
FN:84,(anonymous_5)
FN:89,(anonymous_6)
FN:94,(anonymous_7)
FN:99,(anonymous_8)
FN:107,(anonymous_9)
FN:116,(anonymous_10)
FN:121,(anonymous_11)
FN:122,(anonymous_12)
FN:139,(anonymous_13)
FN:149,(anonymous_14)
FN:159,(anonymous_15)
FN:169,(anonymous_16)
FN:178,(anonymous_17)
FN:190,(anonymous_18)
FN:199,(anonymous_19)
FNF:19
FNH:1
FNDA:1,bootstrap
FNDA:0,(anonymous_2)
FNDA:0,(anonymous_3)
FNDA:0,(anonymous_4)
FNDA:0,(anonymous_5)
FNDA:0,(anonymous_6)
FNDA:0,(anonymous_7)
FNDA:0,(anonymous_8)
FNDA:0,(anonymous_9)
FNDA:0,(anonymous_10)
FNDA:0,(anonymous_11)
FNDA:0,(anonymous_12)
FNDA:0,(anonymous_13)
FNDA:0,(anonymous_14)
FNDA:0,(anonymous_15)
FNDA:0,(anonymous_16)
FNDA:0,(anonymous_17)
FNDA:0,(anonymous_18)
FNDA:0,(anonymous_19)
DA:1,1
DA:2,1
DA:3,1
DA:4,1
DA:5,1
DA:6,1
DA:7,1
DA:8,1
DA:9,1
DA:10,1
DA:11,1
DA:12,1
DA:15,1
DA:16,1
DA:17,1
DA:18,1
DA:19,1
DA:21,1
DA:22,1
DA:24,1
DA:25,1
DA:29,1
DA:30,1
DA:31,0
DA:32,0
DA:36,1
DA:39,1
DA:40,1
DA:41,1
DA:44,1
DA:45,1
DA:46,0
DA:47,0
DA:49,1
DA:50,1
DA:54,1
DA:57,1
DA:58,0
DA:59,0
DA:61,0
DA:64,0
DA:65,0
DA:66,0
DA:67,0
DA:69,0
DA:73,0
DA:74,0
DA:79,0
DA:80,0
DA:81,0
DA:84,0
DA:85,0
DA:86,0
DA:89,0
DA:90,0
DA:91,0
DA:94,0
DA:95,0
DA:96,0
DA:99,0
DA:100,0
DA:101,0
DA:107,0
DA:108,0
DA:109,0
DA:110,0
DA:111,0
DA:116,0
DA:117,0
DA:121,0
DA:122,0
DA:124,0
DA:126,0
DA:129,1
DA:133,1
DA:139,1
DA:140,0
DA:141,0
DA:142,0
DA:144,0
DA:149,1
DA:150,0
DA:151,0
DA:152,0
DA:154,0
DA:159,1
DA:160,0
DA:161,0
DA:162,0
DA:164,0
DA:169,1
DA:170,0
DA:171,0
DA:173,0
DA:178,1
DA:179,0
DA:180,0
DA:181,0
DA:183,0
DA:187,1
DA:190,1
DA:191,0
DA:192,0
DA:193,0
DA:198,1
DA:199,0
DA:200,0
DA:201,0
LF:108
LH:43
BRDA:24,0,0,1
BRDA:24,0,1,0
BRDA:30,1,0,0
BRDA:30,1,1,1
BRDA:57,2,0,0
BRDA:57,2,1,1
BRDA:65,3,0,0
BRDA:65,3,1,0
BRDA:65,4,0,0
BRDA:65,4,1,0
BRDA:108,5,0,0
BRDA:108,5,1,0
BRDA:109,6,0,0
BRDA:109,6,1,0
BRDA:140,7,0,0
BRDA:140,7,1,0
BRDA:150,8,0,0
BRDA:150,8,1,0
BRDA:198,9,0,0
BRDA:198,9,1,1
BRF:20
BRH:4
end_of_record
TN:
SF:src/logger.ts
FN:5,setLogDatabase
FN:10,(anonymous_1)
FN:11,(anonymous_2)
FN:12,(anonymous_3)
FN:13,(anonymous_4)
FN:18,log
FNF:6
FNH:4
FNDA:0,setLogDatabase
FNDA:53,(anonymous_1)
FNDA:9,(anonymous_2)
FNDA:0,(anonymous_3)
FNDA:1,(anonymous_4)
FNDA:62,log
DA:1,15
DA:3,15
DA:5,15
DA:6,0
DA:9,15
DA:10,53
DA:11,9
DA:12,0
DA:14,1
DA:19,62
DA:20,62
DA:22,62
DA:23,0
DA:24,62
DA:25,9
DA:27,53
DA:30,62
DA:31,0
DA:32,0
LF:19
LH:14
BRDA:14,0,0,0
BRDA:14,0,1,1
BRDA:14,1,0,1
BRDA:14,1,1,1
BRDA:22,2,0,0
BRDA:22,2,1,62
BRDA:24,3,0,9
BRDA:24,3,1,53
BRDA:30,4,0,0
BRDA:30,4,1,62
BRDA:30,5,0,62
BRDA:30,5,1,0
BRF:12
BRH:8
end_of_record
TN:
SF:src/state.ts
FNF:0
FNH:0
DA:22,6
LF:1
LH:1
BRF:0
BRH:0
end_of_record
TN:
SF:src/wallet.ts
FN:8,loadWallet
FN:24,getPublicKey
FN:28,getBalance
FN:34,exportPrivateKey
FNF:4
FNH:1
FNDA:1,loadWallet
FNDA:0,getPublicKey
FNDA:0,getBalance
FNDA:0,exportPrivateKey
DA:1,3
DA:2,3
DA:3,3
DA:4,3
DA:6,3
DA:8,3
DA:9,1
DA:11,1
DA:12,0
DA:15,1
DA:16,1
DA:17,1
DA:18,1
DA:20,0
DA:24,3
DA:25,0
DA:28,3
DA:29,0
DA:30,0
DA:31,0
DA:34,3
DA:35,0
DA:37,0
DA:38,0
DA:40,0
DA:42,0
DA:43,0
DA:45,0
LF:28
LH:15
BRDA:9,0,0,0
BRDA:9,0,1,1
BRDA:11,1,0,0
BRDA:11,1,1,1
BRDA:35,2,0,0
BRDA:35,2,1,0
BRDA:35,3,0,0
BRDA:35,3,1,0
BRDA:40,4,0,0
BRDA:40,4,1,0
BRDA:42,5,0,0
BRDA:42,5,1,0
BRF:12
BRH:2
end_of_record
TN:
SF:src/agents/briefing.ts
FN:4,generateMorningBriefing
FN:10,(anonymous_1)
FNF:2
FNH:2
FNDA:1,generateMorningBriefing
FNDA:1,(anonymous_1)
DA:1,3
DA:4,3
DA:5,1
DA:6,1
DA:9,1
DA:10,1
DA:12,1
LF:7
LH:7
BRDA:10,0,0,1
BRDA:10,0,1,0
BRF:2
BRH:1
end_of_record
TN:
SF:src/agents/healerAgent.ts
FN:16,healerReActLoop
FN:104,(anonymous_1)
FNF:2
FNH:2
FNDA:3,healerReActLoop
FNDA:2,(anonymous_1)
DA:1,2
DA:2,2
DA:3,2
DA:4,2
DA:5,2
DA:6,2
DA:7,2
DA:9,2
DA:10,2
DA:11,2
DA:16,2
DA:21,3
DA:23,3
DA:24,1
DA:25,1
DA:28,2
DA:29,2
DA:30,2
DA:32,2
DA:33,2
DA:36,2
DA:38,2
DA:49,2
DA:51,2
DA:61,2
DA:62,2
DA:64,2
DA:81,2
DA:82,2
DA:95,2
DA:96,0
DA:97,0
DA:100,2
DA:101,2
DA:102,2
DA:103,2
DA:104,2
DA:106,2
DA:107,0
DA:108,0
DA:111,2
DA:114,2
DA:117,2
DA:118,1
DA:119,1
DA:127,1
DA:128,1
DA:130,1
DA:131,1
DA:135,1
DA:137,1
DA:138,1
DA:139,1
DA:148,1
DA:149,0
DA:152,1
DA:154,0
DA:156,1
DA:157,1
LF:59
LH:53
BRDA:23,0,0,1
BRDA:23,0,1,2
BRDA:36,1,0,0
BRDA:36,1,1,2
BRDA:45,2,0,2
BRDA:45,2,1,2
BRDA:55,3,0,2
BRDA:55,3,1,0
BRDA:56,4,0,2
BRDA:56,4,1,0
BRDA:95,5,0,0
BRDA:95,5,1,2
BRDA:95,6,0,2
BRDA:95,6,1,2
BRDA:106,7,0,0
BRDA:106,7,1,2
BRDA:106,8,0,2
BRDA:106,8,1,2
BRDA:114,9,0,2
BRDA:114,9,1,1
BRDA:117,10,0,1
BRDA:117,10,1,1
BRDA:127,11,0,1
BRDA:127,11,1,0
BRDA:137,12,0,1
BRDA:137,12,1,0
BRDA:148,13,0,0
BRDA:148,13,1,1
BRDA:156,14,0,1
BRDA:156,14,1,0
BRF:30
BRH:21
end_of_record
TN:
SF:src/agents/healerTools.ts
FNF:0
FNH:0
DA:1,2
LF:1
LH:1
BRF:0
BRH:0
end_of_record
TN:
SF:src/agents/healthCheck.ts
FN:7,healthCheck
FNF:1
FNH:1
FNDA:1,healthCheck
DA:1,2
DA:3,2
DA:7,2
DA:8,1
DA:10,1
DA:11,1
DA:12,0
DA:13,0
DA:16,1
DA:18,1
DA:20,1
DA:21,0
DA:22,0
DA:25,1
DA:27,1
DA:28,1
DA:29,1
DA:31,0
DA:32,0
DA:35,0
DA:36,0
DA:41,1
LF:22
LH:14
BRDA:13,0,0,0
BRDA:13,0,1,0
BRDA:20,1,0,0
BRDA:20,1,1,1
BRDA:27,2,0,1
BRDA:27,2,1,0
BRDA:31,3,0,0
BRDA:31,3,1,0
BRDA:35,4,0,0
BRDA:35,4,1,0
BRF:10
BRH:2
end_of_record
TN:
SF:src/agents/hunterAgent.ts
FN:21,hunterReActLoop
FNF:1
FNH:1
FNDA:3,hunterReActLoop
DA:1,2
DA:2,2
DA:3,2
DA:4,2
DA:5,2
DA:6,2
DA:7,2
DA:8,2
DA:9,2
DA:10,2
DA:11,2
DA:12,2
DA:13,2
DA:16,2
DA:17,2
DA:21,2
DA:26,3
DA:29,3
DA:30,3
DA:31,1
DA:32,1
DA:36,2
DA:37,2
DA:38,0
DA:39,0
DA:43,2
DA:44,2
DA:45,2
DA:47,2
DA:48,2
DA:49,2
DA:50,2
DA:51,2
DA:55,2
DA:56,0
DA:57,0
DA:60,2
DA:63,2
DA:64,2
DA:65,2
DA:66,0
DA:68,0
DA:71,2
DA:72,2
DA:77,2
DA:79,2
DA:80,2
DA:83,2
DA:105,2
DA:106,2
DA:116,2
DA:117,0
DA:118,0
DA:121,2
DA:122,2
DA:123,1
DA:124,1
DA:129,1
DA:130,1
DA:132,1
DA:133,1
DA:137,1
DA:139,1
DA:148,1
DA:160,1
DA:164,1
DA:166,1
DA:171,0
DA:173,1
DA:174,1
DA:175,1
DA:176,1
LF:72
LH:63
BRDA:30,0,0,1
BRDA:30,0,1,2
BRDA:37,1,0,0
BRDA:37,1,1,2
BRDA:49,2,0,2
BRDA:49,2,1,0
BRDA:49,3,0,2
BRDA:49,3,1,2
BRDA:55,4,0,0
BRDA:55,4,1,2
BRDA:116,5,0,0
BRDA:116,5,1,2
BRDA:116,6,0,2
BRDA:116,6,1,2
BRDA:122,7,0,1
BRDA:122,7,1,1
BRDA:137,8,0,1
BRDA:137,8,1,0
BRDA:173,9,0,1
BRDA:173,9,1,0
BRF:20
BRH:14
end_of_record
TN:
SF:src/agents/tools.ts
FNF:0
FNH:0
DA:1,2
LF:1
LH:1
BRF:0
BRH:0
end_of_record
TN:
SF:src/api/lpagent.ts
FN:26,(anonymous_1)
FN:37,(anonymous_2)
FN:51,(anonymous_3)
FNF:3
FNH:3
FNDA:2,(anonymous_1)
FNDA:1,(anonymous_2)
FNDA:1,(anonymous_3)
DA:1,2
DA:2,2
DA:3,2
DA:23,2
DA:27,2
DA:38,1
DA:39,0
DA:42,1
DA:43,1
DA:44,1
DA:46,0
DA:47,0
DA:52,1
DA:53,0
DA:56,1
DA:57,1
DA:58,1
DA:60,0
DA:61,0
LF:19
LH:13
BRDA:28,0,0,2
BRDA:28,0,1,2
BRDA:30,1,0,2
BRDA:30,1,1,0
BRDA:38,2,0,0
BRDA:38,2,1,1
BRDA:38,3,0,1
BRDA:38,3,1,1
BRDA:52,4,0,0
BRDA:52,4,1,1
BRDA:52,5,0,1
BRDA:52,5,1,1
BRF:12
BRH:9
end_of_record
TN:
SF:src/api/meteoraApi.ts
FN:18,(anonymous_1)
FN:25,(anonymous_2)
FN:31,(anonymous_3)
FN:37,(anonymous_4)
FNF:4
FNH:4
FNDA:1,(anonymous_1)
FNDA:1,(anonymous_2)
FNDA:3,(anonymous_3)
FNDA:1,(anonymous_4)
DA:1,2
DA:2,2
DA:15,2
DA:19,1
DA:26,1
DA:27,1
DA:28,1
DA:30,1
DA:32,3
DA:33,3
DA:34,2
DA:35,2
DA:38,1
DA:39,1
DA:40,1
DA:43,0
DA:44,0
LF:17
LH:15
BRDA:32,0,0,3
BRDA:32,0,1,0
BRDA:33,1,0,1
BRDA:33,1,1,2
BRDA:38,2,0,1
BRDA:38,2,1,0
BRDA:39,3,0,1
BRDA:39,3,1,0
BRF:8
BRH:5
end_of_record
TN:
SF:src/api/openrouter.ts
FN:5,chatCompletion
FNF:1
FNH:0
FNDA:0,chatCompletion
DA:1,5
DA:2,5
DA:3,5
DA:5,5
DA:11,0
DA:12,0
DA:14,0
DA:15,0
DA:26,0
DA:29,0
DA:30,0
DA:37,0
DA:38,0
DA:39,0
DA:42,0
DA:55,0
DA:56,0
DA:57,0
DA:59,0
DA:61,0
DA:62,0
LF:21
LH:4
BRDA:11,0,0,0
BRDA:11,0,1,0
BRDA:11,1,0,0
BRDA:11,1,1,0
BRDA:14,2,0,0
BRDA:14,2,1,0
BRDA:14,3,0,0
BRDA:14,3,1,0
BRDA:37,4,0,0
BRDA:37,4,1,0
BRDA:37,5,0,0
BRDA:37,5,1,0
BRDA:56,6,0,0
BRDA:56,6,1,0
BRF:14
BRH:0
end_of_record
TN:
SF:src/api/solana.ts
FN:8,(anonymous_0)
FN:15,(anonymous_1)
FN:28,(anonymous_2)
FN:31,(anonymous_3)
FN:37,(anonymous_4)
FN:39,(anonymous_5)
FN:45,(anonymous_6)
FN:47,(anonymous_7)
FN:53,(anonymous_8)
FNF:9
FNH:5
FNDA:1,(anonymous_0)
FNDA:1,(anonymous_1)
FNDA:1,(anonymous_2)
FNDA:2,(anonymous_3)
FNDA:0,(anonymous_4)
FNDA:0,(anonymous_5)
FNDA:0,(anonymous_6)
FNDA:0,(anonymous_7)
FNDA:1,(anonymous_8)
DA:1,1
DA:2,1
DA:4,1
DA:9,1
DA:10,1
DA:11,1
DA:16,1
DA:17,1
DA:19,1
DA:20,1
DA:21,1
DA:22,1
DA:24,0
DA:29,1
DA:30,1
DA:31,2
DA:34,1
DA:38,0
DA:39,0
DA:42,0
DA:46,0
DA:47,0
DA:50,0
DA:54,1
LF:24
LH:17
BRDA:10,0,0,1
BRDA:10,0,1,0
BRDA:20,1,0,1
BRDA:20,1,1,0
BRDA:29,2,0,0
BRDA:29,2,1,1
BRF:6
BRH:3
end_of_record
TN:
SF:src/db/database.ts
FN:9,initDb
FN:37,closeDb
FN:44,insertLog
FNF:3
FNH:3
FNDA:9,initDb
FNDA:8,closeDb
FNDA:1,insertLog
DA:1,9
DA:2,9
DA:3,9
DA:4,9
DA:5,9
DA:7,9
DA:9,9
DA:10,9
DA:12,8
DA:14,8
DA:15,8
DA:17,8
DA:19,8
DA:20,8
DA:23,8
DA:24,8
DA:25,8
DA:26,80
DA:28,8
DA:30,0
DA:31,0
DA:34,8
DA:37,9
DA:38,8
DA:39,8
DA:40,8
DA:44,9
DA:45,1
DA:46,1
DA:47,1
LF:30
LH:28
BRDA:10,0,0,1
BRDA:10,0,1,8
BRDA:15,1,0,0
BRDA:15,1,1,8
BRDA:38,2,0,8
BRDA:38,2,1,0
BRDA:45,3,0,0
BRDA:45,3,1,1
BRF:8
BRH:5
end_of_record
TN:
SF:src/db/migrations.ts
FNF:0
FNH:0
DA:1,9
LF:1
LH:1
BRF:0
BRH:0
end_of_record
TN:
SF:src/discovery/strategyAnalyzer.ts
FN:5,analyzeWalletStrategy
FNF:1
FNH:0
FNDA:0,analyzeWalletStrategy
DA:2,2
DA:3,2
DA:5,2
DA:10,0
DA:12,0
LF:5
LH:3
BRF:0
BRH:0
end_of_record
TN:
SF:src/discovery/walletDiscovery.ts
FN:10,extractTopLpers
FN:41,(anonymous_2)
FN:43,(anonymous_3)
FNF:3
FNH:1
FNDA:2,extractTopLpers
FNDA:0,(anonymous_2)
FNDA:0,(anonymous_3)
DA:1,2
DA:2,2
DA:3,2
DA:10,2
DA:11,2
DA:12,2
DA:18,0
DA:31,0
DA:33,0
DA:35,0
DA:36,0
DA:37,0
DA:40,0
DA:41,0
DA:43,0
DA:45,0
DA:47,2
DA:48,2
LF:18
LH:8
BRDA:37,0,0,0
BRDA:37,0,1,0
BRF:2
BRH:0
end_of_record
TN:
SF:src/learning/memoryManager.ts
FN:17,(anonymous_0)
FN:21,(anonymous_1)
FN:41,(anonymous_2)
FN:56,(anonymous_3)
FN:70,(anonymous_4)
FN:81,(anonymous_5)
FN:82,(anonymous_6)
FN:94,(anonymous_7)
FN:98,(anonymous_8)
FNF:9
FNH:8
FNDA:7,(anonymous_0)
FNDA:26,(anonymous_1)
FNDA:26,(anonymous_2)
FNDA:6,(anonymous_3)
FNDA:3,(anonymous_4)
FNDA:1,(anonymous_5)
FNDA:3,(anonymous_6)
FNDA:1,(anonymous_7)
FNDA:0,(anonymous_8)
DA:14,4
DA:18,7
DA:28,26
DA:29,26
DA:31,26
DA:36,26
DA:37,26
DA:38,26
DA:43,26
DA:44,26
DA:53,26
DA:58,6
DA:60,6
DA:67,6
DA:70,6
DA:71,3
DA:72,3
DA:73,3
DA:74,2
DA:75,1
DA:78,3
DA:81,6
DA:82,6
DA:95,1
DA:99,0
LF:25
LH:24
BRDA:25,0,0,0
BRDA:26,1,0,0
BRDA:29,2,0,26
BRDA:29,2,1,0
BRDA:43,3,0,1
BRDA:43,3,1,25
BRDA:56,4,0,6
BRDA:72,5,0,1
BRDA:72,5,1,2
BRDA:74,6,0,1
BRDA:74,6,1,1
BRF:11
BRH:8
end_of_record
TN:
SF:src/learning/metrics.ts
FN:10,calculateMetrics
FNF:1
FNH:0
FNDA:0,calculateMetrics
DA:10,1
DA:13,0
DA:15,0
DA:26,0
DA:27,0
DA:28,0
DA:29,0
DA:32,0
DA:39,0
LF:9
LH:1
BRDA:13,0,0,0
BRDA:13,0,1,0
BRDA:28,1,0,0
BRDA:28,1,1,0
BRDA:28,2,0,0
BRDA:28,2,1,0
BRDA:34,3,0,0
BRDA:34,3,1,0
BRDA:35,4,0,0
BRDA:35,4,1,0
BRDA:36,5,0,0
BRDA:36,5,1,0
BRF:12
BRH:0
end_of_record
TN:
SF:src/learning/thresholdEvolution.ts
FN:7,evolveThresholds
FNF:1
FNH:1
FNDA:2,evolveThresholds
DA:1,2
DA:4,2
DA:5,2
DA:7,2
DA:8,2
DA:10,2
DA:11,2
DA:12,1
DA:13,1
DA:17,1
DA:18,1
DA:20,1
DA:21,1
DA:23,1
DA:24,3
DA:26,3
DA:27,3
DA:34,3
DA:35,3
DA:37,3
DA:38,0
DA:40,0
DA:43,3
DA:44,3
DA:45,3
DA:48,3
DA:50,3
DA:51,3
DA:55,1
DA:56,1
DA:57,1
DA:60,1
DA:61,1
DA:63,0
LF:34
LH:31
BRDA:11,0,0,1
BRDA:11,0,1,1
BRDA:11,1,0,2
BRDA:11,1,1,2
BRDA:35,2,0,3
BRDA:35,2,1,0
BRDA:38,3,0,0
BRDA:38,3,1,0
BRDA:43,4,0,3
BRDA:43,4,1,0
BRDA:48,5,0,0
BRDA:48,5,1,3
BRDA:48,6,0,3
BRDA:48,6,1,1
BRDA:55,7,0,1
BRDA:55,7,1,0
BRF:16
BRH:10
end_of_record
TN:
SF:src/owner/payoutManager.ts
FN:23,(anonymous_0)
FN:35,(anonymous_1)
FN:69,(anonymous_2)
FNF:3
FNH:3
FNDA:4,(anonymous_0)
FNDA:2,(anonymous_1)
FNDA:1,(anonymous_2)
DA:1,3
DA:9,3
DA:10,3
DA:11,3
DA:12,3
DA:16,3
DA:18,3
DA:24,4
DA:25,4
DA:26,4
DA:36,2
DA:38,1
DA:39,1
DA:41,1
DA:47,1
DA:50,1
DA:53,1
DA:57,1
DA:60,1
DA:61,1
DA:70,1
DA:72,1
DA:74,1
DA:79,1
DA:80,1
DA:81,1
DA:84,1
DA:87,0
DA:88,0
DA:90,0
DA:98,0
DA:106,0
DA:109,0
DA:114,0
DA:118,0
DA:120,0
DA:121,0
LF:37
LH:27
BRDA:36,0,0,1
BRDA:36,0,1,1
BRDA:50,1,0,1
BRDA:50,1,1,1
BRDA:60,2,0,1
BRDA:60,2,1,0
BRDA:70,3,0,0
BRDA:70,3,1,1
BRDA:79,4,0,1
BRDA:79,4,1,0
BRF:10
BRH:7
end_of_record
TN:
SF:src/owner/topupDetector.ts
FN:9,(anonymous_0)
FN:14,(anonymous_1)
FNF:2
FNH:2
FNDA:2,(anonymous_0)
FNDA:2,(anonymous_1)
DA:1,1
DA:2,1
DA:5,1
DA:10,2
DA:11,2
DA:16,2
DA:17,1
DA:18,1
DA:20,1
DA:23,1
DA:24,1
DA:25,1
DA:28,1
DA:29,1
LF:14
LH:14
BRDA:16,0,0,1
BRDA:16,0,1,1
BRDA:23,1,0,1
BRDA:23,1,1,0
BRF:4
BRH:3
end_of_record
TN:
SF:src/pools/narrativeChecker.ts
FN:7,checkNarrative
FNF:1
FNH:1
FNDA:2,checkNarrative
DA:2,2
DA:3,2
DA:4,2
DA:7,2
DA:8,2
DA:16,2
DA:22,2
DA:23,2
DA:31,0
DA:44,0
DA:49,0
DA:50,0
DA:58,0
DA:59,0
LF:14
LH:8
BRDA:22,0,0,2
BRDA:22,0,1,0
BRF:2
BRH:1
end_of_record
TN:
SF:src/pools/poolMemory.ts
FN:7,(anonymous_0)
FN:11,(anonymous_1)
FN:28,(anonymous_2)
FN:39,(anonymous_3)
FN:51,(anonymous_4)
FN:67,(anonymous_5)
FNF:6
FNH:5
FNDA:4,(anonymous_0)
FNDA:2,(anonymous_1)
FNDA:3,(anonymous_2)
FNDA:3,(anonymous_3)
FNDA:2,(anonymous_4)
FNDA:0,(anonymous_5)
DA:4,4
DA:8,4
DA:12,2
DA:13,2
DA:14,2
DA:29,3
DA:36,3
DA:41,3
DA:52,2
DA:53,2
DA:56,2
DA:68,0
LF:12
LH:11
BRDA:13,0,0,0
BRDA:13,0,1,2
BRDA:52,1,0,1
BRDA:52,1,1,1
BRDA:53,2,0,1
BRDA:53,2,1,1
BRF:6
BRH:5
end_of_record
TN:
SF:src/pools/poolScanner.ts
FN:6,scanMeteoraPools
FN:16,(anonymous_1)
FNF:2
FNH:2
FNDA:1,scanMeteoraPools
FNDA:2,(anonymous_1)
DA:1,2
DA:3,2
DA:4,2
DA:6,2
DA:7,1
DA:9,1
DA:11,1
DA:16,2
DA:27,1
DA:28,1
LF:10
LH:10
BRDA:6,0,0,0
BRDA:20,1,0,1
BRDA:20,1,1,1
BRF:3
BRH:2
end_of_record
TN:
SF:src/pools/poolScorer.ts
FN:7,scorePoolCandidate
FNF:1
FNH:1
FNDA:2,scorePoolCandidate
DA:2,2
DA:4,2
DA:5,2
DA:7,2
DA:11,2
DA:13,2
DA:14,1
DA:15,1
DA:18,1
DA:19,1
DA:21,1
DA:22,0
DA:23,0
DA:27,1
DA:28,1
DA:29,1
DA:32,1
DA:33,1
DA:34,0
DA:35,0
DA:37,1
DA:40,1
LF:22
LH:18
BRDA:13,0,0,1
BRDA:13,0,1,1
BRDA:21,1,0,0
BRDA:21,1,1,1
BRDA:33,2,0,0
BRDA:33,2,1,1
BRF:6
BRH:4
end_of_record
TN:
SF:src/pools/tokenBlacklist.ts
FN:8,(anonymous_0)
FN:12,(anonymous_1)
FN:17,(anonymous_2)
FN:28,(anonymous_3)
FN:33,(anonymous_4)
FN:35,(anonymous_5)
FNF:6
FNH:4
FNDA:5,(anonymous_0)
FNDA:7,(anonymous_1)
FNDA:2,(anonymous_2)
FNDA:1,(anonymous_3)
FNDA:0,(anonymous_4)
FNDA:0,(anonymous_5)
DA:3,4
DA:5,4
DA:9,5
DA:13,7
DA:14,7
DA:18,2
DA:20,2
DA:25,2
DA:29,1
DA:30,1
DA:34,0
DA:35,0
LF:12
LH:10
BRDA:17,0,0,2
BRDA:18,1,0,0
BRDA:18,1,1,2
BRF:3
BRH:2
end_of_record
TN:
SF:src/positions/exitSignals.ts
FN:22,evaluatePositionHealth
FNF:1
FNH:1
FNDA:4,evaluatePositionHealth
DA:2,2
DA:4,2
DA:22,2
DA:27,4
DA:38,4
DA:40,4
DA:41,2
DA:46,2
DA:47,0
DA:49,0
DA:50,0
DA:52,0
DA:53,0
DA:55,0
DA:62,2
DA:63,2
DA:65,2
DA:66,2
DA:70,4
DA:71,1
DA:72,1
DA:75,4
DA:76,0
DA:77,0
DA:82,4
DA:83,4
DA:84,2
DA:88,0
DA:95,4
LF:29
LH:20
BRDA:40,0,0,2
BRDA:40,0,1,2
BRDA:40,1,0,4
BRDA:40,1,1,2
BRDA:46,2,0,0
BRDA:46,2,1,2
BRDA:62,3,0,2
BRDA:62,3,1,0
BRDA:70,4,0,1
BRDA:70,4,1,3
BRDA:75,5,0,0
BRDA:75,5,1,4
BRDA:82,6,0,4
BRDA:82,6,1,0
BRDA:83,7,0,2
BRDA:83,7,1,2
BRF:16
BRH:12
end_of_record
TN:
SF:src/positions/meteoraClient.ts
FN:62,(anonymous_1)
FN:70,(anonymous_2)
FN:96,(anonymous_3)
FN:122,(anonymous_4)
FN:130,(anonymous_5)
FN:134,(anonymous_6)
FN:146,(anonymous_7)
FN:212,(anonymous_8)
FN:257,(anonymous_9)
FN:273,(anonymous_10)
FN:298,(anonymous_11)
FN:311,(anonymous_12)
FN:348,(anonymous_13)
FN:358,(anonymous_14)
FNF:14
FNH:8
FNDA:8,(anonymous_1)
FNDA:11,(anonymous_2)
FNDA:5,(anonymous_3)
FNDA:2,(anonymous_4)
FNDA:7,(anonymous_5)
FNDA:0,(anonymous_6)
FNDA:2,(anonymous_7)
FNDA:1,(anonymous_8)
FNDA:1,(anonymous_9)
FNDA:0,(anonymous_10)
FNDA:0,(anonymous_11)
FNDA:0,(anonymous_12)
FNDA:0,(anonymous_13)
FNDA:0,(anonymous_14)
DA:1,4
DA:9,4
DA:10,4
DA:11,4
DA:55,4
DA:59,8
DA:60,8
DA:63,8
DA:64,8
DA:65,8
DA:71,11
DA:72,11
DA:73,4
DA:74,4
DA:77,7
DA:78,0
DA:79,0
DA:80,0
DA:81,0
DA:82,0
DA:83,0
DA:86,0
DA:89,7
DA:90,7
DA:91,7
DA:101,5
DA:102,1
DA:103,1
DA:106,4
DA:107,6
DA:108,6
DA:114,4
DA:115,4
DA:117,2
DA:121,2
DA:122,2
DA:125,0
DA:131,7
DA:135,0
DA:136,0
DA:137,0
DA:147,2
DA:148,2
DA:150,2
DA:151,2
DA:154,2
DA:155,2
DA:159,2
DA:161,2
DA:167,2
DA:170,0
DA:173,2
DA:175,2
DA:188,2
DA:194,2
DA:199,2
DA:213,1
DA:214,1
DA:217,1
DA:218,1
DA:219,21
DA:222,1
DA:223,0
DA:227,0
DA:230,1
DA:239,1
DA:240,1
DA:241,1
DA:242,2
DA:249,1
DA:250,1
DA:261,1
DA:262,1
DA:264,1
DA:265,0
DA:269,0
DA:272,1
DA:273,1
DA:275,1
DA:280,1
DA:281,1
DA:282,1
DA:283,1
DA:291,1
DA:302,0
DA:303,0
DA:304,0
DA:306,0
DA:310,0
DA:311,0
DA:314,0
DA:315,0
DA:316,0
DA:320,0
DA:321,0
DA:322,0
DA:323,0
DA:324,0
DA:327,0
DA:329,0
DA:330,0
DA:332,0
DA:340,0
DA:344,0
DA:349,0
DA:350,0
DA:351,0
DA:352,0
DA:355,0
DA:359,0
DA:360,0
DA:361,0
DA:362,0
LF:113
LH:68
BRDA:72,0,0,4
BRDA:72,0,1,7
BRDA:77,1,0,0
BRDA:77,1,1,7
BRDA:81,2,0,0
BRDA:81,2,1,0
BRDA:86,3,0,0
BRDA:86,3,1,0
BRDA:101,4,0,1
BRDA:101,4,1,4
BRDA:121,5,0,0
BRDA:121,5,1,2
BRDA:185,6,0,2
BRDA:185,6,1,2
BRDA:222,7,0,0
BRDA:222,7,1,1
BRDA:240,8,0,1
BRDA:240,8,1,0
BRDA:264,9,0,0
BRDA:264,9,1,1
BRDA:280,10,0,1
BRDA:280,10,1,0
BRDA:314,11,0,0
BRDA:314,11,1,0
BRF:24
BRH:12
end_of_record
TN:
SF:src/positions/sizing.ts
FN:4,calculateDeployAmount
FN:18,canOpenPosition
FNF:2
FNH:2
FNDA:3,calculateDeployAmount
FNDA:6,canOpenPosition
DA:4,3
DA:5,3
DA:6,0
DA:9,3
DA:10,3
DA:12,3
DA:15,3
DA:18,3
DA:19,6
DA:20,1
DA:23,5
DA:24,1
DA:27,4
DA:28,4
DA:29,1
DA:32,3
DA:33,0
DA:36,3
DA:37,1
DA:39,1
DA:40,0
DA:44,3
LF:22
LH:19
BRDA:5,0,0,0
BRDA:5,0,1,3
BRDA:19,1,0,1
BRDA:19,1,1,5
BRDA:23,2,0,1
BRDA:23,2,1,4
BRDA:27,3,0,4
BRDA:27,3,1,4
BRDA:28,4,0,1
BRDA:28,4,1,3
BRDA:32,5,0,0
BRDA:32,5,1,3
BRDA:32,6,0,3
BRDA:32,6,1,0
BRDA:36,7,0,1
BRDA:36,7,1,2
BRDA:39,8,0,0
BRDA:39,8,1,1
BRDA:39,9,0,1
BRDA:39,9,1,1
BRF:20
BRH:16
end_of_record
TN:
SF:src/risk/capitalBuckets.ts
FN:21,(anonymous_0)
FN:23,(anonymous_1)
FN:30,(anonymous_2)
FN:36,(anonymous_3)
FN:40,(anonymous_4)
FNF:5
FNH:5
FNDA:1,(anonymous_0)
FNDA:1,(anonymous_1)
FNDA:3,(anonymous_2)
FNDA:1,(anonymous_3)
FNDA:1,(anonymous_4)
DA:7,1
DA:10,1
DA:17,1
DA:18,1
DA:19,1
DA:24,1
DA:25,1
DA:27,1
DA:31,3
DA:32,3
DA:33,3
DA:37,1
DA:41,1
DA:45,1
LF:14
LH:14
BRDA:24,0,0,1
BRDA:24,0,1,0
BRF:2
BRH:1
end_of_record
TN:
SF:src/sync/changeAnalyzer.ts
FN:11,analyzeChanges
FN:12,(anonymous_1)
FNF:2
FNH:2
FNDA:1,analyzeChanges
FNDA:1,(anonymous_1)
DA:1,1
DA:3,1
DA:11,1
DA:12,1
DA:14,1
DA:26,1
DA:27,1
DA:37,1
DA:39,1
DA:40,1
DA:46,0
LF:11
LH:10
BRDA:37,0,0,1
BRDA:37,0,1,0
BRDA:41,1,0,1
BRDA:41,1,1,0
BRDA:43,2,0,1
BRDA:43,2,1,0
BRF:6
BRH:3
end_of_record
TN:
SF:src/sync/githubFetcher.ts
FN:9,fetchGithubUpstreamDiff
FNF:1
FNH:1
FNDA:1,fetchGithubUpstreamDiff
DA:1,1
DA:9,1
DA:10,1
DA:14,1
LF:4
LH:4
BRF:0
BRH:0
end_of_record
TN:
SF:src/sync/planGenerator.ts
FN:11,generateUpdatePlan
FNF:1
FNH:1
FNDA:1,generateUpdatePlan
DA:1,1
DA:3,1
DA:11,1
DA:12,1
DA:22,1
DA:23,1
DA:33,1
DA:34,1
DA:36,1
DA:42,0
LF:10
LH:9
BRDA:33,0,0,1
BRDA:33,0,1,0
BRDA:37,1,0,1
BRDA:37,1,1,0
BRDA:38,2,0,1
BRDA:38,2,1,0
BRDA:39,3,0,1
BRDA:39,3,1,0
BRF:8
BRH:4
end_of_record
TN:
SF:src/sync/snapshotManager.ts
FN:12,(anonymous_9)
FN:17,(anonymous_10)
FN:26,(anonymous_11)
FN:31,(anonymous_12)
FNF:4
FNH:4
FNDA:2,(anonymous_9)
FNDA:2,(anonymous_10)
FNDA:2,(anonymous_11)
FNDA:2,(anonymous_12)
DA:1,1
DA:2,1
DA:9,1
DA:13,2
DA:14,2
DA:18,2
DA:19,1
DA:27,2
DA:28,2
DA:32,2
LF:10
LH:10
BRDA:12,0,0,0
BRDA:18,1,0,1
BRDA:18,1,1,1
BRF:3
BRH:2
end_of_record
TN:
SF:src/telegram/bot.ts
FN:12,(anonymous_0)
FN:16,(anonymous_1)
FNF:2
FNH:2
FNDA:1,(anonymous_0)
FNDA:4,(anonymous_1)
DA:1,2
DA:2,2
DA:3,2
DA:7,2
DA:13,1
DA:17,4
DA:18,4
DA:20,4
DA:21,4
DA:23,1
DA:25,1
DA:26,1
DA:28,0
DA:29,0
DA:31,0
DA:33,0
DA:35,0
DA:38,2
DA:41,0
LF:19
LH:13
BRDA:21,0,0,1
BRDA:21,0,1,1
BRDA:21,0,2,0
BRDA:21,0,3,0
BRDA:21,0,4,0
BRDA:21,0,5,2
BRF:6
BRH:3
end_of_record
TN:
SF:src/telegram/formatter.ts
FN:1,formatStatus
FN:10,formatEmergencyStatus
FN:14,formatKeysExportAuthFail
FN:18,formatSuccess
FNF:4
FNH:2
FNDA:1,formatStatus
FNDA:0,formatEmergencyStatus
FNDA:0,formatKeysExportAuthFail
FNDA:1,formatSuccess
DA:1,2
DA:2,1
DA:3,1
DA:10,2
DA:11,0
DA:14,2
DA:15,0
DA:18,2
DA:19,1
LF:9
LH:7
BRDA:2,0,0,0
BRDA:2,0,1,1
BRF:2
BRH:1
end_of_record
TN:
SF:src/utils/sanitizer.ts
FN:5,sanitizeForPrompt
FN:12,sanitizeMemories
FN:13,(anonymous_2)
FNF:3
FNH:1
FNDA:0,sanitizeForPrompt
FNDA:4,sanitizeMemories
FNDA:0,(anonymous_2)
DA:5,3
DA:6,0
DA:9,0
DA:12,3
DA:13,4
LF:5
LH:3
BRDA:6,0,0,0
BRDA:6,0,1,0
BRF:2
BRH:0
end_of_record
